
Log started (V12.10.0.0) Wed Sep 30 16:11:28 2020


Problem '/var/folders/wb/6pm8s60x797b47qg789x82sc0000gn/T/302f890ce79b49f7b8c2714c60e51c24-pulp.lp' read.
Read time = 0.01 sec. (0.64 ticks)
Version identifier: 12.10.0.0 | 2019-11-26 | 843d4de
Tried aggregator 2 times.
MIP Presolve eliminated 3009 rows and 1248 columns.
MIP Presolve modified 1746 coefficients.
Aggregator did 300 substitutions.
Reduced MIP has 4281 rows, 1650 columns, and 13350 nonzeros.
Reduced MIP has 1650 binaries, 0 generals, 0 SOSs, and 0 indicators.
Presolve time = 0.02 sec. (23.32 ticks)
Found incumbent of value 19730.795326 after 0.05 sec. (39.98 ticks)
Probing time = 0.01 sec. (4.98 ticks)
Tried aggregator 1 time.
Detecting symmetries...
Reduced MIP has 4281 rows, 1650 columns, and 13350 nonzeros.
Reduced MIP has 1650 binaries, 0 generals, 0 SOSs, and 0 indicators.
Presolve time = 0.01 sec. (10.79 ticks)
Probing time = 0.01 sec. (4.90 ticks)
Clique table members: 7880.
MIP emphasis: balance optimality and feasibility.
MIP search method: dynamic search.
Parallel mode: deterministic, using up to 8 threads.
Root relaxation solution time = 0.05 sec. (39.73 ticks)

        Nodes                                         Cuts/
   Node  Left     Objective  IInf  Best Integer    Best Bound    ItCnt     Gap

*     0+    0                        19730.7953        0.0000           100.00%
*     0+    0                        18540.1233        0.0000           100.00%
*     0+    0                        16864.1828        0.0000           100.00%
      0     0        0.0000   149    16864.1828        0.0000      455  100.00%
*     0+    0                        14698.1887        0.0000           100.00%
      0     0        0.0000   149    14698.1887   ZeroHalf: 1      465  100.00%
      0     0        0.0000   149    14698.1887     Cuts: 225      756  100.00%
*     0+    0                        13900.0622        0.0000           100.00%
      0     0        0.0000   149    13900.0622       Cuts: 6      841  100.00%
      0     0        0.0000   149    13900.0622     Cuts: 171     1193  100.00%
Detecting symmetries...
      0     2        0.0000   115    13900.0622        0.0000     1193  100.00%
Elapsed time = 3.12 sec. (2825.41 ticks, tree = 0.02 MB, solutions = 5)
     11    12      683.4047   128    13900.0622        0.0000     6006  100.00%
     57    33        0.0000   138    13900.0622        0.0000    12909  100.00%
    140   103     6699.8497    80    13900.0622        0.0000    32212  100.00%
    221   177     2363.3165   120    13900.0622        0.0000    45495  100.00%
    277   238     7170.6073    84    13900.0622        0.0000    58455  100.00%
    333   301     6909.7044    78    13900.0622        0.0000    74272  100.00%
    417   356     5861.2381    73    13900.0622        0.0000    89658  100.00%
*   429+  355                        13809.5152        0.0000           100.00%
    517   450     2384.1248   120    13809.5152        0.0000   109577  100.00%
    621   489       69.9590   154    13809.5152        0.0000   119860  100.00%
*   938+  663                        13200.3953        0.0000           100.00%
   1033   786     5062.5113    73    13200.3953        0.0000   180703  100.00%
Elapsed time = 7.66 sec. (5976.82 ticks, tree = 1.24 MB, solutions = 7)
   1463  1145     4299.6412    90    13200.3953        0.0000   265041  100.00%
   2009  1560      419.0391   121    13200.3953        0.0000   344666  100.00%
   2485  2029    10880.2518    86    13200.3953        0.0000   434373  100.00%
   2962  2467     1985.0547   130    13200.3953        0.0000   508727  100.00%

Performing restart 1

Repeating presolve.
Tried aggregator 1 time.
Reduced MIP has 4281 rows, 1650 columns, and 13350 nonzeros.
Reduced MIP has 1650 binaries, 0 generals, 0 SOSs, and 0 indicators.
Presolve time = 0.01 sec. (8.95 ticks)
Tried aggregator 1 time.
Reduced MIP has 4281 rows, 1650 columns, and 13350 nonzeros.
Reduced MIP has 1650 binaries, 0 generals, 0 SOSs, and 0 indicators.
Presolve time = 0.01 sec. (11.13 ticks)
Represolve time = 0.12 sec. (90.91 ticks)
   3286     0        0.0000   151    13200.3953   ZeroHalf: 3   581342   99.48%
   3286     0        0.0000   151    13200.3953     Cuts: 201   581937   99.48%
Advanced basis not built.
Advanced basis not built.

Zero-half cuts applied:  11

Root node processing (before b&c):
  Real time             =    3.10 sec. (2823.91 ticks)
Parallel b&c, 8 threads:
  Real time             =   12.96 sec. (9125.04 ticks)
  Sync time (average)   =    1.33 sec.
  Wait time (average)   =    0.00 sec.
                          ------------
Total (root+branch&cut) =   16.06 sec. (11948.95 ticks)

Solution pool: 7 solutions saved.

MIP - Aborted, integer feasible:  Objective =  1.3200395319e+04
Current MIP best bound =  6.8693919807e+01 (gap = 13131.7, 99.48%)
Solution time =   16.06 sec.  Iterations = 581937  Nodes = 3286 (1)
Deterministic time = 11948.96 ticks  (744.02 ticks/sec)

MILP problem relaxed to LP with fixed integer variables using
incumbent solution.
Version identifier: 12.10.0.0 | 2019-11-26 | 843d4de
Parallel mode: deterministic, using up to 8 threads for concurrent optimization:
 * Starting dual Simplex on 1 thread...
 * Starting Barrier on 6 threads...
 * Starting primal Simplex on 1 thread...
Tried aggregator 1 time.
LP Presolve eliminated 7596 rows and 3198 columns.
All rows and columns eliminated.
Presolve time = 0.00 sec. (2.62 ticks)

Dual simplex solved model.


Dual simplex - Optimal:  Objective =  1.3200395319e+04
Solution time =    0.01 sec.  Iterations = 0 (0)
Deterministic time = 5.06 ticks  (493.64 ticks/sec)


Solution written to file '/var/folders/wb/6pm8s60x797b47qg789x82sc0000gn/T/302f890ce79b49f7b8c2714c60e51c24-pulp.sol'.

Log started (V12.10.0.0) Wed Sep 30 16:11:49 2020


Problem '/var/folders/wb/6pm8s60x797b47qg789x82sc0000gn/T/7c3c1f977ee74d2babce8aec8a688e32-pulp.lp' read.
Read time = 0.01 sec. (0.64 ticks)
Version identifier: 12.10.0.0 | 2019-11-26 | 843d4de
Tried aggregator 2 times.
MIP Presolve eliminated 3009 rows and 1248 columns.
MIP Presolve modified 1746 coefficients.
Aggregator did 300 substitutions.
Reduced MIP has 4281 rows, 1650 columns, and 13350 nonzeros.
Reduced MIP has 1650 binaries, 0 generals, 0 SOSs, and 0 indicators.
Presolve time = 0.02 sec. (23.32 ticks)
Found incumbent of value 19730.795326 after 0.04 sec. (39.98 ticks)
Probing time = 0.01 sec. (4.98 ticks)
Tried aggregator 1 time.
Detecting symmetries...
Reduced MIP has 4281 rows, 1650 columns, and 13350 nonzeros.
Reduced MIP has 1650 binaries, 0 generals, 0 SOSs, and 0 indicators.
Presolve time = 0.01 sec. (10.79 ticks)
Probing time = 0.01 sec. (4.90 ticks)
Clique table members: 7880.
MIP emphasis: balance optimality and feasibility.
MIP search method: dynamic search.
Parallel mode: deterministic, using up to 8 threads.
Root relaxation solution time = 0.05 sec. (39.73 ticks)

        Nodes                                         Cuts/
   Node  Left     Objective  IInf  Best Integer    Best Bound    ItCnt     Gap

*     0+    0                        19730.7953        0.0000           100.00%
*     0+    0                        18540.1233        0.0000           100.00%
*     0+    0                        16864.1828        0.0000           100.00%
      0     0        0.0000   149    16864.1828        0.0000      455  100.00%
*     0+    0                        14698.1887        0.0000           100.00%
      0     0        0.0000   149    14698.1887   ZeroHalf: 1      465  100.00%
      0     0        0.0000   149    14698.1887     Cuts: 225      756  100.00%
*     0+    0                        13900.0622        0.0000           100.00%
      0     0        0.0000   149    13900.0622       Cuts: 6      841  100.00%
      0     0        0.0000   149    13900.0622     Cuts: 171     1193  100.00%
Detecting symmetries...
      0     2        0.0000   115    13900.0622        0.0000     1193  100.00%
Elapsed time = 3.07 sec. (2825.41 ticks, tree = 0.02 MB, solutions = 5)
     11    12      683.4047   128    13900.0622        0.0000     6006  100.00%
     57    33        0.0000   138    13900.0622        0.0000    12909  100.00%
    140   103     6699.8497    80    13900.0622        0.0000    32212  100.00%
    221   177     2363.3165   120    13900.0622        0.0000    45495  100.00%
    277   238     7170.6073    84    13900.0622        0.0000    58455  100.00%
    333   301     6909.7044    78    13900.0622        0.0000    74272  100.00%
    417   356     5861.2381    73    13900.0622        0.0000    89658  100.00%
*   429+  355                        13809.5152        0.0000           100.00%
    517   450     2384.1248   120    13809.5152        0.0000   109577  100.00%
    621   489       69.9590   154    13809.5152        0.0000   119860  100.00%
*   938+  663                        13200.3953        0.0000           100.00%
   1033   786     5062.5113    73    13200.3953        0.0000   180703  100.00%
Elapsed time = 8.08 sec. (5976.82 ticks, tree = 1.24 MB, solutions = 7)
   1463  1145     4299.6412    90    13200.3953        0.0000   265041  100.00%
   2009  1560      419.0391   121    13200.3953        0.0000   344666  100.00%
   2485  2029    10880.2518    86    13200.3953        0.0000   434373  100.00%
   2962  2467     1985.0547   130    13200.3953        0.0000   508727  100.00%

Performing restart 1

Repeating presolve.
Tried aggregator 1 time.
Reduced MIP has 4281 rows, 1650 columns, and 13350 nonzeros.
Reduced MIP has 1650 binaries, 0 generals, 0 SOSs, and 0 indicators.
Presolve time = 0.01 sec. (8.95 ticks)
Tried aggregator 1 time.
Reduced MIP has 4281 rows, 1650 columns, and 13350 nonzeros.
Reduced MIP has 1650 binaries, 0 generals, 0 SOSs, and 0 indicators.
Presolve time = 0.01 sec. (11.13 ticks)
Represolve time = 0.11 sec. (90.91 ticks)
   3286     0        0.0000   151    13200.3953   ZeroHalf: 3   581342   99.48%
   3286     0        0.0000   151    13200.3953     Cuts: 201   581937   99.48%
   3286     0        0.0000   151    13200.3953      Cuts: 15   582115   99.48%
   3286     0        0.0000   151    13200.3953     Cuts: 153   582465   99.48%
   3286     0        0.0000   151    13200.3953       Cuts: 4   582525   99.48%
   3286     0        0.0000   151    13200.3953     Cuts: 182   582840   99.48%
   3286     0        0.0000   151    13200.3953       Cuts: 7   582993   99.48%
   3286     0        0.0000   151    13200.3953     Cuts: 218   583349   99.48%
   3286     2        0.0000   128    13200.3953       68.6939   583349   99.48%
   3294     8        0.0000   125    13200.3953       68.6939   586299   99.48%
   3370    74     1090.9200   145    13200.3953       68.6939   608670   99.48%
   3537   195     2211.9695   132    13200.3953       68.6939   637718   99.48%
   3794   422     1596.6472   124    13200.3953       68.6939   686825   99.48%
   4095   639     1067.0377   122    13200.3953       68.6939   728349   99.48%
Elapsed time = 28.57 sec. (20317.14 ticks, tree = 2.77 MB, solutions = 7)
   4415   867     3986.2129   105    13200.3953       68.6939   783163   99.48%
   4614  1185     4060.1786   105    13200.3953       68.6939   840463   99.48%
   5176  1600     6098.8927    97    13200.3953       68.6939   895669   99.48%
   5705  2071     2378.5253   133    13200.3953       68.6939   958383   99.48%
   6033  2500     2515.1205   119    13200.3953       68.6939  1012815   99.48%
   6536  2769      654.0412   144    13200.3953       68.6939  1058446   99.48%
   6769  3053      673.7054   144    13200.3953       68.6939  1109125   99.48%
   7194  3261     1287.2165   138    13200.3953       68.6939  1145988   99.48%

Performing restart 2

Repeating presolve.
Tried aggregator 1 time.
MIP Presolve eliminated 4 rows and 0 columns.
MIP Presolve modified 1608 coefficients.
Reduced MIP has 4277 rows, 1650 columns, and 15217 nonzeros.
Reduced MIP has 1650 binaries, 0 generals, 0 SOSs, and 0 indicators.
Presolve time = 0.02 sec. (16.88 ticks)
Tried aggregator 1 time.
Reduced MIP has 4277 rows, 1650 columns, and 15217 nonzeros.
Reduced MIP has 1650 binaries, 0 generals, 0 SOSs, and 0 indicators.
Presolve time = 0.01 sec. (11.74 ticks)
Represolve time = 0.22 sec. (154.63 ticks)
   7510     0        0.0000   149    13200.3953      Cuts: 14  1224088   99.36%
   7510     0        0.0000   149    13200.3953     Cuts: 211  1224593   99.36%
   7510     0        0.0000   149    13200.3953   ZeroHalf: 5  1224797   99.36%
   7510     0        0.0000   149    13200.3953     Cuts: 254  1225272   99.36%
   7510     0        0.0000   149    13200.3953  ZeroHalf: 10  1225382   99.36%
   7510     0        0.0000   149    13200.3953     Cuts: 225  1225875   99.36%
   7510     0        0.0000   149    13200.3953   ZeroHalf: 4  1226005   99.36%
   7510     0        0.0000   149    13200.3953     Cuts: 246  1226637   99.36%
   7510     0        0.0000   149    13200.3953      Cuts: 18  1226767   99.36%
   7510     0        0.0000   149    13200.3953     Cuts: 242  1227246   99.36%
   7510     0        0.0000   149    13200.3953  ZeroHalf: 12  1227407   99.36%
   7510     2        0.0000   130    13200.3953       84.0800  1227407   99.36%
   7569    41     2175.1115   121    13200.3953       84.0800  1252694   99.36%
Elapsed time = 56.93 sec. (38006.56 ticks, tree = 0.03 MB, solutions = 7)
   7771   181     1763.6230   133    13200.3953       84.0800  1291552   99.36%
   8025   368    12872.7918    52    13200.3953       84.0800  1331011   99.36%
   8246   596     1001.3632   108    13200.3953       84.0800  1372645   99.36%
   8551   816      317.4034   119    13200.3953       84.0800  1425596   99.36%
   8915  1076     1592.1503   131    13200.3953       84.0800  1470011   99.36%
   9180  1419      433.7227   113    13200.3953       84.0800  1517481   99.36%
   9448  1645     9032.7651    92    13200.3953       84.0800  1556345   99.36%
   9768  1867     4628.2182   121    13200.3953       84.0800  1595261   99.36%
  10177  2227     2543.7452   104    13200.3953       84.0800  1654101   99.36%
  10523  2557    11089.6798   106    13200.3953       84.0800  1710122   99.36%
Elapsed time = 71.63 sec. (47575.25 ticks, tree = 70.20 MB, solutions = 7)
  10857  2782     3260.7744   116    13200.3953       98.8259  1749025   99.25%
  11354  3056        cutoff          13200.3953      121.5932  1789381   99.08%
  11704  3497    13198.3536    86    13200.3953      137.3878  1845835   98.96%
  12216  3858     3303.1190   128    13200.3953      162.8698  1896454   98.77%
  12707  4239     1620.1759   151    13200.3953      263.5332  1943515   98.00%
  13055  4566     3066.5792   137    13200.3953      269.1084  1988541   97.96%
  13630  4964    13079.4514    81    13200.3953      273.4504  2036662   97.93%
  14021  5335     9525.9292   107    13200.3953      286.9906  2084297   97.83%
  14472  5720    11364.6822    73    13200.3953      292.9415  2128044   97.78%
  15048  6188     3902.7490   122    13200.3953      331.5690  2185446   97.49%
Elapsed time = 86.56 sec. (57129.45 ticks, tree = 186.73 MB, solutions = 7)
  15562  6458     2232.6680   131    13200.3953      396.1161  2214227   97.00%
  16023  6845     4632.8451   116    13200.3953      423.2134  2269521   96.79%
  16486  7258     4159.0290   113    13200.3953      431.5971  2318226   96.73%
  16939  7683      951.3105   122    13200.3953      444.9024  2376889   96.63%
  17340  8017     1482.9434   123    13200.3953      448.9358  2423315   96.60%
  17615  8360     4675.4248   113    13200.3953      448.9358  2471930   96.60%
  18142  8715     2896.9000   119    13200.3953      448.9358  2521586   96.60%
  18661  8924     1155.0286   140    13200.3953      456.1934  2549803   96.54%
  19111  9498     7034.4675    98    13200.3953      458.7492  2627156   96.52%
  19515  9831     1004.7410   136    13200.3953      462.2749  2676997   96.50%
Elapsed time = 100.92 sec. (66688.15 ticks, tree = 310.34 MB, solutions = 7)
  19777 10088     9824.1592    67    13200.3953      463.3547  2715534   96.49%
  20234 10342     9821.2328    84    13200.3953      465.0103  2753022   96.48%
  20783 10940     8953.0839    77    13200.3953      471.5320  2835511   96.43%
  21274 11174     7189.1806   104    13200.3953      480.4208  2866916   96.36%
  21697 11631     1724.2445   117    13200.3953      493.0954  2929777   96.26%
  21935 12085     3984.2663   141    13200.3953      496.4334  2995793   96.24%
  22375 12289     4575.1117   118    13200.3953      501.1230  3027578   96.20%
  22841 12558     1503.8200   126    13200.3953      504.9151  3067266   96.18%
  23339 13067        cutoff          13200.3953      516.0758  3138785   96.09%
  23674 13314     9456.4629   106    13200.3953      516.8920  3178185   96.08%
Elapsed time = 115.31 sec. (76248.83 ticks, tree = 385.52 MB, solutions = 7)
  23950 13634     2609.2798   135    13200.3953      527.2333  3233967   96.01%
  24290 13862     3857.8857   124    13200.3953      527.8920  3272215   96.00%
  24769 14218     4812.7150   133    13200.3953      538.0951  3318993   95.92%
  25358 14477     6328.5151   103    13200.3953      546.6505  3354896   95.86%
  25881 15120        cutoff          13200.3953      550.1865  3438446   95.83%
  26394 15557     3441.7225   141    13200.3953      566.8528  3497433   95.71%
  26899 16001     1385.3135   128    13200.3953      577.5321  3555316   95.62%
  27198 16476     4523.5474   118    13200.3953      591.7107  3619450   95.52%
  27486 16686     1734.3857   146    13200.3953      602.0619  3653927   95.44%
  27824 16796     1292.1359   153    13200.3953      607.3848  3668070   95.40%
Elapsed time = 129.81 sec. (85809.78 ticks, tree = 485.37 MB, solutions = 7)
* 28165+17028                        13138.2418      608.2957            95.37%
  28257 17074     1004.1556   139    13138.2418      608.2957  3717947   95.37%
  28594 17570     6382.8451   106    13138.2418      619.6974  3797997   95.28%
  29117 17726     1325.8733   138    13138.2418      625.6908  3818186   95.24%
  29589 18200     6809.9266   122    13138.2418      629.9479  3888589   95.21%
  29984 18596    10228.4274    79    13138.2418      630.7812  3942990   95.20%
  30264 19057     1923.8179   133    13138.2418      641.7181  4006152   95.12%
  30613 19173    10292.5004    82    13138.2418      653.5001  4021251   95.03%
  31180 19357     7127.3954    84    13138.2418      662.5030  4055914   94.96%
  31754 19593     6425.3634   120    13138.2418      664.0584  4091754   94.95%
  32257 20392     5160.8099   120    13138.2418      672.4354  4218563   94.88%
Elapsed time = 144.34 sec. (95377.80 ticks, tree = 552.87 MB, solutions = 8)
  32699 20916    10256.7121   109    13138.2418      678.6552  4315428   94.83%
  33132 21084        cutoff          13138.2418      683.4047  4351138   94.80%
  33401 21268      898.3944   142    13138.2418      689.6907  4393540   94.75%
  33596 21787     2128.3683   133    13138.2418      692.4994  4522864   94.73%
  33897 21985    12844.2882    75    13138.2418      694.2906  4556480   94.72%
  34372 22343    10907.3567    55    13138.2418      694.5957  4620000   94.71%
  34842 22371     4460.4762   115    13138.2418      695.1495  4627021   94.71%
  35371 22971     2330.6186   116    13138.2418      697.5510  4715006   94.69%
  35886 23024     7596.1092   122    13138.2418      701.4929  4722358   94.66%
* 37653 24599      integral     0    12665.4179      737.7018  4926478   94.18%
  37661 24923     2474.7909   141    12665.4179      737.7018  4967286   94.18%
Elapsed time = 164.48 sec. (107793.96 ticks, tree = 617.97 MB, solutions = 9)
  39607 25670     9787.0804   104    12665.4179      757.8035  5078441   94.02%
  41742 28120     8319.5225   106    12665.4179      813.5347  5401175   93.58%
  43202 29243     7604.8948   114    12665.4179      849.3678  5538993   93.29%
  45310 30400     6508.5268   109    12665.4179      881.2832  5692487   93.04%
  47212 32223        cutoff          12665.4179      917.7142  5932726   92.75%
  48853 33361     2038.3506   120    12665.4179      954.6497  6076266   92.46%
  51238 34947    12064.5898    99    12665.4179      975.4895  6283106   92.30%
  53092 36607     3637.6918   110    12665.4179     1002.0174  6485121   92.09%
  54789 38466     3800.2363   134    12665.4179     1027.9038  6714453   91.88%
  56812 39798     3118.6347   118    12665.4179     1048.1439  6890738   91.72%
Elapsed time = 228.31 sec. (145959.47 ticks, tree = 987.47 MB, solutions = 9)
  58369 41803     4952.5833   139    12665.4179     1071.8557  7155745   91.54%
  60329 42199     6685.7177    84    12665.4179     1094.9456  7207656   91.35%
  62370 44581    11357.9202    97    12665.4179     1107.5988  7497211   91.25%
  63647 45814     2455.5015   109    12665.4179     1134.3103  7667945   91.04%
  65851 47333        cutoff          12665.4179     1145.8918  7855969   90.95%
* 66897+48313                        12493.2393     1152.0307            90.78%
  67946 48877     9346.7999   108    12493.2393     1161.4930  8064217   90.70%
  69240 50230     3782.2260   138    12493.2393     1181.9414  8250024   90.54%
  71379 51147     8834.7955    81    12493.2393     1196.6492  8364937   90.42%
  73294 53620     4729.6550   126    12493.2393     1213.9670  8679555   90.28%
  74688 54825     7664.3445   121    12493.2393     1227.8654  8842886   90.17%
Elapsed time = 292.46 sec. (184119.99 ticks, tree = 1348.89 MB, solutions = 10)
  76861 55897     2600.3317   143    12493.2393     1240.2054  8980094   90.07%
  78922 57970     8326.6083   110    12493.2393     1252.2534  9251834   89.98%
  80219 59051     8185.0034   115    12493.2393     1269.6439  9388066   89.84%
  82378 60398     7784.9752    85    12493.2393     1285.2653  9562348   89.71%
  84543 62372     7432.6880   125    12493.2393     1300.2686  9796442   89.59%
  85725 63742     5121.8487   116    12493.2393     1317.8242  9979950   89.45%
  88110 65284     7359.2006   100    12493.2393     1331.6704 10160233   89.34%
  90230 66658     7703.2328   118    12493.2393     1349.7579 10328439   89.20%
  91758 68418     2986.9266   132    12493.2393     1367.2613 10537639   89.06%
  94111 70022     4684.6524   105    12493.2393     1377.8450 10731680   88.97%
Elapsed time = 355.95 sec. (222284.93 ticks, tree = 1780.25 MB, solutions = 10)
  96362 71383     5232.6357    94    12493.2393     1393.4198 10898133   88.85%
  97719 73528    11623.7980    89    12493.2393     1409.6603 11158070   88.72%
  99768 74581        cutoff          12493.2393     1424.5167 11285589   88.60%
 102148 76770    11561.6606    60    12493.2393     1437.6323 11556531   88.49%
 103655 78156     3706.8759   130    12493.2393     1456.4931 11731472   88.34%
 105534 79125        cutoff          12493.2393     1472.1612 11853151   88.22%
 107732 80801     5431.6561   128    12493.2393     1480.1421 12071291   88.15%
 109354 82738     2526.1492   115    12493.2393     1498.0327 12301497   88.01%
 111150 83466     6243.8456   149    12493.2393     1512.7444 12390051   87.89%
 113401 85687    11774.3265   116    12493.2393     1519.2112 12659513   87.84%
Elapsed time = 418.78 sec. (260448.75 ticks, tree = 2153.97 MB, solutions = 10)
Nodefile size = 102.51 MB (84.30 MB after compression)
 115137 86808     5682.8851   124    12493.2393     1532.2618 12796191   87.74%
 117027 88129     8258.6103   125    12493.2393     1551.7234 12953764   87.58%
 119344 90046     9759.8326   102    12493.2393     1560.9061 13168808   87.51%
 121058 91569     8063.9926   102    12493.2393     1575.8088 13345682   87.39%
 122741 92888    11919.6417    88    12493.2393     1592.0038 13516676   87.26%
 124972 94576    11712.2788    68    12493.2393     1599.5116 13716693   87.20%
 126853 96050     9887.1915    87    12493.2393     1612.7333 13898890   87.09%
 128556 97817    11748.4116    79    12493.2393     1626.2470 14099623   86.98%
 130869 99320    11099.0720    62    12493.2393     1634.4594 14267738   86.92%
 132521 100868     5694.1742   118    12493.2393     1645.6853 14464385   86.83%
Elapsed time = 487.32 sec. (298633.63 ticks, tree = 2560.70 MB, solutions = 10)
Nodefile size = 508.40 MB (417.43 MB after compression)
 134176 102331    11614.0938    51    12493.2393     1658.4813 14643458   86.72%
 136352 104153     3672.6174   110    12493.2393     1663.6194 14865907   86.68%
 138456 105269    11999.1361    70    12493.2393     1674.4551 15010546   86.60%
 139824 106816     4739.9012   131    12493.2393     1688.6531 15205938   86.48%
 141938 107985    11578.2352    95    12493.2393     1698.5284 15342850   86.40%
 144183 109588     3339.2942   138    12493.2393     1705.6061 15532893   86.35%
 146137 111405     2832.9304   123    12493.2393     1717.1143 15746601   86.26%
 147612 112884     4375.3675   122    12493.2393     1729.7631 15927544   86.15%
 149752 114227        cutoff          12493.2393     1738.2070 16088208   86.09%
 151996 116257        cutoff          12493.2393     1745.9074 16340654   86.03%
Elapsed time = 556.42 sec. (336792.09 ticks, tree = 2963.86 MB, solutions = 10)
Nodefile size = 909.18 MB (746.07 MB after compression)
 153297 117918     8266.8010    98    12493.2393     1756.6129 16543793   85.94%
 155457 118983     9210.1565   119    12493.2393     1764.8409 16663100   85.87%
 157640 121166     8863.0935    71    12493.2393     1772.7262 16928727   85.81%
 159067 122282    10548.2535    93    12493.2393     1784.0148 17067554   85.72%
 161083 123174     1979.7767   135    12493.2393     1793.9710 17168790   85.64%
 163252 125147    11012.7774    90    12493.2393     1800.0219 17402280   85.59%
 164704 127156     5754.5971   124    12493.2393     1811.2089 17663602   85.50%
 166687 127611     5204.3435   127    12493.2393     1819.8302 17724568   85.43%
 169014 129867     4902.4663   129    12493.2393     1825.3382 17981795   85.39%
 171056 131282     4204.3547   137    12493.2393     1837.3942 18143673   85.29%
Elapsed time = 627.65 sec. (374965.60 ticks, tree = 3372.99 MB, solutions = 10)
Nodefile size = 1321.78 MB (1084.25 MB after compression)
 172419 132900    10834.8805   109    12493.2393     1848.5708 18343355   85.20%
 174710 134237    10702.8535    78    12493.2393     1856.1554 18497241   85.14%
 177037 136124    10171.9716   120    12493.2393     1863.1863 18711267   85.09%
 178793 138035     4999.0117   119    12493.2393     1873.6741 18938089   85.00%
 180347 138833    10945.1314    97    12493.2393     1884.1239 19037252   84.92%
 182743 140975     6522.9180   112    12493.2393     1890.0296 19274419   84.87%
 184735 142865     4753.0323   112    12493.2393     1898.3461 19505917   84.81%
 186164 143566     5351.2832   127    12493.2393     1908.9656 19593888   84.72%
 188475 144642     4258.5851   136    12493.2393     1915.4181 19716792   84.67%
*190105 146627      integral     0    12192.1806     1919.2775 19936109   84.26%
 190629 147056     4554.4792   156    12192.1806     1922.1197 19993136   84.23%
Elapsed time = 701.51 sec. (413129.90 ticks, tree = 3817.61 MB, solutions = 11)
Nodefile size = 1765.64 MB (1447.53 MB after compression)
 192065 148116     8804.2266    91    12192.1806     1932.0330 20175180   84.15%
 194153 149843     6559.7685   115    12192.1806     1939.2474 20374160   84.09%
 196516 151323     7486.8176   124    12192.1806     1943.6065 20538405   84.06%
 198211 153273     9431.6868   105    12192.1806     1954.7457 20773361   83.97%
 199761 153887        cutoff          12192.1806     1963.3112 20854808   83.90%
 202058 155185     5323.4755   139    12192.1806     1968.1782 21006040   83.86%
 204297 157574     4842.2451   114    12192.1806     1974.5088 21276848   83.81%
 205657 158502     5796.0833   100    12192.1806     1985.0638 21403535   83.72%
 207718 159492     9531.3558    72    12192.1806     1992.6491 21526453   83.66%
 209822 161360     4547.9206   132    12192.1806     1997.9407 21749192   83.61%
Elapsed time = 775.81 sec. (451290.80 ticks, tree = 4198.24 MB, solutions = 11)
Nodefile size = 2146.49 MB (1758.15 MB after compression)
 211047 163064     6447.9886   122    12192.1806     2006.8937 21963703   83.54%
 213230 164227     6987.8249   125    12192.1806     2013.6550 22108741   83.48%
 215404 165796     3259.1303   133    12192.1806     2018.7805 22279823   83.44%
 216792 167714     4581.3037   139    12192.1806     2026.5505 22523944   83.38%
 218779 168729     5796.1865   119    12192.1806     2035.6262 22647288   83.30%
 221217 170243     5823.9431   112    12192.1806     2039.9936 22821507   83.27%
 223305 172157     5689.3161   126    12192.1806     2048.0052 23046644   83.20%
 224569 173455        cutoff          12192.1806     2056.3540 23207686   83.13%
 226606 174308     6557.4598   111    12192.1806     2062.4691 23309077   83.08%
 228967 176741     8485.6565    71    12192.1806     2068.1934 23578616   83.04%
Elapsed time = 839.46 sec. (489452.80 ticks, tree = 4608.34 MB, solutions = 11)
Nodefile size = 2554.50 MB (2091.70 MB after compression)
 230647 178616     4505.7094   125    12192.1806     2074.0409 23791067   82.99%
*231288+178749                        12186.1601     2079.0851            82.94%
 232289 179309     4987.4172   108    12186.1601     2083.0879 23877065   82.91%
 234588 181402     7742.0969    95    12186.1601     2087.8681 24130082   82.87%
 236918 181914     5352.1201   122    12186.1601     2092.2430 24184594   82.83%
 238095 184434     5353.2165   124    12186.1601     2101.9118 24480772   82.75%
 240313 185152     9103.6310    88    12186.1601     2109.2167 24577252   82.69%
 242744 186915     2825.2462   137    12186.1601     2112.9422 24770072   82.66%
 244334 189156     8128.5889   126    12186.1601     2120.3593 25023778   82.60%
 245902 189779     8821.6886   121    12186.1601     2126.8733 25105362   82.55%
 248264 191513     3542.0091   137    12186.1601     2134.1946 25299386   82.49%
Elapsed time = 903.12 sec. (527620.97 ticks, tree = 5003.37 MB, solutions = 12)
Nodefile size = 2948.93 MB (2413.30 MB after compression)
 250255 192963     3779.1128   137    12186.1601     2138.5490 25478494   82.45%
 251478 194683     3770.3582   127    12186.1601     2144.5200 25682309   82.40%
 253789 196237     3174.4579   139    12186.1601     2151.7088 25865324   82.34%
*254877 196367      integral     0    12177.3197     2153.1715 25878646   82.32%
 256112 197992     6013.9214   128    12177.3197     2156.2315 26060226   82.29%
 257684 199057        cutoff          12177.3197     2162.1302 26180426   82.24%
 259559 200214     9521.5720    90    12177.3197     2170.3009 26314954   82.18%
 261946 202044     5491.2171   111    12177.3197     2175.9120 26523297   82.13%
 264173 204283     5437.7337   120    12177.3197     2181.9828 26771162   82.08%
 265539 205700    11720.5458    50    12177.3197     2189.1295 26949634   82.02%
 267802 206355     4802.2615   137    12177.3197     2196.2048 27021220   81.96%
Elapsed time = 967.21 sec. (565784.08 ticks, tree = 5368.04 MB, solutions = 13)
Nodefile size = 3311.92 MB (2709.15 MB after compression)
 270132 208484     9058.1495    74    12177.3197     2200.4465 27256790   81.93%
 272100 210883     5991.6638   126    12177.3197     2207.5785 27538622   81.87%
 273576 211443    11500.9115    83    12177.3197     2214.7648 27604618   81.81%
 275926 212541     3350.1199   120    12177.3197     2222.9912 27727123   81.74%
 278175 214341    12017.5043    61    12177.3197     2226.4909 27931471   81.72%
 280115 215839     5403.6119   118    12177.3197     2233.5477 28105182   81.66%
 281628 217564     4237.2148   108    12177.3197     2239.9748 28313000   81.61%
 283912 219194     4013.2414   139    12177.3197     2246.8835 28497195   81.55%
 286347 221359     8613.9370   111    12177.3197     2251.0241 28738624   81.51%
*287766+222009                        12170.8516     2256.1451            81.46%
 288250 222524     5848.2515   132    12170.8516     2256.9541 28880429   81.46%
Elapsed time = 1034.56 sec. (603950.40 ticks, tree = 5776.54 MB, solutions = 14)
Nodefile size = 3722.47 MB (3043.19 MB after compression)
 289707 223849    11361.2007   102    12170.8516     2264.6587 29029488   81.39%
 292106 225063     4049.1904   135    12170.8516     2270.9950 29164724   81.34%
 294431 227314     7524.6557   105    12170.8516     2274.7112 29424545   81.31%
 296054 228408     5699.6288   105    12170.8516     2280.9407 29545766   81.26%
 297676 229839    10500.6353    79    12170.8516     2287.5317 29723551   81.20%
 299797 230967     9222.3788   110    12170.8516     2292.7722 29860000   81.16%
 301999 232419        cutoff          12170.8516     2295.6887 30030753   81.14%
 303155 234807     3334.7008   142    12170.8516     2303.0962 30330960   81.08%
 305251 235246     3363.8006   133    12170.8516     2306.4672 30386309   81.05%
 307728 237248     3762.1100   128    12170.8516     2311.9444 30600045   81.00%
Elapsed time = 1102.99 sec. (642107.47 ticks, tree = 6199.93 MB, solutions = 14)
Nodefile size = 4146.57 MB (3388.29 MB after compression)
 309787 238807     8655.3474   132    12170.8516     2315.7775 30768657   80.97%
 311063 240658     4888.4351    94    12170.8516     2326.1870 30990648   80.89%
 313424 241927    11154.4228    94    12170.8516     2332.0038 31132570   80.84%
 315829 243943        cutoff          12170.8516     2335.7424 31362366   80.81%
 317488 245253     6136.6769   123    12170.8516     2340.0153 31507076   80.77%
 318924 246503     7776.4645   126    12170.8516     2349.6745 31665270   80.69%
*320095+246628                        11685.8501     2351.5916            79.88%
 321231 246598     6400.5982   121    11685.8501     2354.4080 31807916   79.85%
 323493 247908        cutoff          11685.8501     2357.0845 31960417   79.83%
 324784 250277     6856.2654   101    11685.8501     2365.0951 32244020   79.76%
 326795 250953     4569.5131   114    11685.8501     2370.8015 32322672   79.71%
Elapsed time = 1171.11 sec. (680274.56 ticks, tree = 6554.17 MB, solutions = 15)
Nodefile size = 4498.40 MB (3674.36 MB after compression)
 329151 252997     9643.6143   114    11685.8501     2374.0359 32555706   79.68%
 331183 253650     4415.1864   132    11685.8501     2378.7268 32636444   79.64%
 332430 255907    11131.0639   127    11685.8501     2385.3728 32914497   79.59%
 334650 256353     4092.7560   133    11685.8501     2391.7313 32970819   79.53%
 337023 258268     8899.8848    98    11685.8501     2395.1262 33189850   79.50%
 338756 260626     2858.4468   134    11685.8501     2400.1276 33461267   79.46%
 339907 261484     8682.6625   141    11685.8501     2406.9443 33577057   79.40%
 342202 262600     4756.8711   114    11685.8501     2412.4089 33705024   79.36%
 344609 264188     3887.3161   141    11685.8501     2414.7223 33885211   79.34%
 346647 265898     9039.8249   116    11685.8501     2418.5029 34083287   79.30%
Elapsed time = 1240.35 sec. (718441.04 ticks, tree = 6978.92 MB, solutions = 15)
Nodefile size = 4926.49 MB (4022.85 MB after compression)
 347788 267700     3544.3067   135    11685.8501     2424.8290 34304473   79.25%
 349907 268285     5407.0347   122    11685.8501     2430.5971 34383094   79.20%
 352237 270416     8572.9063   119    11685.8501     2434.9043 34632253   79.16%
 354111 271986    10164.6008    60    11685.8501     2439.0046 34827886   79.13%
 355445 273445     7773.6480   116    11685.8501     2445.3672 35010020   79.07%
 357950 274209     6307.9765   108    11685.8501     2451.7392 35093670   79.02%
 360343 276941     8188.7704   112    11685.8501     2454.3430 35387440   79.00%
 362462 277895     3731.2161   165    11685.8501     2459.3871 35493267   78.95%
 363682 279577     3706.5335   101    11685.8501     2466.6875 35700739   78.89%
 365840 280591     4493.4527   101    11685.8501     2472.1221 35823473   78.85%
Elapsed time = 1310.09 sec. (756598.93 ticks, tree = 7330.45 MB, solutions = 15)
Nodefile size = 5272.53 MB (4303.59 MB after compression)
 368319 281765     8545.5207   139    11685.8501     2476.0281 35954928   78.81%
 370579 284865     2972.0447   114    11685.8501     2479.1828 36292009   78.78%
 371863 285644     6734.7654   131    11685.8501     2486.7242 36389252   78.72%
 373732 286740     5208.8644   100    11685.8501     2491.7277 36516564   78.68%
 376164 288970     5084.3461   135    11685.8501     2496.8136 36778419   78.63%
 378381 290107     5100.7157   127    11685.8501     2499.5238 36897996   78.61%
 379951 291321     8865.8915   134    11685.8501     2504.1827 37050048   78.57%

Clique cuts applied:  14
Cover cuts applied:  3
Implied bound cuts applied:  11
Mixed integer rounding cuts applied:  1
Zero-half cuts applied:  273
Lift and project cuts applied:  1
Gomory fractional cuts applied:  9

Root node processing (before b&c):
  Real time             =    3.05 sec. (2824.14 ticks)
Parallel b&c, 8 threads:
  Real time             = 1354.99 sec. (781669.84 ticks)
  Sync time (average)   =  187.30 sec.
  Wait time (average)   =    0.09 sec.
                          ------------
Total (root+branch&cut) = 1358.04 sec. (784493.98 ticks)

Solution pool: 15 solutions saved.

MIP - Aborted, integer feasible:  Objective =  1.1685850091e+04
Current MIP best bound =  2.5089887520e+03 (gap = 9176.86, 78.53%)
Solution time = 1358.04 sec.  Iterations = 37226811  Nodes = 379967 (292690)
Deterministic time = 784493.99 ticks  (577.66 ticks/sec)

MILP problem relaxed to LP with fixed integer variables using
incumbent solution.
Version identifier: 12.10.0.0 | 2019-11-26 | 843d4de
Parallel mode: deterministic, using up to 8 threads for concurrent optimization:
 * Starting dual Simplex on 1 thread...
 * Starting Barrier on 6 threads...
 * Starting primal Simplex on 1 thread...
Tried aggregator 1 time.
LP Presolve eliminated 7596 rows and 3198 columns.
All rows and columns eliminated.
Presolve time = 0.00 sec. (2.62 ticks)

Dual simplex solved model.


Dual simplex - Optimal:  Objective =  1.1685850091e+04
Solution time =    0.01 sec.  Iterations = 0 (0)
Deterministic time = 5.06 ticks  (472.44 ticks/sec)


Solution written to file '/var/folders/wb/6pm8s60x797b47qg789x82sc0000gn/T/7c3c1f977ee74d2babce8aec8a688e32-pulp.sol'.

Log started (V12.10.0.0) Wed Sep 30 16:54:43 2020


Problem '/var/folders/wb/6pm8s60x797b47qg789x82sc0000gn/T/4a499ac2dad749cc83ae6a9b6c735d93-pulp.lp' read.
Read time = 0.01 sec. (0.64 ticks)
New value for default parallel thread count: 2
Version identifier: 12.10.0.0 | 2019-11-26 | 843d4de
CPXPARAM_Threads                                 2
Tried aggregator 2 times.
MIP Presolve eliminated 3009 rows and 1248 columns.
MIP Presolve modified 1746 coefficients.
Aggregator did 300 substitutions.
Reduced MIP has 4281 rows, 1650 columns, and 13350 nonzeros.
Reduced MIP has 1650 binaries, 0 generals, 0 SOSs, and 0 indicators.
Presolve time = 0.02 sec. (23.32 ticks)
Found incumbent of value 19730.795326 after 0.04 sec. (39.98 ticks)
Probing time = 0.01 sec. (4.73 ticks)
Tried aggregator 1 time.
Detecting symmetries...
Reduced MIP has 4281 rows, 1650 columns, and 13350 nonzeros.
Reduced MIP has 1650 binaries, 0 generals, 0 SOSs, and 0 indicators.
Presolve time = 0.01 sec. (10.79 ticks)
Probing time = 0.00 sec. (4.46 ticks)
Clique table members: 7880.
MIP emphasis: balance optimality and feasibility.
MIP search method: dynamic search.
Parallel mode: deterministic, using up to 2 threads.
Root relaxation solution time = 0.04 sec. (39.54 ticks)

        Nodes                                         Cuts/
   Node  Left     Objective  IInf  Best Integer    Best Bound    ItCnt     Gap

*     0+    0                        19730.7953        0.0000           100.00%
*     0+    0                        18540.1233        0.0000           100.00%
*     0+    0                        18083.1860        0.0000           100.00%
      0     0        0.0000   149    18083.1860        0.0000      455  100.00%
      0     0        0.0000   149    18083.1860       Cuts: 8      561  100.00%
      0     0        0.0000   149    18083.1860     Cuts: 213     1065  100.00%
      0     0        0.0000   149    18083.1860      Cuts: 21     1186  100.00%
      0     0        0.0000   149    18083.1860     Cuts: 157     1824  100.00%
*     0+    0                        14918.2388        0.0000           100.00%
Detecting symmetries...
      0     2        0.0000   120    14918.2388        0.0000     1824  100.00%
Elapsed time = 1.99 sec. (2687.52 ticks, tree = 0.02 MB, solutions = 4)
      5     3        0.0000   129    14918.2388        0.0000     2921  100.00%
     40    39        0.0000    97    14918.2388        0.0000     8032  100.00%
     59    53      952.0145   151    14918.2388        0.0000    11853  100.00%
     92    84     2823.5635   126    14918.2388        0.0000    16170  100.00%
    103   102     4119.1527    98    14918.2388        0.0000    18274  100.00%
*   110+  107                        14736.7244        0.0000           100.00%
*   120+  115                        13943.6865        0.0000           100.00%
    127   118      669.2489   144    13943.6865        0.0000    20306  100.00%
    138   133     1204.4247   119    13943.6865        0.0000    24666  100.00%
    154   146     4893.3855   114    13943.6865        0.0000    29108  100.00%
    175   159       70.2270   149    13943.6865        0.0000    31166  100.00%
    256   238      836.1981   137    13943.6865        0.0000    49178  100.00%
Elapsed time = 4.08 sec. (5850.71 ticks, tree = 3.96 MB, solutions = 6)

Clique cuts applied:  2
Implied bound cuts applied:  25
Zero-half cuts applied:  2

Root node processing (before b&c):
  Real time             =    1.97 sec. (2672.16 ticks)
Parallel b&c, 2 threads:
  Real time             =    2.32 sec. (3490.59 ticks)
  Sync time (average)   =    0.09 sec.
  Wait time (average)   =    0.00 sec.
                          ------------
Total (root+branch&cut) =    4.29 sec. (6162.75 ticks)

Solution pool: 6 solutions saved.

MIP - Aborted, integer feasible:  Objective =  1.3943686519e+04
Current MIP best bound =  0.0000000000e+00 (gap = 13943.7, 100.00%)
Solution time =    4.29 sec.  Iterations = 56978  Nodes = 279 (260)
Deterministic time = 6162.76 ticks  (1437.12 ticks/sec)

MILP problem relaxed to LP with fixed integer variables using
incumbent solution.
Version identifier: 12.10.0.0 | 2019-11-26 | 843d4de
CPXPARAM_Threads                                 2
Parallel mode: deterministic, using up to 2 threads for concurrent optimization:
 * Starting dual Simplex on 1 thread...
 * Starting Barrier on 1 thread...
Tried aggregator 1 time.
LP Presolve eliminated 7596 rows and 3198 columns.
All rows and columns eliminated.
Presolve time = 0.00 sec. (2.62 ticks)

Dual simplex solved model.


Dual simplex - Optimal:  Objective =  1.3943686519e+04
Solution time =    0.01 sec.  Iterations = 0 (0)
Deterministic time = 5.06 ticks  (809.34 ticks/sec)


Solution written to file '/var/folders/wb/6pm8s60x797b47qg789x82sc0000gn/T/4a499ac2dad749cc83ae6a9b6c735d93-pulp.sol'.

Log started (V12.10.0.0) Wed Sep 30 16:54:52 2020


Problem '/var/folders/wb/6pm8s60x797b47qg789x82sc0000gn/T/5e13224f471148e7a29a1ad9a666bac5-pulp.lp' read.
Read time = 0.01 sec. (0.64 ticks)
New value for default parallel thread count: 2
Version identifier: 12.10.0.0 | 2019-11-26 | 843d4de
CPXPARAM_Threads                                 2
Tried aggregator 2 times.
MIP Presolve eliminated 3009 rows and 1248 columns.
MIP Presolve modified 1746 coefficients.
Aggregator did 300 substitutions.
Reduced MIP has 4281 rows, 1650 columns, and 13350 nonzeros.
Reduced MIP has 1650 binaries, 0 generals, 0 SOSs, and 0 indicators.
Presolve time = 0.02 sec. (23.32 ticks)
Found incumbent of value 19730.795326 after 0.04 sec. (39.98 ticks)
Probing time = 0.01 sec. (4.73 ticks)
Tried aggregator 1 time.
Detecting symmetries...
Reduced MIP has 4281 rows, 1650 columns, and 13350 nonzeros.
Reduced MIP has 1650 binaries, 0 generals, 0 SOSs, and 0 indicators.
Presolve time = 0.01 sec. (10.79 ticks)
Probing time = 0.00 sec. (4.46 ticks)
Clique table members: 7880.
MIP emphasis: balance optimality and feasibility.
MIP search method: dynamic search.
Parallel mode: deterministic, using up to 2 threads.
Root relaxation solution time = 0.04 sec. (39.54 ticks)

        Nodes                                         Cuts/
   Node  Left     Objective  IInf  Best Integer    Best Bound    ItCnt     Gap

*     0+    0                        19730.7953        0.0000           100.00%
*     0+    0                        18540.1233        0.0000           100.00%
*     0+    0                        18083.1860        0.0000           100.00%
      0     0        0.0000   149    18083.1860        0.0000      455  100.00%
      0     0        0.0000   149    18083.1860       Cuts: 8      561  100.00%
      0     0        0.0000   149    18083.1860     Cuts: 213     1065  100.00%
      0     0        0.0000   149    18083.1860      Cuts: 21     1186  100.00%
      0     0        0.0000   149    18083.1860     Cuts: 157     1824  100.00%
*     0+    0                        14918.2388        0.0000           100.00%
Detecting symmetries...
      0     2        0.0000   120    14918.2388        0.0000     1824  100.00%
Elapsed time = 2.06 sec. (2687.52 ticks, tree = 0.02 MB, solutions = 4)
      5     3        0.0000   129    14918.2388        0.0000     2921  100.00%
     40    39        0.0000    97    14918.2388        0.0000     8032  100.00%
     59    53      952.0145   151    14918.2388        0.0000    11853  100.00%
     92    84     2823.5635   126    14918.2388        0.0000    16170  100.00%
    103   102     4119.1527    98    14918.2388        0.0000    18274  100.00%
*   110+  107                        14736.7244        0.0000           100.00%
*   120+  115                        13943.6865        0.0000           100.00%
    127   118      669.2489   144    13943.6865        0.0000    20306  100.00%
    138   133     1204.4247   119    13943.6865        0.0000    24666  100.00%
    154   146     4893.3855   114    13943.6865        0.0000    29108  100.00%
    175   159       70.2270   149    13943.6865        0.0000    31166  100.00%
    256   238      836.1981   137    13943.6865        0.0000    49178  100.00%
Elapsed time = 4.20 sec. (5850.71 ticks, tree = 3.96 MB, solutions = 6)
    350   297     5347.7026   112    13943.6865        0.0000    66820  100.00%
    479   400     6097.5095    78    13943.6865        0.0000    85658  100.00%
    599   513      489.7463   144    13943.6865        0.0000   108179  100.00%
    738   642      643.8764   130    13943.6865        0.0000   129388  100.00%

Performing restart 1

Repeating presolve.
Tried aggregator 1 time.
Reduced MIP has 4281 rows, 1650 columns, and 13350 nonzeros.
Reduced MIP has 1650 binaries, 0 generals, 0 SOSs, and 0 indicators.
Presolve time = 0.01 sec. (8.95 ticks)
Tried aggregator 1 time.
Reduced MIP has 4281 rows, 1650 columns, and 13350 nonzeros.
Reduced MIP has 1650 binaries, 0 generals, 0 SOSs, and 0 indicators.
Presolve time = 0.01 sec. (11.13 ticks)
Represolve time = 0.16 sec. (138.01 ticks)
    789     0        0.0000   157    13943.6865      Cuts: 23   139885  100.00%
    789     0        0.0000   157    13943.6865     Cuts: 183   140360  100.00%
    789     0        0.0000   157    13943.6865   ZeroHalf: 6   140470  100.00%
    789     0        0.0000   157    13943.6865     Cuts: 218   140948  100.00%
    789     0        0.0000   157    13943.6865      Cuts: 21   141490  100.00%
    789     0        0.0000   157    13943.6865       Cuts: 2   141628  100.00%
    789     0        0.0000   157    13943.6865     Cuts: 245   142069  100.00%
    789     2        0.0000   129    13943.6865        0.0000   142069  100.00%
*   793+    1                        13701.4654        0.0000           100.00%
    795     7        0.0000   137    13701.4654        0.0000   143372  100.00%
    839    45        0.0000   108    13701.4654        0.0000   147089  100.00%
    920   114       30.1902   144    13701.4654        0.0000   154983  100.00%
    971   170      675.9437   109    13701.4654        0.0000   163268  100.00%
   1024   208     2084.8736   115    13701.4654        0.0000   168876  100.00%
Elapsed time = 15.74 sec. (20816.73 ticks, tree = 4.90 MB, solutions = 7)
   1113   297     3335.3971   116    13701.4654        0.0000   176761  100.00%
   1188   345      485.2096   136    13701.4654        0.0000   182011  100.00%
   1222   376      750.7707   114    13701.4654        0.0000   186441  100.00%
   1260   409    11024.2350   104    13701.4654        0.0000   190611  100.00%
   1283   428     2719.0467   119    13701.4654        0.0000   194797  100.00%
   1349   482     1111.5703   138    13701.4654        0.0000   200948  100.00%
   1393   542      600.0103   135    13701.4654        0.0000   208952  100.00%
   1511   619      491.1461   137    13701.4654        0.0000   217403  100.00%
   1576   722      264.4628   150    13701.4654        0.0000   233234  100.00%
   1645   777      448.9358   108    13701.4654        0.0000   243429  100.00%
Elapsed time = 23.60 sec. (30659.22 ticks, tree = 18.29 MB, solutions = 7)
   1728   836     1230.5991   114    13701.4654        0.0000   251636  100.00%
   1819   926      472.6074   153    13701.4654        0.0000   263520  100.00%
   1901   990     2567.2738   124    13701.4654        0.0000   277135  100.00%
   1973  1050      982.6161   117    13701.4654        0.0000   288455  100.00%
   2106  1170     2124.2111   123    13701.4654        0.0000   302969  100.00%
   2179  1263      857.7350   135    13701.4654        0.0000   318795  100.00%
   2265  1335      855.1163   128    13701.4654        0.0000   325962  100.00%
   2352  1380     7711.9967   107    13701.4654        0.0000   335030  100.00%
   2426  1479     1992.6266   100    13701.4654        0.0000   351361  100.00%
   2532  1549      257.9122   135    13701.4654        0.0000   361670  100.00%
Elapsed time = 31.65 sec. (40323.83 ticks, tree = 21.44 MB, solutions = 7)
   2646  1689     1157.0015   125    13701.4654        0.0000   377961  100.00%
   2724  1748      685.3428   122    13701.4654       40.2375   388021   99.71%
   2827  1826     5944.3018    98    13701.4654       40.2375   399711   99.71%
   2901  1901     1699.9566   116    13701.4654       63.9895   414379   99.53%
   2997  1966     1352.4761   138    13701.4654       68.6939   426198   99.50%
   3071  2033     1280.1915   115    13701.4654       68.6939   439778   99.50%
   3143  2119     1465.7753   111    13701.4654       68.6939   453057   99.50%
   3225  2183      821.6576   118    13701.4654       68.6939   461450   99.50%
   3268  2234      677.1844   130    13701.4654       68.6939   473625   99.50%
   3341  2292     9464.0810    75    13701.4654       68.6939   481927   99.50%
Elapsed time = 40.10 sec. (50031.08 ticks, tree = 22.43 MB, solutions = 7)
   3439  2347       68.6939   118    13701.4654       68.6939   493743   99.50%
   3526  2439     6508.5476    69    13701.4654       68.6939   507231   99.50%
   3619  2517     1298.2591   135    13701.4654       68.6939   521669   99.50%
   3702  2570      492.9360   139    13701.4654       68.6939   531715   99.50%
   3821  2695     5181.3087   101    13701.4654       68.6939   550531   99.50%
   3920  2755     4898.3993   103    13701.4654       68.6939   560655   99.50%
   4014  2839    10393.5931    78    13701.4654       68.6939   574296   99.50%
   4140  2919     2243.9229   129    13701.4654       90.7838   586926   99.34%
   4268  3025      540.0372   129    13701.4654       90.9552   600045   99.34%
   4392  3147     1773.7389   128    13701.4654       98.0735   614947   99.28%
Elapsed time = 47.92 sec. (59621.05 ticks, tree = 23.33 MB, solutions = 7)
   4556  3292     3514.9485   111    13701.4654      115.2829   629781   99.16%
   4676  3422      479.1864   138    13701.4654      115.2829   646095   99.16%
   4689  3340      731.3211   140    13701.4654      115.2829   641069   99.16%
   4767  3493     9974.0613    80    13701.4654      115.2829   656792   99.16%
   4887  3599     1012.5721   129    13701.4654      115.2829   674618   99.16%
   4960  3648     6109.3957    78    13701.4654      115.2829   682673   99.16%
   5075  3749     8780.0629    71    13701.4654      123.7293   700296   99.10%
   5147  3774     2186.2036   126    13701.4654      123.7293   705316   99.10%
   5315  3933      179.8289   122    13701.4654      129.8605   726437   99.05%
   5378  4045     5225.0197    95    13701.4654      141.1129   742820   98.97%
Elapsed time = 56.08 sec. (69656.63 ticks, tree = 24.26 MB, solutions = 7)
   5447  4117     5549.5541    58    13701.4654      217.3821   756976   98.41%
   5543  4140     1256.0011   132    13701.4654      217.3821   762789   98.41%
   5598  4228     2096.2686   131    13701.4654      229.5272   777369   98.32%
   5682  4260     1604.8085   130    13701.4654      253.7308   785452   98.15%
   5785  4295      340.8661   136    13701.4654      253.7308   792502   98.15%
   5894  4457     6618.7652   109    13701.4654      255.0500   821758   98.14%
   5998  4519     4209.5022   125    13701.4654      255.0500   828477   98.14%
   6073  4556    14948.8115    33    13701.4654      255.0500   834080   98.14%
   6148  4662     8021.8340    83    13701.4654      256.2981   851953   98.13%
   6225  4747     2852.5786   115    13701.4654      257.2659   866893   98.12%
Elapsed time = 63.85 sec. (79354.19 ticks, tree = 25.56 MB, solutions = 7)
   6310  4831      953.6818   146    13701.4654      257.2659   884944   98.12%
   6403  4853     4254.8513    97    13701.4654      257.9122   893595   98.12%
   6536  5004     1199.4858   129    13701.4654      257.9122   910694   98.12%
   6642  5116      920.3573   134    13701.4654      257.9122   924472   98.12%
   6698  5184     3530.0133   104    13701.4654      257.9122   933423   98.12%
   6770  5245     2520.7382   101    13701.4654      257.9122   941094   98.12%
   6875  5331     2287.3215   136    13701.4654      257.9122   956403   98.12%
   6988  5390     1327.7455   125    13701.4654      257.9122   963266   98.12%
   7064  5498     4529.7956   115    13701.4654      257.9122   981912   98.12%
   7141  5536     1264.9147   122    13701.4654      257.9122   990062   98.12%
Elapsed time = 72.11 sec. (89062.76 ticks, tree = 26.56 MB, solutions = 7)
   7244  5567     3690.2532   113    13701.4654      257.9122   997843   98.12%
   7375  5694      924.5142   136    13701.4654      259.0839  1017904   98.11%
   7477  5745     6760.4841   111    13701.4654      259.0839  1025263   98.11%
   7570  5873     2113.8059   124    13701.4654      259.4912  1045846   98.11%
   7677  5925     2659.9975   120    13701.4654      259.4912  1052431   98.11%
   7783  6144     2809.6191   133    13701.4654      260.4847  1080021   98.10%
   7890  6203      947.7179   126    13701.4654      260.4847  1086776   98.10%
   7994  6195     7557.2446    83    13701.4654      260.9451  1094034   98.10%
   8069  6351     1978.3948   134    13701.4654      260.9451  1112128   98.10%
   8384  6589     1150.8435   139    13701.4654      260.9451  1152735   98.10%
Elapsed time = 82.17 sec. (101523.31 ticks, tree = 27.60 MB, solutions = 7)
   8846  7030     8555.5153   104    13701.4654      262.5552  1212067   98.08%
   9325  7466     2335.5557   122    13701.4654      264.5182  1273526   98.07%
   9886  7829     3346.6741   111    13701.4654      271.3963  1320043   98.02%
  10217  8207     7839.8661    67    13701.4654      274.8287  1367460   97.99%
  10787  8591        cutoff          13701.4654      278.6303  1420643   97.97%
  11066  8923     1533.1554   118    13701.4654      278.6303  1474226   97.97%
  11707  9423     2882.9685   110    13701.4654      278.9388  1539224   97.96%
  12108  9838     8193.6698    95    13701.4654      285.7880  1590260   97.91%
  12667 10205     2575.2967   139    13701.4654      292.1482  1638858   97.87%
  13087 10540     1765.7281   124    13701.4654      297.6000  1683151   97.83%
Elapsed time = 114.26 sec. (139717.30 ticks, tree = 32.49 MB, solutions = 7)
  13625 10951     1698.5569   135    13701.4654      311.2325  1734639   97.73%
  14129 11384     2163.3216   128    13701.4654      319.9677  1798270   97.66%
  14628 11737      842.2809   130    13701.4654      335.6962  1847897   97.55%
  15002 12234     2144.0005   128    13701.4654      355.1614  1916585   97.41%
  15534 12621     1235.5778   134    13701.4654      356.5105  1966744   97.40%
  16124 12968     1075.0549   129    13701.4654      368.6632  2016203   97.31%
  16607 13471     1119.6873   118    13701.4654      385.8372  2085865   97.18%
  17121 13859    13531.5621    58    13701.4654      397.2289  2138562   97.10%
  17634 14257    10151.0303    59    13701.4654      405.2688  2189997   97.04%
  17884 14613     1410.3206   136    13701.4654      431.9381  2243919   96.85%
Elapsed time = 148.44 sec. (177978.28 ticks, tree = 37.05 MB, solutions = 7)
  18305 14920     2489.3435   138    13701.4654      433.7227  2286330   96.83%
  18726 15182     4893.9432   111    13701.4654      433.7227  2327593   96.83%
  19221 15739     5387.3112   109    13701.4654      438.2580  2399726   96.80%
  19783 16133      801.8178   105    13701.4654      440.7868  2446940   96.78%
  20196 16568    13305.4022    72    13701.4654      448.9358  2513485   96.72%
  20496 16827      669.8028   132    13701.4654      448.9358  2548124   96.72%
  20955 17088     1580.0357   109    13701.4654      448.9358  2584331   96.72%
  21512 17573     1269.7053   123    13701.4654      448.9358  2650840   96.72%
  21929 17888      804.8384   135    13701.4654      448.9358  2697481   96.72%
  22368 18385      928.9897   115    13701.4654      448.9358  2780824   96.72%
Elapsed time = 181.84 sec. (216286.56 ticks, tree = 41.98 MB, solutions = 7)
  22804 18817      871.3358   131    13701.4654      448.9358  2845951   96.72%
  23251 19048     9842.1888    87    13701.4654      451.2689  2879302   96.71%
  23747 19477     1138.7599   140    13701.4654      457.6604  2940262   96.66%
  24147 19888     2352.8651   102    13701.4654      461.7954  3003539   96.63%
  24511 20263     1090.4782   128    13701.4654      461.7954  3068200   96.63%
  24889 20451     8045.6903   102    13701.4654      461.7954  3093154   96.63%
  25270 20824      577.2443   141    13701.4654      465.0103  3153154   96.61%
