
Log started (V12.10.0.0) Tue Oct 20 10:37:37 2020


Problem '/var/folders/wb/6pm8s60x797b47qg789x82sc0000gn/T/aa708ebf9e154f6c9a37f1a43b72a887-pulp.lp' read.
Read time = 0.02 sec. (1.84 ticks)
Warning: no MIP start values read, no MIP start loaded.
MIP start file '/var/folders/wb/6pm8s60x797b47qg789x82sc0000gn/T/aa708ebf9e154f6c9a37f1a43b72a887-pulp.mst' read.
New value for indicator for advanced starting information: 1
New value for time limit in seconds: 3600
New value for default parallel thread count: 1
Version identifier: 12.10.0.0 | 2019-11-26 | 843d4de
CPXPARAM_Threads                                 1
CPXPARAM_TimeLimit                               3600
Warning:  No solution found from 1 MIP starts.
Retaining values of one MIP start for possible repair.
Tried aggregator 1 time.
MIP Presolve eliminated 3421 rows and 1110 columns.
MIP Presolve modified 4185 coefficients.
Reduced MIP has 18414 rows, 6918 columns, and 50898 nonzeros.
Reduced MIP has 6918 binaries, 0 generals, 0 SOSs, and 0 indicators.
Presolve time = 0.07 sec. (53.47 ticks)
Probing time = 0.01 sec. (6.29 ticks)
Tried aggregator 1 time.
Detecting symmetries...
Reduced MIP has 18414 rows, 6918 columns, and 50898 nonzeros.
Reduced MIP has 6918 binaries, 0 generals, 0 SOSs, and 0 indicators.
Presolve time = 0.05 sec. (42.76 ticks)
Probing time = 0.01 sec. (5.98 ticks)
Clique table members: 30749.
MIP emphasis: balance optimality and feasibility.
MIP search method: dynamic search.
Parallel mode: none, using 1 thread.
Root relaxation solution time = 1.19 sec. (843.52 ticks)

        Nodes                                         Cuts/
   Node  Left     Objective  IInf  Best Integer    Best Bound    ItCnt     Gap

      0     0      795.6702   753                    795.6702     4879         
      0     0      873.2716   753                   Cuts: 137    13691         
      0     0     1032.9332   753                   Cuts: 483    17758         
      0     0     1054.0513   753                   Cuts: 424    23243         
      0     0     1118.2774   753                   Cuts: 477    28361         
      0     0     1337.0359   753                   Cuts: 548    34104         
Detecting symmetries...
      0     0     1599.6693   753                   Cuts: 447    39866         
      0     0     1687.8645   753                   Cuts: 561    44794         
      0     0     1766.3081   753                   Cuts: 795    51845         
      0     0     1810.7540   753                   Cuts: 616    57249         
      0     0     1859.6248   753                   Cuts: 551    63655         
      0     0     1883.2144   753                   Cuts: 545    69235         
      0     0     1919.9357   753                   Cuts: 596    74942         
      0     0     1945.0800   753                   Cuts: 601    81215         
      0     0     1963.5881   753                   Cuts: 645    91457         
      0     0     2311.2155   753                   Cuts: 634    97530         
      0     0     2961.6352   753                   Cuts: 661   103804         
      0     0     3386.0812   753                   Cuts: 611   110265         
      0     0     3862.8643   753                   Cuts: 662   115303         
      0     0     4343.3999   753                   Cuts: 562   121257         
      0     0     4735.8058   753                   Cuts: 559   126535         
      0     0     5373.3130   753                   Cuts: 551   133587         
      0     0     5921.4551   753                   Cuts: 558   139491         
      0     0     6497.5127   753                   Cuts: 498   143876         
      0     0     6996.2654   753                   Cuts: 540   149428         
      0     0     7617.9807   753                   Cuts: 443   155300         
      0     0     8215.8870   753                   Cuts: 546   161505         
      0     0     8700.7893   753                   Cuts: 491   167696         
      0     0     9180.4400   753                   Cuts: 412   172200         
      0     0     9787.9264   753                   Cuts: 503   175562         
      0     0    10209.6920   753                   Cuts: 431   178285         
      0     0    10720.5059   753                   Cuts: 504   181432         
      0     0    11168.2384   753                   Cuts: 511   185484         
      0     0    11501.4609   753                   Cuts: 397   188786         
      0     0    11839.0835   753                   Cuts: 453   190856         
      0     0    12219.3958   753                   Cuts: 406   194139         
      0     0    12496.9747   753                   Cuts: 341   196892         
      0     0    12838.4041   753                   Cuts: 351   199475         
      0     0    13289.2621   753                   Cuts: 329   201860         
      0     0    13646.1058   753                   Cuts: 357   204871         
      0     0    13893.7960   753                   Cuts: 331   206817         
      0     0    14160.6738   753                   Cuts: 304   208748         
      0     0    14455.6447   753                   Cuts: 339   211028         
      0     0    14726.6363   753                   Cuts: 332   213499         
      0     0    14948.2157   753                   Cuts: 334   215477         
      0     0    15185.4043   753                   Cuts: 294   217210         
      0     0    15452.2944   753                   Cuts: 341   219075         
      0     0    15693.1955   753                   Cuts: 291   220890         
      0     0    15918.4724   753                   Cuts: 294   222820         
      0     0    16140.9338   753                   Cuts: 294   224691         
      0     0    16390.9811   753                   Cuts: 300   226647         
      0     0    16602.2306   753                   Cuts: 343   228242         
      0     0    16793.1759   753                   Cuts: 298   229915         
      0     0    16994.0984   753                   Cuts: 225   231618         
      0     0    17127.4606   753                   Cuts: 257   233081         
      0     0    17251.3839   753                   Cuts: 261   234667         
      0     0    17410.3322   753                   Cuts: 270   236491         
      0     0    17553.0017   753                   Cuts: 282   238100         
      0     0    17700.0405   753                   Cuts: 276   239629         
      0     0    17812.7501   753                   Cuts: 246   240926         
      0     0    17979.3885   753                   Cuts: 254   242573         
      0     0    18143.9866   753                   Cuts: 277   243976         
      0     0    18311.1171   753                   Cuts: 215   245700         
      0     0    18431.2775   753                   Cuts: 279   247109         
      0     0    18588.4598   753                   Cuts: 287   248791         
      0     0    18739.8947   753                   Cuts: 268   250550         
      0     0    18858.7695   753                   Cuts: 252   251932         
      0     0    18972.0778   753                   Cuts: 255   253158         
      0     0    19088.6408   753                   Cuts: 234   254581         
      0     0    19218.0779   753                   Cuts: 239   256216         
      0     0    19313.4320   753                   Cuts: 234   257540         
      0     0    19432.6453   753                   Cuts: 215   259182         
      0     0    19561.0716   753                   Cuts: 238   260837         
      0     0    19655.6837   753                   Cuts: 266   262093         
      0     0    19749.7386   753                   Cuts: 239   263430         
      0     0    19860.0385   753                   Cuts: 231   265037         
      0     0    19977.1532   753                   Cuts: 248   266609         
      0     0    20119.8548   753                   Cuts: 252   268539         
      0     0    20221.2717   753                   Cuts: 238   270077         
      0     0    20340.3980   753                   Cuts: 213   271690         
      0     0    20445.8543   753                   Cuts: 260   273265         
      0     0    20560.9625   753                   Cuts: 246   274893         
      0     0    20687.0223   753                   Cuts: 242   276600         
      0     0    20786.0724   753                   Cuts: 251   278182         
      0     0    20870.8593   753                   Cuts: 204   279825         
      0     0    20947.0498   753                   Cuts: 200   281185         
      0     0    21031.2365   753                   Cuts: 183   282475         
      0     0    21130.9460   753                   Cuts: 218   284069         
      0     0    21212.2532   753                   Cuts: 257   285449         
      0     0    21316.0913   753                   Cuts: 206   286996         
      0     0    21388.8017   753                   Cuts: 224   288370         
      0     0    21477.8283   753                   Cuts: 191   289921         
      0     0    21566.5848   753                   Cuts: 244   291556         
      0     0    21637.5649   753                   Cuts: 212   293010         
      0     0    21701.6185   753                   Cuts: 196   294289         
      0     0    21798.4136   753                   Cuts: 192   295958         
      0     0    21894.4043   753                   Cuts: 170   297529         
      0     0    21990.1505   753                   Cuts: 219   299085         
      0     0    22095.9444   753                   Cuts: 225   300611         
      0     0    22192.9550   753                   Cuts: 170   302208         
      0     0    22274.5344   753                   Cuts: 227   303783         
      0     0    22367.0263   753                   Cuts: 194   305460         
      0     0    22435.7905   753                   Cuts: 235   306815         
      0     0    22513.5926   753                   Cuts: 186   308307         
      0     0    22614.7508   753                   Cuts: 246   310127         
      0     0    22694.9831   753                   Cuts: 187   311560         
      0     0    22763.9081   753                   Cuts: 175   312968         
      0     0    22852.9040   753                   Cuts: 179   314496         
      0     0    22935.7125   753                   Cuts: 183   316138         
      0     0    23006.2663   753                   Cuts: 183   317284         
      0     0    23083.0964   753                   Cuts: 155   318508         
      0     0    23143.6507   753                   Cuts: 180   319827         
      0     0    23224.7307   753                   Cuts: 183   321382         
      0     0    23297.2689   753                   Cuts: 196   323021         
      0     0    23341.4813   753                   Cuts: 141   324241         
      0     0    23381.1920   753                   Cuts: 156   325541         
      0     0    23428.3086   753                   Cuts: 183   326813         
      0     0    23467.5399   753                   Cuts: 154   328106         
      0     0    23524.9222   753                   Cuts: 179   329603         
      0     0    23583.1040   753                   Cuts: 175   331145         
      0     0    23643.5566   753                   Cuts: 204   332583         
      0     0    23720.7382   753                   Cuts: 154   334206         
      0     0    23778.6594   753                   Cuts: 174   335666         
      0     0    23848.9604   753                   Cuts: 205   337515         
      0     0    23893.5421   753                   Cuts: 211   338945         
      0     0    23954.5710   753                   Cuts: 189   340589         
      0     0    24004.6145   753                   Cuts: 190   342169         
      0     0    24090.9655   753                   Cuts: 180   343612         
      0     0    24155.9582   753                   Cuts: 154   344929         
      0     0    24227.9703   753                   Cuts: 185   346663         
      0     0    24315.4830   753                   Cuts: 191   348395         
      0     0    24412.1827   753                   Cuts: 201   349880         
      0     0    24472.6464   753                   Cuts: 170   351367         
      0     0    24545.1240   753                   Cuts: 201   352869         
      0     0    24594.2901   753                   Cuts: 168   354089         
      0     0    24656.2626   753                   Cuts: 172   355658         
      0     0    24699.1970   753                   Cuts: 201   356983         
      0     0    24758.0841   753                   Cuts: 175   358412         
      0     0    24799.1143   753                   Cuts: 197   359768         
      0     0    24834.2973   753                   Cuts: 185   360918         
      0     0    24878.2265   753                   Cuts: 195   362216         
      0     0    24922.0243   753                   Cuts: 154   363550         
      0     0    24954.0766   753                   Cuts: 178   364626         
      0     0    24992.3141   753                   Cuts: 150   365982         
      0     0    25037.4189   753                   Cuts: 186   367485         
      0     0    25080.6519   753                   Cuts: 166   368911         
      0     0    25121.9317   753                   Cuts: 143   370315         
      0     0    25158.4381   753                   Cuts: 154   371526         
Heuristic still looking.
Repair heuristic found nothing.
Detecting symmetries...
      0     2    25158.4381  1645                  25158.5246   371526         
Elapsed time = 1085.12 sec. (1061657.80 ticks, tree = 0.01 MB, solutions = 0)
      1     3    25193.5758  1596                  25158.5246   374015         
      2     4    25232.4383  1576                  25193.6491   376859         
      3     5    25274.0748  1565                  25193.7669   378884         
      4     6    25302.0032  1577                  25232.4421   380034         
      5     7    25340.8562  1515                  25232.4421   385818         
      6     8    25430.0350  1521                  25232.4421   392130         
      7     9    25487.6036  1509                  25232.4421   398865         
      8    10    25458.4905  1491                  25232.4421   402438         
      9    11    25471.8191  1489                  25232.4421   403898         
     10    12    25484.4561  1487                  25232.4421   405477         
Elapsed time = 1110.20 sec. (1091392.44 ticks, tree = 0.35 MB, solutions = 0)
     11    13    25562.7729  1482                  25232.4421   407426         
     12    14    25801.0056  1462                  25232.4421   409289         
     14    16    25813.3138  1431                  25232.4421   412286         
     15    17    25727.5528  1465                  25232.4421   414099         
     16    18    25991.4038  1428                  25232.4421   415492         
     17    19    26420.1163  1424                  25232.4421   418046         
     18    20    26290.0099  1401                  25232.4421   419255         
     19    21    26529.6049  1414                  25232.4421   421229         
     20    22    26332.9562  1379                  25232.4421   422514         
     22    24    26407.4072  1355                  25232.4421   424670         
Elapsed time = 1142.25 sec. (1123305.99 ticks, tree = 0.71 MB, solutions = 0)
     24    26    26628.9859  1316                  25232.4421   427662         
     25    27    26623.9094  1321                  25232.4421   429700         
     27    29    26756.1030  1306                  25232.4421   432543         
     28    30    26832.1906  1283                  25232.4421   434281         
     29    31    27010.1418  1292                  25232.4421   436790         
     30    32    27123.7136  1281                  25232.4421   439054         
     31    33    27272.5702  1272                  25232.4421   441197         
     32    34    27934.7140  1293                  25232.4421   444658         
     33    35    27486.4922  1280                  25232.4421   445971         
     34    36    27699.2822  1301                  25232.4421   446985         
Elapsed time = 1177.12 sec. (1153676.27 ticks, tree = 1.21 MB, solutions = 0)
     35    37    27679.3592  1278                  25232.4421   448348         
     36    38    27602.0243  1252                  25232.4421   449626         
     37    39    27796.0710  1258                  25232.4421   451795         
     39    41    27990.5035  1260                  25232.4421   453358         
     40    42    28385.1934  1248                  25232.4421   454373         
     41    43    28204.6854  1270                  25232.4421   455942         
     42    44    28573.9332  1233                  25232.4421   458193         
     43    45    28427.7841  1257                  25232.4421   458752         
     44    46    29744.2781  1249                  25232.4421   461330         
     46    48    29198.0341  1252                  25232.4421   462556         
Elapsed time = 1203.30 sec. (1181517.11 ticks, tree = 1.27 MB, solutions = 0)
     48    50    30918.9875  1255                  25232.4421   464848         
     49    51    29793.3513  1257                  25232.4421   465276         
     50    52    30827.4842  1249                  25232.4421   466920         
     53    55    30068.0095  1219                  25232.4421   468389         
     55    57    30255.3299  1217                  25232.4421   469874         
     57    59    31363.9645  1182                  25232.4421   472137         
     59    61    30715.8189  1198                  25232.4421   473673         
     60    62    30780.8575  1211                  25232.4421   474168         
     62    64    31762.3618  1190                  25232.4421   475903         
     64    66    32108.1281  1177                  25232.4421   477571         
Elapsed time = 1215.59 sec. (1195639.78 ticks, tree = 3.28 MB, solutions = 0)
     67    69    32538.3892  1177                  25232.4421   479227         
     69    71    33164.7864  1151                  25232.4421   480720         
     70    72    34000.7768  1130                  25232.4421   481634         
     72    74    33791.8859  1102                  25232.4421   483046         
     74    76    34966.7406  1129                  25232.4421   484551         
     76    78    35948.8406  1119                  25232.4421   486280         
     79    81    39765.7052  1098                  25232.4421   488552         
     80    82    38167.7165  1082                  25232.4421   489186         
     84    86    40317.7096  1051                  25232.4421   490993         
     87    89    40116.2553  1046                  25232.4421   492557         
Elapsed time = 1237.86 sec. (1218968.88 ticks, tree = 6.81 MB, solutions = 0)
     89    91    40226.0315  1044                  25232.4421   494315         
     92    94    43890.4373  1008                  25232.4421   496895         
     94    96    42588.8567  1040                  25232.4421   498312         
     97    99    43402.4583  1020                  25232.4421   499728         
    100   102    47830.3386   992                  25232.4421   502274         
    102   104    45986.0169  1005                  25232.4421   503443         
    103   105    49416.4597   945                  25232.4421   505096         
    106   108    48116.5939   978                  25232.4421   506222         
    109   111    49533.7007   959                  25232.4421   507979         
    112   114    51815.8185   923                  25232.4421   510033         
Elapsed time = 1251.77 sec. (1232777.58 ticks, tree = 10.65 MB, solutions = 0)
    116   118    55067.6880   890                  25232.4421   511968         
    120   122    58365.4645   824                  25232.4421   513865         
    123   125    57471.7252   862                  25232.4421   515568         
    126   128    58534.7552   830                  25232.4421   517379         
    130   132    60142.9110   791                  25232.4421   519149         
    134   136    63624.3049   738                  25232.4421   521453         
    138   140    65139.1485   672                  25232.4421   523648         
    140   142    66907.8182   653                  25232.4421   525675         
    147   149    69446.6992   602                  25232.4421   527834         
    153   155    73346.3364   548                  25232.4421   530269         
Elapsed time = 1263.57 sec. (1245821.70 ticks, tree = 17.12 MB, solutions = 0)
    160   160    78217.1235   474                  25232.4421   532907         
    166   166    83492.7973   388                  25232.4421   535405         
*   173   166      integral     0   102046.8968    25232.4421   537266   75.27%
    174   167    25401.1010  1538   102046.8968    25232.4499   539993   75.27%
    176   169    25423.0347  1529   102046.8968    25232.4499   540718   75.27%
    177   170    25698.8604  1529   102046.8968    25232.4499   543308   75.27%
    178   171    25531.0232  1528   102046.8968    25232.4499   544851   75.27%
    179   172    25481.4101  1536   102046.8968    25232.4499   546823   75.27%
    180   173    25679.3556  1504   102046.8968    25232.4499   548691   75.27%
    181   174    25505.4128  1519   102046.8968    25232.4499   549322   75.27%
Elapsed time = 1280.99 sec. (1268098.35 ticks, tree = 19.89 MB, solutions = 1)
    183   176    26162.3975  1467   102046.8968    25232.4499   551424   75.27%
    185   178    26330.7215  1465   102046.8968    25232.4499   555797   75.27%
    186   179    25703.0842  1471   102046.8968    25232.4499   557123   75.27%
    188   181    25897.0476  1435   102046.8968    25232.4499   559256   75.27%
    190   183    25809.5002  1425   102046.8968    25232.4499   561211   75.27%
    192   185    26372.4948  1372   102046.8968    25232.4499   563372   75.27%
    193   186    25915.0598  1398   102046.8968    25232.4499   564606   75.27%
    194   187    26121.1304  1366   102046.8968    25232.4499   565857   75.27%
    195   188    26193.1696  1347   102046.8968    25232.4499   567080   75.27%
    200   193    26682.5386  1334   102046.8968    25232.4499   571879   75.27%
Elapsed time = 1302.99 sec. (1292887.98 ticks, tree = 21.91 MB, solutions = 1)
    205   198    27098.8253  1354   102046.8968    25232.4499   577279   75.27%
    210   203    27609.0689  1300   102046.8968    25232.4499   582127   75.27%
    216   209    27918.1541  1234   102046.8968    25232.4499   587016   75.27%
    220   213    29428.8390  1222   102046.8968    25232.4499   590452   75.27%
    226   219    29405.4903  1221   102046.8968    25232.4499   595964   75.27%
    231   224    30385.9552  1215   102046.8968    25232.4499   600539   75.27%
    236   229    32313.1453  1168   102046.8968    25232.4499   605200   75.27%
    240   233    32924.5751  1143   102046.8968    25232.4499   608711   75.27%
    249   242    34211.6031  1131   102046.8968    25232.4499   614677   75.27%
    257   250    36211.9835  1103   102046.8968    25232.4499   619945   75.27%
Elapsed time = 1346.65 sec. (1338420.09 ticks, tree = 29.34 MB, solutions = 1)
    269   262    38097.7179  1067   102046.8968    25232.4499   625678   75.27%
    281   274    40684.6367  1006   102046.8968    25232.4499   631814   75.27%
    291   284    44150.9362   973   102046.8968    25232.4499   638317   75.27%
    300   293    46350.8895   932   102046.8968    25232.4499   643367   75.27%
    312   305    52186.4687   841   102046.8968    25232.4499   649665   75.27%
    324   317    62445.7519   661   102046.8968    25232.4499   655580   75.27%
    340   333    64815.5763   602   102046.8968    25232.4499   659726   75.27%
    364   351    25297.4076  1565   102046.8968    25274.1347   667684   75.23%
    368   355    26677.5937  1442   102046.8968    25274.1347   671381   75.23%
    373   360    27409.8615  1385   102046.8968    25274.1347   674956   75.23%
Elapsed time = 1394.75 sec. (1384160.71 ticks, tree = 45.27 MB, solutions = 1)
    378   365    28811.9138  1324   102046.8968    25274.1347   678521   75.23%
    387   374    29969.0711  1195   102046.8968    25274.1347   683590   75.23%
    397   384    31797.1452  1199   102046.8968    25274.1347   688737   75.23%
    402   389    25353.4959  1593   102046.8968    25297.6282   693915   75.21%
    408   395    27431.9070  1433   102046.8968    25297.6282   698944   75.21%
    411   398    29501.0837  1368   102046.8968    25297.6282   703303   75.21%
    417   404    31283.2458  1329   102046.8968    25297.6282   708006   75.21%
    426   413    33937.1970  1227   102046.8968    25297.6282   713582   75.21%
    435   422    38139.9219  1170   102046.8968    25297.6282   719698   75.21%
    443   430    44816.3965  1025   102046.8968    25297.6282   725697   75.21%
Elapsed time = 1436.62 sec. (1428709.81 ticks, tree = 51.59 MB, solutions = 1)
    450   437    49857.3252   944   102046.8968    25297.6282   731333   75.21%
    460   447    57865.1108   784   102046.8968    25297.6282   737717   75.21%
    473   460    70365.4005   688   102046.8968    25297.6282   744733   75.21%
    493   480    84275.2138   522   102046.8968    25297.6282   751605   75.21%

Performing restart 1

Repeating presolve.
Tried aggregator 1 time.
MIP Presolve eliminated 6 rows and 0 columns.
MIP Presolve modified 1152 coefficients.
Reduced MIP has 18408 rows, 6918 columns, and 49938 nonzeros.
Reduced MIP has 6918 binaries, 0 generals, 0 SOSs, and 0 indicators.
Presolve time = 0.13 sec. (42.88 ticks)
Tried aggregator 1 time.
Reduced MIP has 18408 rows, 6918 columns, and 49938 nonzeros.
Reduced MIP has 6918 binaries, 0 generals, 0 SOSs, and 0 indicators.
Presolve time = 0.06 sec. (42.78 ticks)
Represolve time = 1.42 sec. (353.74 ticks)
    506     0    25229.0508  1679   102046.8968     Cuts: 127   811576   75.21%
    506     0    25307.5849  1679   102046.8968     Cuts: 162   813431   75.20%
    506     0    25380.2330  1679   102046.8968     Cuts: 189   815484   75.13%
    506     0    25447.4194  1679   102046.8968     Cuts: 140   817118   75.06%
    506     0    25540.4527  1679   102046.8968     Cuts: 206   819344   74.97%
    506     0    25645.6335  1679   102046.8968     Cuts: 189   821537   74.87%
    506     0    25771.8463  1679   102046.8968     Cuts: 220   823766   74.75%
    506     0    25946.6896  1679   102046.8968     Cuts: 223   826444   74.57%
    506     0    26069.4335  1679   102046.8968     Cuts: 186   828482   74.45%
    506     0    26205.8594  1679   102046.8968     Cuts: 199   830538   74.32%
    506     0    26342.4423  1679   102046.8968     Cuts: 203   832307   74.19%
    506     0    26464.1235  1679   102046.8968     Cuts: 169   834085   74.07%
    506     0    26535.7543  1679   102046.8968     Cuts: 160   835550   74.00%
    506     0    26648.0007  1679   102046.8968     Cuts: 155   837142   73.89%
    506     0    26748.2691  1679   102046.8968     Cuts: 138   838720   73.79%
    506     0    26853.2427  1679   102046.8968     Cuts: 146   840576   73.69%
    506     0    26944.6861  1679   102046.8968     Cuts: 187   842179   73.60%
    506     0    27037.4706  1679   102046.8968     Cuts: 190   843932   73.50%
    506     0    27126.0207  1679   102046.8968     Cuts: 199   845500   73.42%
    506     0    27199.4348  1679   102046.8968     Cuts: 164   847014   73.35%
    506     0    27265.8224  1679   102046.8968     Cuts: 152   848652   73.28%
    506     0    27315.4455  1679   102046.8968     Cuts: 152   849810   73.23%
    506     0    27398.3774  1679   102046.8968     Cuts: 148   851601   73.15%
    506     0    27461.1635  1679   102046.8968     Cuts: 168   853390   73.09%
    506     0    27504.8042  1679   102046.8968     Cuts: 165   854718   73.05%
    506     0    27545.3567  1679   102046.8968     Cuts: 125   855912   73.01%
    506     0    27596.7266  1679   102046.8968     Cuts: 114   857343   72.96%
    506     0    27638.2580  1679   102046.8968     Cuts: 112   858594   72.92%
    506     0    27687.7969  1679   102046.8968     Cuts: 130   859987   72.87%
    506     0    27728.0969  1679   102046.8968     Cuts: 145   861329   72.83%
    506     0    27784.3454  1679   102046.8968     Cuts: 126   862750   72.77%
    506     0    27826.5560  1679   102046.8968     Cuts: 121   864099   72.73%
    506     0    27880.3193  1679   102046.8968     Cuts: 164   865669   72.68%
    506     0    27929.0448  1679   102046.8968     Cuts: 107   867051   72.63%
    506     0    27974.7960  1679   102046.8968     Cuts: 129   868619   72.59%
    506     0    28036.5439  1679   102046.8968     Cuts: 125   870478   72.53%
    506     0    28078.9416  1679   102046.8968     Cuts: 125   871779   72.48%
    506     0    28119.1353  1679   102046.8968      Cuts: 92   873006   72.44%
    506     0    28157.0467  1679   102046.8968      Cuts: 89   874374   72.41%
    506     0    28181.3973  1679   102046.8968      Cuts: 83   875416   72.38%
    506     0    28210.7973  1679   102046.8968     Cuts: 116   876697   72.36%
    506     0    28240.2664  1679   102046.8968     Cuts: 111   877974   72.33%
    506     0    28267.0923  1679   102046.8968      Cuts: 87   879161   72.30%
    506     0    28303.4444  1679   102046.8968     Cuts: 121   880512   72.26%
    506     0    28342.0281  1679   102046.8968     Cuts: 113   881949   72.23%
    506     0    28376.7300  1679   102046.8968     Cuts: 118   883288   72.19%
    506     0    28419.3101  1679   102046.8968     Cuts: 126   884727   72.15%
    506     0    28456.7144  1679   102046.8968     Cuts: 117   886070   72.11%
    506     0    28501.1989  1679   102046.8968      Cuts: 97   887538   72.07%
    506     0    28536.7859  1679   102046.8968     Cuts: 126   888838   72.04%
    506     0    28580.9639  1679   102046.8968      Cuts: 98   890421   71.99%
    506     0    28613.0837  1679   102046.8968     Cuts: 138   891682   71.96%
    506     0    28656.4043  1679   102046.8968     Cuts: 120   893232   71.92%
    506     0    28694.6757  1679   102046.8968     Cuts: 101   894548   71.88%
    506     0    28712.0670  1679   102046.8968      Cuts: 81   895448   71.86%
    506     0    28732.1736  1679   102046.8968      Cuts: 82   896387   71.84%
    506     0    28761.9975  1679   102046.8968      Cuts: 95   897513   71.81%
    506     0    28781.6080  1679   102046.8968      Cuts: 87   898450   71.80%
    506     0    28798.3601  1679   102046.8968      Cuts: 78   899343   71.78%
    506     0    28821.7603  1679   102046.8968     Cuts: 102   900499   71.76%
    506     0    28842.8846  1679   102046.8968     Cuts: 102   901756   71.74%
    506     0    28867.5821  1679   102046.8968      Cuts: 89   903028   71.71%
    506     0    28884.0760  1679   102046.8968      Cuts: 94   903999   71.70%
    506     0    28906.4440  1679   102046.8968      Cuts: 84   905172   71.67%
    506     0    28926.5950  1679   102046.8968     Cuts: 111   906238   71.65%
    506     0    28950.6601  1679   102046.8968      Cuts: 78   907488   71.63%
    506     0    28981.9223  1679   102046.8968      Cuts: 81   909028   71.60%
    506     0    28999.1760  1679   102046.8968      Cuts: 95   910198   71.58%
    506     0    29023.7395  1679   102046.8968      Cuts: 92   911552   71.56%
    506     0    29051.3204  1679   102046.8968     Cuts: 106   912822   71.53%
    506     0    29076.4234  1679   102046.8968     Cuts: 112   914294   71.51%
    506     0    29103.4171  1679   102046.8968     Cuts: 103   915682   71.48%
    506     0    29121.7347  1679   102046.8968     Cuts: 110   916734   71.46%
    506     0    29144.6349  1679   102046.8968     Cuts: 102   917860   71.44%
    506     0    29177.2115  1679   102046.8968     Cuts: 102   919176   71.41%
    506     0    29197.2899  1679   102046.8968      Cuts: 87   920303   71.39%
    506     0    29210.1617  1679   102046.8968      Cuts: 81   921330   71.38%
    506     0    29236.0443  1679   102046.8968     Cuts: 109   922786   71.35%
    506     0    29252.0532  1679   102046.8968      Cuts: 94   923865   71.33%
    506     0    29273.5693  1679   102046.8968      Cuts: 92   925007   71.31%
    506     0    29293.9807  1679   102046.8968      Cuts: 93   926191   71.29%
    506     2    29293.9807  1832   102046.8968    29294.0071   926191   71.29%
    508     4    30802.3930  1742   102046.8968    29297.3126   934751   71.29%
    511     7    29552.9307  1757   102046.8968    29297.5454   941195   71.29%
    513     9    29368.0602  1755   102046.8968    29297.5454   949623   71.29%
    516    12    30667.4767  1662   102046.8968    29297.5454   961694   71.29%
    518    14    30132.9166  1724   102046.8968    29297.5454   970028   71.29%
Elapsed time = 1977.90 sec. (2053710.11 ticks, tree = 0.06 MB, solutions = 1)
    522    18    30061.8112  1704   102046.8968    29297.5454   977603   71.29%
    526    22    30556.8377  1687   102046.8968    29297.5454   985687   71.29%
    528    24    30438.9938  1688   102046.8968    29297.5454   992423   71.29%
    529    25    29391.7986  1768   102046.8968    29297.5454   996928   71.29%
    530    26    29717.9377  1674   102046.8968    29297.5454  1004604   71.29%
    531    27    29398.0526  1774   102046.8968    29297.5454  1009006   71.29%
    532    28    30005.1752  1693   102046.8968    29297.5454  1012715   71.29%
    533    29    29398.4749  1771   102046.8968    29297.5454  1013070   71.29%
    536    32    29421.9146  1729   102046.8968    29297.5454  1016634   71.29%
    539    35    32227.4223  1645   102046.8968    29297.5454  1021908   71.29%
Elapsed time = 2048.75 sec. (2134969.99 ticks, tree = 2.55 MB, solutions = 1)
    541    37    29872.6436  1670   102046.8968    29297.5454  1029955   71.29%
    544    40    30000.2952  1714   102046.8968    29297.5454  1032285   71.29%
    546    42    29506.6299  1743   102046.8968    29297.5454  1032643   71.29%
    548    44    29507.6238  1749   102046.8968    29297.5454  1036215   71.29%
    549    45    30764.7045  1667   102046.8968    29297.5454  1041424   71.29%
    551    47    30344.7247  1693   102046.8968    29297.5454  1049591   71.29%
    553    49    30927.6304  1663   102046.8968    29297.5454  1054090   71.29%
    555    51    30462.7041  1695   102046.8968    29297.5454  1057504   71.29%
    556    52    29532.4792  1746   102046.8968    29297.5454  1058310   71.29%
    558    54    29636.6303  1724   102046.8968    29297.5454  1063076   71.29%
Elapsed time = 2099.93 sec. (2198126.12 ticks, tree = 4.43 MB, solutions = 1)
    559    55    29835.6801  1642   102046.8968    29297.5454  1067859   71.29%
    562    58    30876.0793  1604   102046.8968    29297.5454  1077567   71.29%
    564    60    33285.6683  1596   102046.8968    29297.5454  1083208   71.29%
    566    62    29784.7849  1647   102046.8968    29297.5454  1090117   71.29%
    568    64    30937.8673  1584   102046.8968    29297.5454  1095986   71.29%
    569    65    30261.2483  1638   102046.8968    29297.5454  1101153   71.29%
    572    68    32263.3174  1595   102046.8968    29297.5454  1111883   71.29%
    575    71    31411.1753  1617   102046.8968    29297.5454  1117867   71.29%
    576    72    30153.1209  1625   102046.8968    29297.5454  1118654   71.29%
    578    74    32937.5692  1617   102046.8968    29297.5454  1122683   71.29%
Elapsed time = 2178.89 sec. (2286880.80 ticks, tree = 5.87 MB, solutions = 1)
    580    76    34520.4660  1579   102046.8968    29297.5454  1129233   71.29%
    581    77    34775.5609  1580   102046.8968    29297.5454  1135148   71.29%
    584    80    30417.1156  1649   102046.8968    29297.5454  1143163   71.29%
    585    81    35636.0749  1550   102046.8968    29297.5454  1153041   71.29%
    587    83    30525.6210  1603   102046.8968    29297.5454  1156666   71.29%
    589    85    32937.0646  1547   102046.8968    29297.5454  1167975   71.29%
    591    87    31105.8085  1522   102046.8968    29297.5454  1170257   71.29%
    594    90    31869.2421  1559   102046.8968    29297.5454  1177068   71.29%
    595    91    32451.2960  1529   102046.8968    29297.5454  1182158   71.29%
    596    92    30681.7890  1562   102046.8968    29297.5454  1184348   71.29%
Elapsed time = 2245.08 sec. (2355772.04 ticks, tree = 7.15 MB, solutions = 1)
    598    94    32804.3429  1553   102046.8968    29297.5454  1192300   71.29%
    601    97    33391.1555  1515   102046.8968    29297.5454  1203170   71.29%
    603    99    31663.5173  1505   102046.8968    29297.5454  1207217   71.29%
    605   101    32673.6180  1568   102046.8968    29297.5454  1213431   71.29%
    608   104    31754.9577  1526   102046.8968    29297.5454  1218805   71.29%
    610   106    32144.6169  1527   102046.8968    29297.5454  1223712   71.29%
    613   109    33957.9548  1537   102046.8968    29297.5454  1231135   71.29%
    616   112    32878.5095  1540   102046.8968    29297.5454  1237118   71.29%
    618   114    31963.3969  1558   102046.8968    29297.5454  1242172   71.29%
    620   116    35693.0672  1462   102046.8968    29297.5454  1253839   71.29%
Elapsed time = 2314.41 sec. (2426409.10 ticks, tree = 8.76 MB, solutions = 1)
    622   118    37059.2259  1418   102046.8968    29297.5454  1265591   71.29%
    623   119    31741.7812  1553   102046.8968    29297.5454  1269663   71.29%
    624   120    41601.3524  1396   102046.8968    29297.5454  1279906   71.29%
    626   122    32178.9532  1563   102046.8968    29297.5454  1288693   71.29%
    627   123    38039.3658  1482   102046.8968    29297.5454  1298748   71.29%
    628   124    34732.6508  1556   102046.8968    29297.5454  1306650   71.29%
    629   125    34518.2629  1506   102046.8968    29297.5454  1316421   71.29%
    631   127    35778.6698  1464   102046.8968    29297.5454  1324399   71.29%
    633   129    39942.9162  1402   102046.8968    29297.5454  1333658   71.29%
    634   130    36661.5655  1493   102046.8968    29297.5454  1340403   71.29%
Elapsed time = 2412.38 sec. (2522719.63 ticks, tree = 10.03 MB, solutions = 1)
    635   131    37661.4818  1461   102046.8968    29297.5454  1349357   71.29%
    636   132    37679.4907  1453   102046.8968    29297.5454  1353879   71.29%
    637   133    40404.0278  1388   102046.8968    29297.5454  1365765   71.29%
    638   134    40458.9259  1423   102046.8968    29297.5454  1374187   71.29%
    640   136    42453.0971  1363   102046.8968    29297.5454  1382461   71.29%
    641   137    42145.0395  1316   102046.8968    29297.5454  1391372   71.29%
    642   138    42302.9983  1294   102046.8968    29297.5454  1395196   71.29%
    644   140    43283.9049  1281   102046.8968    29297.5454  1400060   71.29%
    647   143    44737.1201  1276   102046.8968    29297.5454  1403885   71.29%
    650   146    45494.4452  1277   102046.8968    29297.5454  1409276   71.29%
Elapsed time = 2478.25 sec. (2587296.55 ticks, tree = 12.20 MB, solutions = 1)
    653   149    45604.2688  1235   102046.8968    29297.5454  1413489   71.29%
    656   152    47395.4295  1224   102046.8968    29297.5454  1417324   71.29%
    660   156    45702.1885  1213   102046.8968    29297.5454  1421112   71.29%
    663   159    50704.5555  1113   102046.8968    29297.5454  1427094   71.29%
    665   161    46717.6774  1216   102046.8968    29297.5454  1432469   71.29%
    667   163    47383.6034  1148   102046.8968    29297.5454  1437914   71.29%
    669   165    46820.1542  1193   102046.8968    29297.5454  1441872   71.29%
    673   169    49012.4449  1133   102046.8968    29297.5454  1446107   71.29%
    676   172    47562.2425  1159   102046.8968    29297.5454  1450252   71.29%
    681   177    50816.9687  1085   102046.8968    29297.5454  1457233   71.29%
Elapsed time = 2520.72 sec. (2634039.82 ticks, tree = 15.50 MB, solutions = 1)
    683   179    47664.6068  1134   102046.8968    29297.5454  1460191   71.29%
    687   183    48734.1269  1083   102046.8968    29297.5454  1464731   71.29%
    692   188    51441.2774  1069   102046.8968    29297.5454  1470276   71.29%
    695   191    51672.0130  1050   102046.8968    29297.5454  1476512   71.29%
    700   196    54469.0076  1006   102046.8968    29297.5454  1481546   71.29%
    704   200    55111.3348   989   102046.8968    29297.5454  1486249   71.29%
    706   202    55502.9910   962   102046.8968    29297.5454  1490864   71.29%
    709   205    54684.3116   985   102046.8968    29297.5454  1494771   71.29%
    714   210    57067.9227   981   102046.8968    29297.5454  1499714   71.29%
    718   214    56725.2750   990   102046.8968    29297.5454  1506136   71.29%
Elapsed time = 2564.16 sec. (2679677.62 ticks, tree = 19.29 MB, solutions = 1)
    723   219    57660.7320   915   102046.8968    29297.5454  1510578   71.29%
    726   222    58592.0832   926   102046.8968    29297.5454  1512862   71.29%
    733   229    61270.9550   878   102046.8968    29297.5454  1519204   71.29%
    738   234    62205.4445   843   102046.8968    29297.5454  1524088   71.29%
    749   245    64362.5162   815   102046.8968    29297.5454  1530965   71.29%
    757   253    62546.0308   835   102046.8968    29297.5454  1537113   71.29%
    762   258    64875.7393   776   102046.8968    29297.5454  1544786   71.29%
    768   264    64209.9967   789   102046.8968    29297.5454  1552432   71.29%
    772   268    64935.5044   770   102046.8968    29297.5454  1559158   71.29%
    780   276    64924.0873   772   102046.8968    29297.5454  1567322   71.29%
Elapsed time = 2613.57 sec. (2725317.09 ticks, tree = 23.99 MB, solutions = 1)
    786   282    63144.0922   814   102046.8968    29297.5454  1573634   71.29%
    790   286    66095.0176   769   102046.8968    29297.5454  1580675   71.29%
    795   291    64659.9469   761   102046.8968    29297.5454  1587679   71.29%
    799   295    74882.2883   608   102046.8968    29297.5454  1597508   71.29%
    804   300    70863.7531   659   102046.8968    29297.5454  1606677   71.29%
    807   303    67027.0852   739   102046.8968    29297.5454  1610176   71.29%
    816   312    68748.5555   688   102046.8968    29297.5454  1618536   71.29%
    817   313    83177.7752   449   102046.8968    29297.5454  1628756   71.29%
    819   315    75190.0355   602   102046.8968    29297.5454  1635869   71.29%
    826   320    79150.3199   543   102046.8968    29297.5454  1642570   71.29%
Elapsed time = 2665.78 sec. (2777928.95 ticks, tree = 24.25 MB, solutions = 1)
    834   324    84203.4328   441   102046.8968    29297.5454  1650563   71.29%
    849   329        cutoff         102046.8968    29297.5454  1658018   71.29%
    851   329    30428.7160  1761   102046.8968    29327.7294  1663470   71.26%
    854   332    30503.7897  1711   102046.8968    29327.7294  1666161   71.26%
    857   335    31704.8857  1647   102046.8968    29327.7294  1670874   71.26%
    861   339    30614.9325  1695   102046.8968    29327.7294  1677942   71.26%
    865   343    30646.0742  1636   102046.8968    29327.7294  1681469   71.26%
    866   344    30646.7344  1636   102046.8968    29327.7294  1681598   71.26%
    870   348    31377.6572  1579   102046.8968    29327.7294  1689404   71.26%
    874   352    31713.7987  1583   102046.8968    29327.7294  1694433   71.26%
Elapsed time = 2720.80 sec. (2831350.90 ticks, tree = 24.44 MB, solutions = 1)
    881   359    31139.2933  1588   102046.8968    29327.7294  1699314   71.26%
    885   363    32140.1996  1555   102046.8968    29327.7294  1705174   71.26%
    886   364    31321.8092  1535   102046.8968    29327.7294  1710048   71.26%
    889   367    31145.5054  1645   102046.8968    29327.7294  1714501   71.26%
    890   368    32282.0592  1587   102046.8968    29327.7294  1720531   71.26%
    892   370    33832.9144  1552   102046.8968    29327.7294  1727516   71.26%
    895   373    31746.6675  1545   102046.8968    29327.7294  1733442   71.26%
    898   376    31971.9542  1578   102046.8968    29327.7294  1736496   71.26%
    902   380    32442.7167  1592   102046.8968    29327.7294  1742895   71.26%
    908   386    31752.1522  1531   102046.8968    29327.7294  1746626   71.26%
Elapsed time = 2769.23 sec. (2884464.17 ticks, tree = 26.24 MB, solutions = 1)
    911   389    32725.4519  1461   102046.8968    29327.7294  1750656   71.26%
    916   394    35976.6394  1408   102046.8968    29327.7294  1756769   71.26%
    923   401    32048.4013  1498   102046.8968    29327.7294  1761518   71.26%
    929   407    33504.5734  1465   102046.8968    29327.7294  1766490   71.26%
    934   412    34149.8402  1445   102046.8968    29327.7294  1771664   71.26%
    942   420    32967.4525  1404   102046.8968    29327.7294  1777411   71.26%
    946   424    32464.4143  1468   102046.8968    29327.7294  1779991   71.26%
    950   428    34208.7409  1393   102046.8968    29327.7294  1785001   71.26%
    955   433    34034.2915  1406   102046.8968    29327.7294  1791451   71.26%
    960   438    34157.9958  1418   102046.8968    29327.7294  1796762   71.26%
Elapsed time = 2820.26 sec. (2939198.60 ticks, tree = 34.41 MB, solutions = 1)
    965   443    34521.6144  1413   102046.8968    29327.7294  1801756   71.26%
    970   448    34046.1051  1436   102046.8968    29327.7294  1805901   71.26%
    975   453    35794.5814  1399   102046.8968    29327.7294  1811331   71.26%

Log started (V12.10.0.0) Tue Oct 20 11:24:55 2020


Problem '/var/folders/wb/6pm8s60x797b47qg789x82sc0000gn/T/a267506e245f4c44b5f96d4a0e8aa182-pulp.lp' read.
Read time = 0.01 sec. (0.52 ticks)
MIP start file '/var/folders/wb/6pm8s60x797b47qg789x82sc0000gn/T/a267506e245f4c44b5f96d4a0e8aa182-pulp.mst' read.
New value for indicator for advanced starting information: 1
New value for time limit in seconds: 14000
New value for default parallel thread count: 2
Version identifier: 12.10.0.0 | 2019-11-26 | 843d4de
CPXPARAM_Threads                                 2
CPXPARAM_TimeLimit                               14000
1 of 1 MIP starts provided solutions.
MIP start 'm1' defined initial solution with objective 25019.1668.
Tried aggregator 1 time.
MIP Presolve eliminated 1020 rows and 450 columns.
MIP Presolve modified 2182 coefficients.
Reduced MIP has 5346 rows, 2034 columns, and 13662 nonzeros.
Reduced MIP has 2034 binaries, 0 generals, 0 SOSs, and 0 indicators.
Presolve time = 0.02 sec. (15.71 ticks)
Probing time = 0.01 sec. (5.04 ticks)
Tried aggregator 1 time.
Detecting symmetries...
Reduced MIP has 5346 rows, 2034 columns, and 13662 nonzeros.
Reduced MIP has 2034 binaries, 0 generals, 0 SOSs, and 0 indicators.
Presolve time = 0.02 sec. (13.20 ticks)
Probing time = 0.01 sec. (4.96 ticks)
Clique table members: 8315.
MIP emphasis: balance optimality and feasibility.
MIP search method: dynamic search.
Parallel mode: deterministic, using up to 2 threads.
Root relaxation solution time = 0.10 sec. (67.65 ticks)

        Nodes                                         Cuts/
   Node  Left     Objective  IInf  Best Integer    Best Bound    ItCnt     Gap

*     0+    0                        25019.1668        0.0000           100.00%
      0     0        0.0000   242    25019.1668        0.0000      657  100.00%
      0     0        0.0000   242    25019.1668      Cuts: 17      761  100.00%
      0     0        0.0000   242    25019.1668     Cuts: 224     1426  100.00%
    978   456    33863.0139  1415   102046.8968    29327.7294  1816275   71.26%
      0     0        0.0000   242    25019.1668      Cuts: 27     1543  100.00%
      0     0        0.0000   242    25019.1668     Cuts: 224     2206  100.00%

Implied bound cuts applied:  11
Zero-half cuts applied:  12

Root node processing (before b&c):
  Real time             =    2.26 sec. (2147.00 ticks)
Parallel b&c, 2 threads:
  Real time             =    0.01 sec. (0.70 ticks)
  Sync time (average)   =    0.00 sec.
  Wait time (average)   =    0.00 sec.
                          ------------
Total (root+branch&cut) =    2.27 sec. (2147.71 ticks)

Solution pool: 1 solution saved.

MIP - Aborted, integer feasible:  Objective =  2.5019166830e+04
Current MIP best bound =  0.0000000000e+00 (gap = 25019.2, 100.00%)
Solution time =    2.28 sec.  Iterations = 2206  Nodes = 0 (1)
Deterministic time = 2147.71 ticks  (943.64 ticks/sec)

MILP problem relaxed to LP with fixed integer variables using
incumbent solution.
Version identifier: 12.10.0.0 | 2019-11-26 | 843d4de
CPXPARAM_Threads                                 2
CPXPARAM_TimeLimit                               14000
Parallel mode: deterministic, using up to 2 threads for concurrent optimization:
 * Starting primal Simplex on 1 thread...
 * Starting Barrier on 1 thread...
Using steepest-edge.

Primal simplex solved model.


Primal simplex - Optimal:  Objective =  2.5019166830e+04
Solution time =    0.01 sec.  Iterations = 0 (0)
Deterministic time = 99.20 ticks  (10886.45 ticks/sec)


Solution written to file '/var/folders/wb/6pm8s60x797b47qg789x82sc0000gn/T/a267506e245f4c44b5f96d4a0e8aa182-pulp.sol'.
    980   458    34378.9201  1409   102046.8968    29327.7294  1820642   71.26%

Log started (V12.10.0.0) Tue Oct 20 11:25:02 2020


Problem '/var/folders/wb/6pm8s60x797b47qg789x82sc0000gn/T/c98a4e5738de473183f0f22fe1de89c8-pulp.lp' read.
Read time = 0.01 sec. (0.52 ticks)
MIP start file '/var/folders/wb/6pm8s60x797b47qg789x82sc0000gn/T/c98a4e5738de473183f0f22fe1de89c8-pulp.mst' read.
New value for indicator for advanced starting information: 1
New value for time limit in seconds: 14000
New value for default parallel thread count: 2
Version identifier: 12.10.0.0 | 2019-11-26 | 843d4de
CPXPARAM_Threads                                 2
CPXPARAM_TimeLimit                               14000
1 of 1 MIP starts provided solutions.
MIP start 'm1' defined initial solution with objective 25019.1668.
Tried aggregator 1 time.
MIP Presolve eliminated 1020 rows and 450 columns.
MIP Presolve modified 2182 coefficients.
Reduced MIP has 5346 rows, 2034 columns, and 13662 nonzeros.
Reduced MIP has 2034 binaries, 0 generals, 0 SOSs, and 0 indicators.
Presolve time = 0.02 sec. (15.71 ticks)
Probing time = 0.01 sec. (5.04 ticks)
Tried aggregator 1 time.
Detecting symmetries...
Reduced MIP has 5346 rows, 2034 columns, and 13662 nonzeros.
Reduced MIP has 2034 binaries, 0 generals, 0 SOSs, and 0 indicators.
Presolve time = 0.02 sec. (13.20 ticks)
Probing time = 0.01 sec. (4.96 ticks)
Clique table members: 8315.
MIP emphasis: balance optimality and feasibility.
MIP search method: dynamic search.
Parallel mode: deterministic, using up to 2 threads.
Root relaxation solution time = 0.09 sec. (67.65 ticks)

        Nodes                                         Cuts/
   Node  Left     Objective  IInf  Best Integer    Best Bound    ItCnt     Gap

*     0+    0                        25019.1668        0.0000           100.00%
      0     0        0.0000   242    25019.1668        0.0000      657  100.00%
      0     0        0.0000   242    25019.1668      Cuts: 17      761  100.00%
      0     0        0.0000   242    25019.1668     Cuts: 224     1426  100.00%
      0     0        0.0000   242    25019.1668      Cuts: 27     1543  100.00%
      0     0        0.0000   242    25019.1668     Cuts: 224     2206  100.00%
      0     2        0.0000   239    25019.1668        0.0000     2206  100.00%
Elapsed time = 2.22 sec. (2169.76 ticks, tree = 0.02 MB, solutions = 1)
      2     4        0.0000   237    25019.1668        0.0000     4123  100.00%
      7     8     1600.3831   232    25019.1668        0.0000     7013  100.00%
     19    17     2208.1274   238    25019.1668        0.0000    11320  100.00%
     28    27     4104.7198   212    25019.1668        0.0000    14582  100.00%
     37    35     5316.3264   194    25019.1668        0.0000    17995  100.00%
     45    42     6747.5308   180    25019.1668        0.0000    21358  100.00%
    982   460    35006.1017  1383   102046.8968    29327.7294  1826312   71.26%
     56    51     8282.5525   190    25019.1668        0.0000    23100  100.00%
     70    58       68.6939   227    25019.1668       68.6939    25594   99.73%
     78    65      492.3439   261    25019.1668       68.6939    26290   99.73%
    119    92      608.3276   232    25019.1668       68.6939    34892   99.73%
Elapsed time = 5.83 sec. (5558.52 ticks, tree = 1.05 MB, solutions = 1)
    177   140    17416.2056   147    25019.1668       68.6939    45564   99.73%
    223   165     2806.0914   232    25019.1668       68.6939    55975   99.73%
    277   201     2431.5322   226    25019.1668       68.6939    64458   99.73%
    331   246      393.4015   231    25019.1668       68.6939    76945   99.73%
    984   462    38820.5682  1338   102046.8968    29327.7294  1832982   71.26%
    375   276       79.0710   258    25019.1668       68.6939    88280   99.73%
    417   306    11382.1615   200    25019.1668       68.6939   102535   99.73%
    475   342    10084.9352   231    25019.1668       79.0710   113020   99.68%
    511   374     4182.8919   224    25019.1668      412.4866   131008   98.35%
    986   464    37309.3063  1332   102046.8968    29327.7294  1837152   71.26%
    543   383     8504.2071   220    25019.1668      412.4866   133406   98.35%
    583   424    infeasible          25019.1668      462.9658   146024   98.15%
Elapsed time = 15.77 sec. (15253.64 ticks, tree = 4.70 MB, solutions = 1)
    628   454     3503.1034   239    25019.1668      492.3439   156271   98.03%
    680   468     2735.8291   243    25019.1668      505.5422   161375   97.98%
    721   518     6146.7199   217    25019.1668      530.4168   172316   97.88%
    787   534     1706.5966   238    25019.1668      539.9343   179905   97.84%
    988   466    39253.6220  1296   102046.8968    29327.7294  1842338   71.26%
    856   613     9386.4934   225    25019.1668      590.1659   194938   97.64%
    918   671      662.1405   246    25019.1668      591.4791   206003   97.64%
    976   694    15638.1461   211    25019.1668      608.2826   212657   97.57%
   1033   745    18458.3045   128    25019.1668      628.2833   224687   97.49%
   1097   788     1762.5653   232    25019.1668      640.2198   235756   97.44%
   1165   818     3656.4904   247    25019.1668      641.2522   243190   97.44%
Elapsed time = 25.93 sec. (24992.56 ticks, tree = 15.91 MB, solutions = 1)
    991   469    41885.3046  1256   102046.8968    29327.7294  1847207   71.26%
Elapsed time = 2871.28 sec. (2985398.44 ticks, tree = 39.03 MB, solutions = 1)
   1211   871        cutoff          25019.1668      652.4663   257136   97.39%
   1276   902     2696.7213   237    25019.1668      700.4483   261292   97.20%
   1320   952     5544.9105   222    25019.1668      725.0766   276102   97.10%
   1358   993    10221.4801   222    25019.1668      725.6072   286319   97.10%
   1429  1020    16036.2951   186    25019.1668      739.5556   294837   97.04%
   1488  1073     6468.6613   215    25019.1668      760.3992   309277   96.96%
    994   472    43254.3915  1270   102046.8968    29327.7294  1853013   71.26%
   1542  1113     1879.9995   231    25019.1668      782.0512   319609   96.87%
   1609  1169    15794.3517   138    25019.1668      880.9087   331038   96.48%
   1661  1189     6890.5848   236    25019.1668      884.6892   338435   96.46%

Performing restart 1

Repeating presolve.
Tried aggregator 1 time.
Reduced MIP has 5346 rows, 2034 columns, and 13662 nonzeros.
Reduced MIP has 2034 binaries, 0 generals, 0 SOSs, and 0 indicators.
Presolve time = 0.01 sec. (9.90 ticks)
Tried aggregator 1 time.
Reduced MIP has 5346 rows, 2034 columns, and 13662 nonzeros.
Reduced MIP has 2034 binaries, 0 generals, 0 SOSs, and 0 indicators.
Presolve time = 0.02 sec. (13.56 ticks)
Represolve time = 0.27 sec. (147.37 ticks)
   1688     0        0.0000   258    25019.1668      Cuts: 28   349376   96.43%
   1688     0        0.0000   258    25019.1668      Cuts: 38   350029   96.43%
    996   474    49604.8547  1134   102046.8968    29327.7294  1857683   71.26%
   1688     0        0.0000   258    25019.1668     Cuts: 113   350714   96.43%
   1688     0        0.0000   258    25019.1668      Cuts: 72   351292   96.43%
   1688     0        0.0000   258    25019.1668      Cuts: 28   351864   96.43%
   1688     0        0.0000   258    25019.1668      Cuts: 86   352615   96.43%
   1688     2       -0.0000   253    25019.1668      892.2795   352615   96.43%
Elapsed time = 40.30 sec. (39601.68 ticks, tree = 0.02 MB, solutions = 1)
    999   477    46641.3724  1194   102046.8968    29327.7294  1862109   71.26%
   1692     6        0.0000   236    25019.1668      892.2795   354111   96.43%
   1700    11     2770.2525   255    25019.1668      892.2795   358390   96.43%
   1710    23     1611.8218   253    25019.1668      892.2795   365039   96.43%
   1726    33        0.0000   248    25019.1668      892.2795   368854   96.43%
   1002   480    46790.1229  1120   102046.8968    29327.7294  1866421   71.26%
   1752    53     3257.7136   228    25019.1668      892.2795   374467   96.43%
   1778    78     7287.0664   244    25019.1668      892.2795   382625   96.43%
   1797   104     5670.9956   177    25019.1668      892.2795   389349   96.43%
   1811   110     1758.6565   249    25019.1668      892.2795   390956   96.43%
   1007   485    47055.5423  1173   102046.8968    29327.7294  1870713   71.26%
   1830   126     2281.1725   228    25019.1668      892.2795   395388   96.43%
   1846   141     2807.2638   240    25019.1668      892.2795   399843   96.43%
Elapsed time = 54.06 sec. (50052.30 ticks, tree = 3.54 MB, solutions = 1)
   1862   154     2790.3552   221    25019.1668      892.2795   406190   96.43%
   1889   166     7518.5915   225    25019.1668      892.2795   411763   96.43%
   1932   195     4116.5828   215    25019.1668      892.2795   422931   96.43%
   1010   488    49929.0633  1110   102046.8968    29327.7294  1876758   71.26%
   1975   207     2444.1266   242    25019.1668      892.2795   427500   96.43%
   2003   256     2839.1916   233    25019.1668      892.2795   447701   96.43%
   2026   285     1912.8274   228    25019.1668      892.2795   458383   96.43%
   2043   295     2671.1497   240    25019.1668      892.2795   466022   96.43%
   2060   298      992.9080   229    25019.1668      892.2795   472529   96.43%
   1013   491    52127.6398  1122   102046.8968    29327.7294  1883198   71.26%
   2076   318    10600.6345   213    25019.1668      892.2795   478382   96.43%
   2100   322        cutoff          25019.1668      892.2795   490485   96.43%
Elapsed time = 66.19 sec. (59913.34 ticks, tree = 4.15 MB, solutions = 1)
   2120   337     1916.2404   244    25019.1668      892.2795   498053   96.43%
   2137   345     1510.6502   235    25019.1668      892.2795   505480   96.43%
   2154   349     2970.5882   227    25019.1668      892.2795   514190   96.43%
   2176   362     6586.2176   212    25019.1668      892.2795   525293   96.43%
   1018   496    51395.5431  1102   102046.8968    29327.7294  1889554   71.26%
   2194   364        cutoff          25019.1668      892.2795   531502   96.43%
   2213   379     5043.2044   235    25019.1668      892.2795   534219   96.43%
   2230   375     3772.6106   235    25019.1668      892.2795   545218   96.43%
   2248   398     8328.4406   202    25019.1668      892.2795   553834   96.43%
   2274   403     2403.1688   239    25019.1668      892.2795   556507   96.43%
   1022   500    51022.8877  1084   102046.8968    29327.7294  1895679   71.26%
   2295   429     1567.2243   230    25019.1668      892.2795   564784   96.43%
Elapsed time = 77.36 sec. (69732.29 ticks, tree = 5.83 MB, solutions = 1)
   2319   447     4975.7491   235    25019.1668      892.2795   571316   96.43%
   2341   459      911.4426   238    25019.1668      892.2795   576299   96.43%
   2360   474     2169.0390   240    25019.1668      892.2795   581488   96.43%
   2377   488      863.8473   242    25019.1668      892.2795   589425   96.43%
   2396   493     1113.3231   225    25019.1668      892.2795   592737   96.43%
   2423   500     6194.7567   227    25019.1668      892.2795   599890   96.43%
   2446   517     5009.2178   231    25019.1668      892.2795   604246   96.43%
   2466   531     1117.6171   232    25019.1668      892.2795   613954   96.43%
   2490   547     3938.7231   228    25019.1668      892.2795   622769   96.43%
   2515   553        cutoff          25019.1668      892.2795   628286   96.43%
Elapsed time = 87.14 sec. (79535.45 ticks, tree = 9.74 MB, solutions = 1)
   2538   565     3218.4156   223    25019.1668      892.2795   634637   96.43%
   2566   571     1718.9831   243    25019.1668      892.2795   637456   96.43%
   2587   580     1258.2001   233    25019.1668      919.3651   643597   96.33%
   2610   600     2595.1331   220    25019.1668      959.1437   653167   96.17%
   2628   610     1792.6192   229    25019.1668      992.9080   659574   96.03%
   2654   631     4220.9418   236    25019.1668     1117.2616   669350   95.53%
   2678   643     3383.7747   239    25019.1668     1141.4626   675279   95.44%
   2705   649     1881.2527   258    25019.1668     1144.2368   678078   95.43%
   2722   664     4006.4053   232    25019.1668     1149.1991   687690   95.41%
   2745   668    13698.5762   162    25019.1668     1216.1903   691900   95.14%
Elapsed time = 96.61 sec. (89460.08 ticks, tree = 14.03 MB, solutions = 1)
   2768   681     3095.1468   229    25019.1668     1280.0748   701341   94.88%
   2789   688     3137.2496   234    25019.1668     1362.0972   707300   94.56%
   2812   691     9471.5534   218    25019.1668     1401.9410   712910   94.40%
   2845   720    18245.2143   185    25019.1668     1425.1026   721610   94.30%
   2867   734     2433.0335   252    25019.1668     1438.6229   727101   94.25%
   2888   748     4036.5387   255    25019.1668     1438.6229   728270   94.25%
   2913   755    20675.8511   165    25019.1668     1441.0877   736980   94.24%
   2933   768     1824.2734   240    25019.1668     1462.6080   740163   94.15%
   2953   780     3997.2062   251    25019.1668     1466.6447   742803   94.14%
   3039   835     4966.9032   243    25019.1668     1478.5349   767083   94.09%
Elapsed time = 109.31 sec. (102379.42 ticks, tree = 17.82 MB, solutions = 1)
   3121   889     5818.6833   240    25019.1668     1511.1365   794224   93.96%
   3202   944     6468.0242   239    25019.1668     1521.1672   816537   93.92%
   3280   985     1951.4281   238    25019.1668     1534.4516   837699   93.87%
   3362  1064     5398.6377   241    25019.1668     1614.5403   861743   93.55%
   3455  1124     3963.6814   241    25019.1668     1621.2656   887631   93.52%
   3564  1196     3982.0007   266    25019.1668     1643.1149   910911   93.43%
   3661  1247     4852.1019   255    25019.1668     1661.4199   933717   93.36%
   3760  1307     3483.4027   257    25019.1668     1687.6828   954703   93.25%
   3853  1368    24507.2240   131    25019.1668     1729.4371   980795   93.09%
   3939  1417     4630.3198   242    25019.1668     1750.5391  1000830   93.00%
Elapsed time = 149.35 sec. (140942.08 ticks, tree = 33.30 MB, solutions = 1)
   4029  1493     8936.2039   233    25019.1668     1771.2316  1026705   92.92%
   4132  1533     5449.3917   214    25019.1668     1793.2975  1048449   92.83%
   4232  1578     5161.7263   254    25019.1668     1838.0892  1069089   92.65%
   4319  1657    23768.3558   135    25019.1668     1855.0242  1092422   92.59%
   4410  1708    24600.0855   172    25019.1668     1864.8400  1111900   92.55%
   4492  1770     1996.5504   245    25019.1668     1884.2522  1137966   92.47%
   4592  1822     2883.8658   241    25019.1668     1921.4616  1158916   92.32%
   4688  1900     4356.3114   251    25019.1668     1940.4238  1185870   92.24%
   4789  1951     9166.7896   261    25019.1668     1952.1031  1213499   92.20%
   4894  2010     8345.1527   242    25019.1668     1986.6555  1237563   92.06%
Elapsed time = 188.72 sec. (179556.70 ticks, tree = 53.71 MB, solutions = 1)
   5002  2065        cutoff          25019.1668     2011.4629  1261171   91.96%
   5095  2131     6396.7363   265    25019.1668     2045.1210  1285384   91.83%
   5215  2191    28707.1178    78    25019.1668     2057.5156  1310476   91.78%
   5327  2249        cutoff          25019.1668     2075.4705  1337659   91.70%
   5444  2299     3859.9618   256    25019.1668     2144.5989  1364030   91.43%
   5556  2346     8622.7431   185    25019.1668     2173.1391  1383074   91.31%
   5651  2407    12369.9847   226    25019.1668     2207.2950  1405332   91.18%
   5756  2492     3238.1827   255    25019.1668     2239.0018  1433667   91.05%
   5870  2548        cutoff          25019.1668     2269.5167  1449930   90.93%
   5982  2623    20594.2565   143    25019.1668     2286.7323  1473251   90.86%
Elapsed time = 230.30 sec. (217939.84 ticks, tree = 70.79 MB, solutions = 1)
   6096  2694    11301.6546   234    25019.1668     2292.8557  1497266   90.84%
   6231  2765    22974.4162   137    25019.1668     2296.3075  1523957   90.82%
   6333  2847    27847.9716   140    25019.1668     2315.4497  1548554   90.75%
   6435  2878     2807.1888   248    25019.1668     2335.9386  1561255   90.66%
   6538  2956    12410.4888   202    25019.1668     2355.7175  1586231   90.58%
   6653  3024     3112.0364   249    25019.1668     2373.5206  1615086   90.51%
   6753  3102     8343.1540   233    25019.1668     2385.3744  1641706   90.47%
   6869  3188     8554.6352   211    25019.1668     2395.7536  1672025   90.42%
   6979  3272    17763.5305   129    25019.1668     2403.3502  1703435   90.39%
   7085  3306     6639.9399   233    25019.1668     2407.1775  1715954   90.38%
Elapsed time = 268.11 sec. (256371.80 ticks, tree = 86.50 MB, solutions = 1)
   7186  3397     3542.3234   230    25019.1668     2441.4149  1760442   90.24%
   7303  3446        cutoff          25019.1668     2448.4136  1782095   90.21%
   7418  3472     4384.2567   240    25019.1668     2456.5668  1794443   90.18%
   7536  3542     5327.4424   241    25019.1668     2467.9900  1825267   90.14%
   7659  3640     4275.6754   252    25019.1668     2487.8022  1865794   90.06%
   7772  3693     4608.5559   234    25019.1668     2507.1094  1888963   89.98%
   7875  3762    10949.8555   244    25019.1668     2541.6274  1912719   89.84%
   7987  3842     4286.6974   258    25019.1668     2560.9961  1945343   89.76%
   8100  3877    10707.3337   224    25019.1668     2563.0615  1959222   89.76%
   8223  3974     8002.1320   266    25019.1668     2570.5548  1989897   89.73%
Elapsed time = 308.55 sec. (294833.56 ticks, tree = 106.47 MB, solutions = 1)
   8345  4031     4742.8002   244    25019.1668     2593.0160  2011994   89.64%
   8445  4103     6794.2634   254    25019.1668     2595.5229  2035148   89.63%
   8565  4157    14644.9944   169    25019.1668     2606.3540  2059754   89.58%
   8686  4222    infeasible          25019.1668     2615.4079  2082557   89.55%
   8803  4345    12218.5960   221    25019.1668     2642.0279  2121275   89.44%
   8925  4416    22944.7765   143    25019.1668     2659.8355  2144305   89.37%
   9027  4448    12430.4599   210    25019.1668     2674.0657  2156119   89.31%
   9140  4540     4594.0963   262    25019.1668     2692.7304  2188143   89.24%
   9259  4573     4324.2486   238    25019.1668     2708.8291  2211043   89.17%
   9358  4656     4395.9872   266    25019.1668     2721.5244  2234161   89.12%
Elapsed time = 347.09 sec. (333261.31 ticks, tree = 127.72 MB, solutions = 1)
   9458  4691     3734.4415   262    25019.1668     2725.7760  2258308   89.11%
   9572  4764    10449.4573   237    25019.1668     2745.6869  2282053   89.03%
   9696  4856     4699.6796   256    25019.1668     2760.6190  2314557   88.97%
   9819  4916     3961.5263   255    25019.1668     2771.1592  2335442   88.92%
   9927  4983    28199.6235   112    25019.1668     2777.4477  2359298   88.90%
  10037  5047    12793.2399   226    25019.1668     2796.7014  2381945   88.82%
  10154  5129     5815.1934   238    25019.1668     2802.8071  2418688   88.80%
  10275  5157     6722.3527   246    25019.1668     2811.0346  2432224   88.76%
  10415  5250        cutoff          25019.1668     2819.2360  2468068   88.73%
  10532  5322     3676.2983   256    25019.1668     2830.3792  2493841   88.69%
Elapsed time = 384.27 sec. (371683.52 ticks, tree = 147.88 MB, solutions = 1)
  10644  5359     8543.9657   240    25019.1668     2848.4000  2505596   88.62%
  10761  5415    22891.0161   178    25019.1668     2860.1858  2529560   88.57%
  10875  5490     9514.7593   193    25019.1668     2875.8736  2552683   88.51%
  10995  5543        cutoff          25019.1668     2895.6937  2580563   88.43%
  11121  5598    11742.5983   205    25019.1668     2907.3266  2609373   88.38%
  11257  5672     6460.8479   273    25019.1668     2924.2152  2632507   88.31%
  11384  5755        cutoff          25019.1668     2930.5102  2676605   88.29%
  11507  5832     6059.5299   246    25019.1668     2937.6730  2705152   88.26%
  11620  5886     6675.1876   222    25019.1668     2946.2409  2737205   88.22%
  11744  5975     4699.9114   266    25019.1668     2971.5630  2763667   88.12%
Elapsed time = 420.90 sec. (410306.76 ticks, tree = 164.14 MB, solutions = 1)
  11876  6013     6496.7438   260    25019.1668     2990.8641  2775734   88.05%
  12015  6057    infeasible          25019.1668     3004.6705  2805144   87.99%
  12126  6133        cutoff          25019.1668     3020.9061  2833357   87.93%
  12246  6210    15247.8636   206    25019.1668     3034.6625  2861826   87.87%
  12365  6259    14608.9008   225    25019.1668     3045.5360  2890228   87.83%
  12478  6337    22392.0593   129    25019.1668     3045.5360  2919138   87.83%
  12586  6387        cutoff          25019.1668     3064.3080  2945359   87.75%
  12696  6416     3724.4422   259    25019.1668     3076.2169  2958793   87.70%
  12820  6518     5159.4794   254    25019.1668     3091.1388  2999793   87.64%
  12939  6593     5526.3009   250    25019.1668     3101.0643  3024500   87.61%
Elapsed time = 458.15 sec. (448767.45 ticks, tree = 181.81 MB, solutions = 1)
  13075  6632     8140.1704   214    25019.1668     3114.2470  3038522   87.55%
  13197  6728     5044.8969   259    25019.1668     3131.6296  3077759   87.48%
  13313  6796    18130.3303   191    25019.1668     3142.4796  3105108   87.44%
  13426  6873     4368.8784   248    25019.1668     3151.8784  3130878   87.40%
  13536  6905     9291.3035   237    25019.1668     3167.4312  3143027   87.34%
  13661  6960     4626.9815   252    25019.1668     3179.1376  3170380   87.29%
  13783  7060     4851.6967   243    25019.1668     3188.0370  3210381   87.26%
  13906  7138     8144.0000   266    25019.1668     3200.1029  3237015   87.21%
  14032  7204     4976.2994   248    25019.1668     3212.9147  3263776   87.16%
  14138  7264     8918.2881   243    25019.1668     3223.8269  3291072   87.11%
Elapsed time = 497.47 sec. (487136.00 ticks, tree = 204.99 MB, solutions = 1)
  14254  7320     8524.1050   261    25019.1668     3245.5547  3322178   87.03%
  14385  7363    12510.9699   219    25019.1668     3256.9375  3335487   86.98%
  14517  7422     4439.8385   246    25019.1668     3273.6289  3362267   86.92%
  14649  7467     6473.6261   247    25019.1668     3273.6289  3375901   86.92%
  14783  7520     9634.1035   231    25019.1668     3300.5797  3407610   86.81%
  14919  7613    15343.5072   146    25019.1668     3312.4976  3431979   86.76%
  15052  7703     7692.6617   253    25019.1668     3321.2186  3476239   86.73%
  15179  7733    24267.6640   151    25019.1668     3356.9137  3489863   86.58%
  15310  7846     5704.7780   263    25019.1668     3376.7160  3532533   86.50%
  15445  7922        cutoff          25019.1668     3386.4638  3562232   86.46%
Elapsed time = 535.74 sec. (525538.54 ticks, tree = 219.04 MB, solutions = 1)
  15590  7956     7145.3661   245    25019.1668     3402.3404  3576416   86.40%
  15715  8023     8429.5374   245    25019.1668     3407.9982  3601154   86.38%
  15852  8100    21981.1711   189    25019.1668     3418.4136  3631137   86.34%
  15988  8173     6058.8809   257    25019.1668     3428.3310  3655137   86.30%
  16138  8258     8656.3778   262    25019.1668     3437.6164  3685560   86.26%
  16276  8329     4780.4980   246    25019.1668     3454.2242  3710752   86.19%
  16402  8406    19446.8756   161    25019.1668     3462.0572  3738595   86.16%
  16544  8476        cutoff          25019.1668     3471.3226  3766256   86.13%
  16660  8567    12030.6541   231    25019.1668     3476.1587  3808976   86.11%
  16777  8602    10463.5143   221    25019.1668     3484.8184  3822467   86.07%
Elapsed time = 573.61 sec. (563984.96 ticks, tree = 236.38 MB, solutions = 1)
  16914  8651        cutoff          25019.1668     3505.2254  3851227   85.99%
  17047  8747        cutoff          25019.1668     3517.4709  3891367   85.94%
  17165  8806    18006.3779   197    25019.1668     3535.1036  3918449   85.87%
  17286  8835    15071.5787   193    25019.1668     3550.6090  3933220   85.81%
  17396  8858     4776.1663   232    25019.1668     3550.6090  3948805   85.81%
  17517  8924    10544.0872   219    25019.1668     3558.2884  3974991   85.78%
  17634  8970     6657.7857   233    25019.1668     3563.8570  4004882   85.76%
  17760  9038        cutoff          25019.1668     3574.6873  4031189   85.71%
  17898  9119     6526.0479   232    25019.1668     3585.1247  4074113   85.67%
  18023  9194     9089.3735   221    25019.1668     3592.0851  4095928   85.64%
Elapsed time = 610.06 sec. (602449.94 ticks, tree = 253.04 MB, solutions = 1)
  18146  9252     5221.6832   247    25019.1668     3602.5699  4123528   85.60%
  18255  9317     9878.6489   205    25019.1668     3610.8427  4152275   85.57%
