
Welcome to IBM(R) ILOG(R) CPLEX(R) Interactive Optimizer 12.10.0.0
  with Simplex, Mixed Integer & Barrier Optimizers
5725-A06 5725-A29 5724-Y48 5724-Y49 5724-Y54 5724-Y55 5655-Y21
Copyright IBM Corp. 1988, 2019.  All Rights Reserved.

Type 'help' for a list of available commands.
Type 'help' followed by a command name for more
information on commands.

CPLEX> Problem '/var/folders/wb/6pm8s60x797b47qg789x82sc0000gn/T/c98a4e5738de473183f0f22fe1de89c8-pulp.lp' read.
Read time = 0.01 sec. (0.52 ticks)
CPLEX> MIP start file '/var/folders/wb/6pm8s60x797b47qg789x82sc0000gn/T/c98a4e5738de473183f0f22fe1de89c8-pulp.mst' read.
CPLEX> New value for indicator for advanced starting information: 1
CPLEX> New value for time limit in seconds: 14000
CPLEX> New value for default parallel thread count: 2
CPLEX> Version identifier: 12.10.0.0 | 2019-11-26 | 843d4de
CPXPARAM_Threads                                 2
CPXPARAM_TimeLimit                               14000
1 of 1 MIP starts provided solutions.
MIP start 'm1' defined initial solution with objective 25019.1668.
Tried aggregator 1 time.
MIP Presolve eliminated 1020 rows and 450 columns.
MIP Presolve modified 2182 coefficients.
Reduced MIP has 5346 rows, 2034 columns, and 13662 nonzeros.
Reduced MIP has 2034 binaries, 0 generals, 0 SOSs, and 0 indicators.
Presolve time = 0.02 sec. (15.71 ticks)
Probing time = 0.01 sec. (5.04 ticks)
Tried aggregator 1 time.
Detecting symmetries...
Reduced MIP has 5346 rows, 2034 columns, and 13662 nonzeros.
Reduced MIP has 2034 binaries, 0 generals, 0 SOSs, and 0 indicators.
Presolve time = 0.02 sec. (13.20 ticks)
Probing time = 0.01 sec. (4.96 ticks)
Clique table members: 8315.
MIP emphasis: balance optimality and feasibility.
MIP search method: dynamic search.
Parallel mode: deterministic, using up to 2 threads.
Root relaxation solution time = 0.09 sec. (67.65 ticks)

        Nodes                                         Cuts/
   Node  Left     Objective  IInf  Best Integer    Best Bound    ItCnt     Gap

*     0+    0                        25019.1668        0.0000           100.00%
      0     0        0.0000   242    25019.1668        0.0000      657  100.00%
      0     0        0.0000   242    25019.1668      Cuts: 17      761  100.00%
      0     0        0.0000   242    25019.1668     Cuts: 224     1426  100.00%
      0     0        0.0000   242    25019.1668      Cuts: 27     1543  100.00%
      0     0        0.0000   242    25019.1668     Cuts: 224     2206  100.00%
      0     2        0.0000   239    25019.1668        0.0000     2206  100.00%
Elapsed time = 2.22 sec. (2169.76 ticks, tree = 0.02 MB, solutions = 1)
      2     4        0.0000   237    25019.1668        0.0000     4123  100.00%
      7     8     1600.3831   232    25019.1668        0.0000     7013  100.00%
     19    17     2208.1274   238    25019.1668        0.0000    11320  100.00%
     28    27     4104.7198   212    25019.1668        0.0000    14582  100.00%
     37    35     5316.3264   194    25019.1668        0.0000    17995  100.00%
     45    42     6747.5308   180    25019.1668        0.0000    21358  100.00%
     56    51     8282.5525   190    25019.1668        0.0000    23100  100.00%
     70    58       68.6939   227    25019.1668       68.6939    25594   99.73%
     78    65      492.3439   261    25019.1668       68.6939    26290   99.73%
    119    92      608.3276   232    25019.1668       68.6939    34892   99.73%
Elapsed time = 5.83 sec. (5558.52 ticks, tree = 1.05 MB, solutions = 1)
    177   140    17416.2056   147    25019.1668       68.6939    45564   99.73%
    223   165     2806.0914   232    25019.1668       68.6939    55975   99.73%
    277   201     2431.5322   226    25019.1668       68.6939    64458   99.73%
    331   246      393.4015   231    25019.1668       68.6939    76945   99.73%
    375   276       79.0710   258    25019.1668       68.6939    88280   99.73%
    417   306    11382.1615   200    25019.1668       68.6939   102535   99.73%
    475   342    10084.9352   231    25019.1668       79.0710   113020   99.68%
    511   374     4182.8919   224    25019.1668      412.4866   131008   98.35%
    543   383     8504.2071   220    25019.1668      412.4866   133406   98.35%
    583   424    infeasible          25019.1668      462.9658   146024   98.15%
Elapsed time = 15.77 sec. (15253.64 ticks, tree = 4.70 MB, solutions = 1)
    628   454     3503.1034   239    25019.1668      492.3439   156271   98.03%
    680   468     2735.8291   243    25019.1668      505.5422   161375   97.98%
    721   518     6146.7199   217    25019.1668      530.4168   172316   97.88%
    787   534     1706.5966   238    25019.1668      539.9343   179905   97.84%
    856   613     9386.4934   225    25019.1668      590.1659   194938   97.64%
    918   671      662.1405   246    25019.1668      591.4791   206003   97.64%
    976   694    15638.1461   211    25019.1668      608.2826   212657   97.57%
   1033   745    18458.3045   128    25019.1668      628.2833   224687   97.49%
   1097   788     1762.5653   232    25019.1668      640.2198   235756   97.44%
   1165   818     3656.4904   247    25019.1668      641.2522   243190   97.44%
Elapsed time = 25.93 sec. (24992.56 ticks, tree = 15.91 MB, solutions = 1)
   1211   871        cutoff          25019.1668      652.4663   257136   97.39%
   1276   902     2696.7213   237    25019.1668      700.4483   261292   97.20%
   1320   952     5544.9105   222    25019.1668      725.0766   276102   97.10%
   1358   993    10221.4801   222    25019.1668      725.6072   286319   97.10%
   1429  1020    16036.2951   186    25019.1668      739.5556   294837   97.04%
   1488  1073     6468.6613   215    25019.1668      760.3992   309277   96.96%
   1542  1113     1879.9995   231    25019.1668      782.0512   319609   96.87%
   1609  1169    15794.3517   138    25019.1668      880.9087   331038   96.48%
   1661  1189     6890.5848   236    25019.1668      884.6892   338435   96.46%

Performing restart 1

Repeating presolve.
Tried aggregator 1 time.
Reduced MIP has 5346 rows, 2034 columns, and 13662 nonzeros.
Reduced MIP has 2034 binaries, 0 generals, 0 SOSs, and 0 indicators.
Presolve time = 0.01 sec. (9.90 ticks)
Tried aggregator 1 time.
Reduced MIP has 5346 rows, 2034 columns, and 13662 nonzeros.
Reduced MIP has 2034 binaries, 0 generals, 0 SOSs, and 0 indicators.
Presolve time = 0.02 sec. (13.56 ticks)
Represolve time = 0.27 sec. (147.37 ticks)
   1688     0        0.0000   258    25019.1668      Cuts: 28   349376   96.43%
   1688     0        0.0000   258    25019.1668      Cuts: 38   350029   96.43%
   1688     0        0.0000   258    25019.1668     Cuts: 113   350714   96.43%
   1688     0        0.0000   258    25019.1668      Cuts: 72   351292   96.43%
   1688     0        0.0000   258    25019.1668      Cuts: 28   351864   96.43%
   1688     0        0.0000   258    25019.1668      Cuts: 86   352615   96.43%
   1688     2       -0.0000   253    25019.1668      892.2795   352615   96.43%
Elapsed time = 40.30 sec. (39601.68 ticks, tree = 0.02 MB, solutions = 1)
   1692     6        0.0000   236    25019.1668      892.2795   354111   96.43%
   1700    11     2770.2525   255    25019.1668      892.2795   358390   96.43%
   1710    23     1611.8218   253    25019.1668      892.2795   365039   96.43%
   1726    33        0.0000   248    25019.1668      892.2795   368854   96.43%
   1752    53     3257.7136   228    25019.1668      892.2795   374467   96.43%
   1778    78     7287.0664   244    25019.1668      892.2795   382625   96.43%
   1797   104     5670.9956   177    25019.1668      892.2795   389349   96.43%
   1811   110     1758.6565   249    25019.1668      892.2795   390956   96.43%
   1830   126     2281.1725   228    25019.1668      892.2795   395388   96.43%
   1846   141     2807.2638   240    25019.1668      892.2795   399843   96.43%
Elapsed time = 54.06 sec. (50052.30 ticks, tree = 3.54 MB, solutions = 1)
   1862   154     2790.3552   221    25019.1668      892.2795   406190   96.43%
   1889   166     7518.5915   225    25019.1668      892.2795   411763   96.43%
   1932   195     4116.5828   215    25019.1668      892.2795   422931   96.43%
   1975   207     2444.1266   242    25019.1668      892.2795   427500   96.43%
   2003   256     2839.1916   233    25019.1668      892.2795   447701   96.43%
   2026   285     1912.8274   228    25019.1668      892.2795   458383   96.43%
   2043   295     2671.1497   240    25019.1668      892.2795   466022   96.43%
   2060   298      992.9080   229    25019.1668      892.2795   472529   96.43%
   2076   318    10600.6345   213    25019.1668      892.2795   478382   96.43%
   2100   322        cutoff          25019.1668      892.2795   490485   96.43%
Elapsed time = 66.19 sec. (59913.34 ticks, tree = 4.15 MB, solutions = 1)
   2120   337     1916.2404   244    25019.1668      892.2795   498053   96.43%
   2137   345     1510.6502   235    25019.1668      892.2795   505480   96.43%
   2154   349     2970.5882   227    25019.1668      892.2795   514190   96.43%
   2176   362     6586.2176   212    25019.1668      892.2795   525293   96.43%
   2194   364        cutoff          25019.1668      892.2795   531502   96.43%
   2213   379     5043.2044   235    25019.1668      892.2795   534219   96.43%
   2230   375     3772.6106   235    25019.1668      892.2795   545218   96.43%
   2248   398     8328.4406   202    25019.1668      892.2795   553834   96.43%
   2274   403     2403.1688   239    25019.1668      892.2795   556507   96.43%
   2295   429     1567.2243   230    25019.1668      892.2795   564784   96.43%
Elapsed time = 77.36 sec. (69732.29 ticks, tree = 5.83 MB, solutions = 1)
   2319   447     4975.7491   235    25019.1668      892.2795   571316   96.43%
   2341   459      911.4426   238    25019.1668      892.2795   576299   96.43%
   2360   474     2169.0390   240    25019.1668      892.2795   581488   96.43%
   2377   488      863.8473   242    25019.1668      892.2795   589425   96.43%
   2396   493     1113.3231   225    25019.1668      892.2795   592737   96.43%
   2423   500     6194.7567   227    25019.1668      892.2795   599890   96.43%
   2446   517     5009.2178   231    25019.1668      892.2795   604246   96.43%
   2466   531     1117.6171   232    25019.1668      892.2795   613954   96.43%
   2490   547     3938.7231   228    25019.1668      892.2795   622769   96.43%
   2515   553        cutoff          25019.1668      892.2795   628286   96.43%
Elapsed time = 87.14 sec. (79535.45 ticks, tree = 9.74 MB, solutions = 1)
   2538   565     3218.4156   223    25019.1668      892.2795   634637   96.43%
   2566   571     1718.9831   243    25019.1668      892.2795   637456   96.43%
   2587   580     1258.2001   233    25019.1668      919.3651   643597   96.33%
   2610   600     2595.1331   220    25019.1668      959.1437   653167   96.17%
   2628   610     1792.6192   229    25019.1668      992.9080   659574   96.03%
   2654   631     4220.9418   236    25019.1668     1117.2616   669350   95.53%
   2678   643     3383.7747   239    25019.1668     1141.4626   675279   95.44%
   2705   649     1881.2527   258    25019.1668     1144.2368   678078   95.43%
   2722   664     4006.4053   232    25019.1668     1149.1991   687690   95.41%
   2745   668    13698.5762   162    25019.1668     1216.1903   691900   95.14%
Elapsed time = 96.61 sec. (89460.08 ticks, tree = 14.03 MB, solutions = 1)
   2768   681     3095.1468   229    25019.1668     1280.0748   701341   94.88%
   2789   688     3137.2496   234    25019.1668     1362.0972   707300   94.56%
   2812   691     9471.5534   218    25019.1668     1401.9410   712910   94.40%
   2845   720    18245.2143   185    25019.1668     1425.1026   721610   94.30%
   2867   734     2433.0335   252    25019.1668     1438.6229   727101   94.25%
   2888   748     4036.5387   255    25019.1668     1438.6229   728270   94.25%
   2913   755    20675.8511   165    25019.1668     1441.0877   736980   94.24%
   2933   768     1824.2734   240    25019.1668     1462.6080   740163   94.15%
   2953   780     3997.2062   251    25019.1668     1466.6447   742803   94.14%
   3039   835     4966.9032   243    25019.1668     1478.5349   767083   94.09%
Elapsed time = 109.31 sec. (102379.42 ticks, tree = 17.82 MB, solutions = 1)
   3121   889     5818.6833   240    25019.1668     1511.1365   794224   93.96%
   3202   944     6468.0242   239    25019.1668     1521.1672   816537   93.92%
   3280   985     1951.4281   238    25019.1668     1534.4516   837699   93.87%
   3362  1064     5398.6377   241    25019.1668     1614.5403   861743   93.55%
   3455  1124     3963.6814   241    25019.1668     1621.2656   887631   93.52%
   3564  1196     3982.0007   266    25019.1668     1643.1149   910911   93.43%
   3661  1247     4852.1019   255    25019.1668     1661.4199   933717   93.36%
   3760  1307     3483.4027   257    25019.1668     1687.6828   954703   93.25%
   3853  1368    24507.2240   131    25019.1668     1729.4371   980795   93.09%
   3939  1417     4630.3198   242    25019.1668     1750.5391  1000830   93.00%
Elapsed time = 149.35 sec. (140942.08 ticks, tree = 33.30 MB, solutions = 1)
   4029  1493     8936.2039   233    25019.1668     1771.2316  1026705   92.92%
   4132  1533     5449.3917   214    25019.1668     1793.2975  1048449   92.83%
   4232  1578     5161.7263   254    25019.1668     1838.0892  1069089   92.65%
   4319  1657    23768.3558   135    25019.1668     1855.0242  1092422   92.59%
   4410  1708    24600.0855   172    25019.1668     1864.8400  1111900   92.55%
   4492  1770     1996.5504   245    25019.1668     1884.2522  1137966   92.47%
   4592  1822     2883.8658   241    25019.1668     1921.4616  1158916   92.32%
   4688  1900     4356.3114   251    25019.1668     1940.4238  1185870   92.24%
   4789  1951     9166.7896   261    25019.1668     1952.1031  1213499   92.20%
   4894  2010     8345.1527   242    25019.1668     1986.6555  1237563   92.06%
Elapsed time = 188.72 sec. (179556.70 ticks, tree = 53.71 MB, solutions = 1)
   5002  2065        cutoff          25019.1668     2011.4629  1261171   91.96%
   5095  2131     6396.7363   265    25019.1668     2045.1210  1285384   91.83%
   5215  2191    28707.1178    78    25019.1668     2057.5156  1310476   91.78%
   5327  2249        cutoff          25019.1668     2075.4705  1337659   91.70%
   5444  2299     3859.9618   256    25019.1668     2144.5989  1364030   91.43%
   5556  2346     8622.7431   185    25019.1668     2173.1391  1383074   91.31%
   5651  2407    12369.9847   226    25019.1668     2207.2950  1405332   91.18%
   5756  2492     3238.1827   255    25019.1668     2239.0018  1433667   91.05%
   5870  2548        cutoff          25019.1668     2269.5167  1449930   90.93%
   5982  2623    20594.2565   143    25019.1668     2286.7323  1473251   90.86%
Elapsed time = 230.30 sec. (217939.84 ticks, tree = 70.79 MB, solutions = 1)
   6096  2694    11301.6546   234    25019.1668     2292.8557  1497266   90.84%
   6231  2765    22974.4162   137    25019.1668     2296.3075  1523957   90.82%
   6333  2847    27847.9716   140    25019.1668     2315.4497  1548554   90.75%
   6435  2878     2807.1888   248    25019.1668     2335.9386  1561255   90.66%
   6538  2956    12410.4888   202    25019.1668     2355.7175  1586231   90.58%
   6653  3024     3112.0364   249    25019.1668     2373.5206  1615086   90.51%
   6753  3102     8343.1540   233    25019.1668     2385.3744  1641706   90.47%
   6869  3188     8554.6352   211    25019.1668     2395.7536  1672025   90.42%
   6979  3272    17763.5305   129    25019.1668     2403.3502  1703435   90.39%
   7085  3306     6639.9399   233    25019.1668     2407.1775  1715954   90.38%
Elapsed time = 268.11 sec. (256371.80 ticks, tree = 86.50 MB, solutions = 1)
   7186  3397     3542.3234   230    25019.1668     2441.4149  1760442   90.24%
   7303  3446        cutoff          25019.1668     2448.4136  1782095   90.21%
   7418  3472     4384.2567   240    25019.1668     2456.5668  1794443   90.18%
   7536  3542     5327.4424   241    25019.1668     2467.9900  1825267   90.14%
   7659  3640     4275.6754   252    25019.1668     2487.8022  1865794   90.06%
   7772  3693     4608.5559   234    25019.1668     2507.1094  1888963   89.98%
   7875  3762    10949.8555   244    25019.1668     2541.6274  1912719   89.84%
   7987  3842     4286.6974   258    25019.1668     2560.9961  1945343   89.76%
   8100  3877    10707.3337   224    25019.1668     2563.0615  1959222   89.76%
   8223  3974     8002.1320   266    25019.1668     2570.5548  1989897   89.73%
Elapsed time = 308.55 sec. (294833.56 ticks, tree = 106.47 MB, solutions = 1)
   8345  4031     4742.8002   244    25019.1668     2593.0160  2011994   89.64%
   8445  4103     6794.2634   254    25019.1668     2595.5229  2035148   89.63%
   8565  4157    14644.9944   169    25019.1668     2606.3540  2059754   89.58%
   8686  4222    infeasible          25019.1668     2615.4079  2082557   89.55%
   8803  4345    12218.5960   221    25019.1668     2642.0279  2121275   89.44%
   8925  4416    22944.7765   143    25019.1668     2659.8355  2144305   89.37%
   9027  4448    12430.4599   210    25019.1668     2674.0657  2156119   89.31%
   9140  4540     4594.0963   262    25019.1668     2692.7304  2188143   89.24%
   9259  4573     4324.2486   238    25019.1668     2708.8291  2211043   89.17%
   9358  4656     4395.9872   266    25019.1668     2721.5244  2234161   89.12%
Elapsed time = 347.09 sec. (333261.31 ticks, tree = 127.72 MB, solutions = 1)
   9458  4691     3734.4415   262    25019.1668     2725.7760  2258308   89.11%
   9572  4764    10449.4573   237    25019.1668     2745.6869  2282053   89.03%
   9696  4856     4699.6796   256    25019.1668     2760.6190  2314557   88.97%
   9819  4916     3961.5263   255    25019.1668     2771.1592  2335442   88.92%
   9927  4983    28199.6235   112    25019.1668     2777.4477  2359298   88.90%
  10037  5047    12793.2399   226    25019.1668     2796.7014  2381945   88.82%
  10154  5129     5815.1934   238    25019.1668     2802.8071  2418688   88.80%
  10275  5157     6722.3527   246    25019.1668     2811.0346  2432224   88.76%
  10415  5250        cutoff          25019.1668     2819.2360  2468068   88.73%
  10532  5322     3676.2983   256    25019.1668     2830.3792  2493841   88.69%
Elapsed time = 384.27 sec. (371683.52 ticks, tree = 147.88 MB, solutions = 1)
  10644  5359     8543.9657   240    25019.1668     2848.4000  2505596   88.62%
  10761  5415    22891.0161   178    25019.1668     2860.1858  2529560   88.57%
  10875  5490     9514.7593   193    25019.1668     2875.8736  2552683   88.51%
  10995  5543        cutoff          25019.1668     2895.6937  2580563   88.43%
  11121  5598    11742.5983   205    25019.1668     2907.3266  2609373   88.38%
  11257  5672     6460.8479   273    25019.1668     2924.2152  2632507   88.31%
  11384  5755        cutoff          25019.1668     2930.5102  2676605   88.29%
  11507  5832     6059.5299   246    25019.1668     2937.6730  2705152   88.26%
  11620  5886     6675.1876   222    25019.1668     2946.2409  2737205   88.22%
  11744  5975     4699.9114   266    25019.1668     2971.5630  2763667   88.12%
Elapsed time = 420.90 sec. (410306.76 ticks, tree = 164.14 MB, solutions = 1)
  11876  6013     6496.7438   260    25019.1668     2990.8641  2775734   88.05%
  12015  6057    infeasible          25019.1668     3004.6705  2805144   87.99%
  12126  6133        cutoff          25019.1668     3020.9061  2833357   87.93%
  12246  6210    15247.8636   206    25019.1668     3034.6625  2861826   87.87%
  12365  6259    14608.9008   225    25019.1668     3045.5360  2890228   87.83%
  12478  6337    22392.0593   129    25019.1668     3045.5360  2919138   87.83%
  12586  6387        cutoff          25019.1668     3064.3080  2945359   87.75%
  12696  6416     3724.4422   259    25019.1668     3076.2169  2958793   87.70%
  12820  6518     5159.4794   254    25019.1668     3091.1388  2999793   87.64%
  12939  6593     5526.3009   250    25019.1668     3101.0643  3024500   87.61%
Elapsed time = 458.15 sec. (448767.45 ticks, tree = 181.81 MB, solutions = 1)
  13075  6632     8140.1704   214    25019.1668     3114.2470  3038522   87.55%
  13197  6728     5044.8969   259    25019.1668     3131.6296  3077759   87.48%
  13313  6796    18130.3303   191    25019.1668     3142.4796  3105108   87.44%
  13426  6873     4368.8784   248    25019.1668     3151.8784  3130878   87.40%
  13536  6905     9291.3035   237    25019.1668     3167.4312  3143027   87.34%
  13661  6960     4626.9815   252    25019.1668     3179.1376  3170380   87.29%
  13783  7060     4851.6967   243    25019.1668     3188.0370  3210381   87.26%
  13906  7138     8144.0000   266    25019.1668     3200.1029  3237015   87.21%
  14032  7204     4976.2994   248    25019.1668     3212.9147  3263776   87.16%
  14138  7264     8918.2881   243    25019.1668     3223.8269  3291072   87.11%
Elapsed time = 497.47 sec. (487136.00 ticks, tree = 204.99 MB, solutions = 1)
  14254  7320     8524.1050   261    25019.1668     3245.5547  3322178   87.03%
  14385  7363    12510.9699   219    25019.1668     3256.9375  3335487   86.98%
  14517  7422     4439.8385   246    25019.1668     3273.6289  3362267   86.92%
  14649  7467     6473.6261   247    25019.1668     3273.6289  3375901   86.92%
  14783  7520     9634.1035   231    25019.1668     3300.5797  3407610   86.81%
  14919  7613    15343.5072   146    25019.1668     3312.4976  3431979   86.76%
  15052  7703     7692.6617   253    25019.1668     3321.2186  3476239   86.73%
  15179  7733    24267.6640   151    25019.1668     3356.9137  3489863   86.58%
  15310  7846     5704.7780   263    25019.1668     3376.7160  3532533   86.50%
  15445  7922        cutoff          25019.1668     3386.4638  3562232   86.46%
Elapsed time = 535.74 sec. (525538.54 ticks, tree = 219.04 MB, solutions = 1)
  15590  7956     7145.3661   245    25019.1668     3402.3404  3576416   86.40%
  15715  8023     8429.5374   245    25019.1668     3407.9982  3601154   86.38%
  15852  8100    21981.1711   189    25019.1668     3418.4136  3631137   86.34%
  15988  8173     6058.8809   257    25019.1668     3428.3310  3655137   86.30%
  16138  8258     8656.3778   262    25019.1668     3437.6164  3685560   86.26%
  16276  8329     4780.4980   246    25019.1668     3454.2242  3710752   86.19%
  16402  8406    19446.8756   161    25019.1668     3462.0572  3738595   86.16%
  16544  8476        cutoff          25019.1668     3471.3226  3766256   86.13%
  16660  8567    12030.6541   231    25019.1668     3476.1587  3808976   86.11%
  16777  8602    10463.5143   221    25019.1668     3484.8184  3822467   86.07%
Elapsed time = 573.61 sec. (563984.96 ticks, tree = 236.38 MB, solutions = 1)
  16914  8651        cutoff          25019.1668     3505.2254  3851227   85.99%
  17047  8747        cutoff          25019.1668     3517.4709  3891367   85.94%
  17165  8806    18006.3779   197    25019.1668     3535.1036  3918449   85.87%
  17286  8835    15071.5787   193    25019.1668     3550.6090  3933220   85.81%
  17396  8858     4776.1663   232    25019.1668     3550.6090  3948805   85.81%
  17517  8924    10544.0872   219    25019.1668     3558.2884  3974991   85.78%
  17634  8970     6657.7857   233    25019.1668     3563.8570  4004882   85.76%
  17760  9038        cutoff          25019.1668     3574.6873  4031189   85.71%
  17898  9119     6526.0479   232    25019.1668     3585.1247  4074113   85.67%
  18023  9194     9089.3735   221    25019.1668     3592.0851  4095928   85.64%
Elapsed time = 610.06 sec. (602449.94 ticks, tree = 253.04 MB, solutions = 1)
  18146  9252     5221.6832   247    25019.1668     3602.5699  4123528   85.60%
  18255  9317     9878.6489   205    25019.1668     3610.8427  4152275   85.57%
