
Log started (V12.10.0.0) Fri Oct  2 12:48:15 2020


Problem '/var/folders/wb/6pm8s60x797b47qg789x82sc0000gn/T/c68964044c85429e9df29927b9f55c7e-pulp.lp' read.
Read time = 0.06 sec. (2.61 ticks)
New value for time limit in seconds: 9600
New value for default parallel thread count: 6
Version identifier: 12.10.0.0 | 2019-11-26 | 843d4de
CPXPARAM_Threads                                 6
CPXPARAM_TimeLimit                               9600
Tried aggregator 2 times.
MIP Presolve eliminated 10337 rows and 3756 columns.
MIP Presolve modified 21222 coefficients.
Aggregator did 960 substitutions.
Reduced MIP has 14704 rows, 5610 columns, and 48730 nonzeros.
Reduced MIP has 5610 binaries, 0 generals, 0 SOSs, and 0 indicators.
Presolve time = 0.13 sec. (97.13 ticks)
Probing time = 0.02 sec. (6.14 ticks)
Tried aggregator 1 time.
Detecting symmetries...
Reduced MIP has 14704 rows, 5610 columns, and 48730 nonzeros.
Reduced MIP has 5610 binaries, 0 generals, 0 SOSs, and 0 indicators.
Presolve time = 0.04 sec. (37.64 ticks)
Probing time = 0.02 sec. (5.83 ticks)
Clique table members: 28792.
MIP emphasis: balance optimality and feasibility.
MIP search method: dynamic search.
Parallel mode: deterministic, using up to 6 threads.
Root relaxation solution time = 0.38 sec. (251.64 ticks)

        Nodes                                         Cuts/
   Node  Left     Objective  IInf  Best Integer    Best Bound    ItCnt     Gap

*     0+    0                        67188.1552        0.0000           100.00%
*     0+    0                        67095.7786        0.0000           100.00%
      0     0     1078.3224   415    67095.7786     1078.3224     1935   98.39%
*     0+    0                        65594.0685     1078.3224            98.36%
      0     0     1078.3224   415    65594.0685     Cuts: 113     4082   98.36%
      0     0     1189.9614   415    65594.0685     Cuts: 128     6103   98.19%
      0     0     1524.8782   415    65594.0685     Cuts: 389     8544   97.68%
      0     0     1524.8782   415    65594.0685     Cuts: 347    10630   97.68%
*     0+    0                        57507.4861     1524.8782            97.35%
Detecting symmetries...
      0     2     1524.8782   415    57507.4861     1524.8782    10630   97.35%
Elapsed time = 26.65 sec. (13724.55 ticks, tree = 0.02 MB, solutions = 4)
      2     4     1688.1865   419    57507.4861     1524.8782    13499   97.35%
      3     4     1607.2243   434    57507.4861     1524.8782    14245   97.35%
      8    10     1607.2243   362    57507.4861     1607.2243    22405   97.21%
     10     5     1688.1865   442    57507.4861     1607.2243    15716   97.21%
     17    12     1654.2282   401    57507.4861     1607.2243    26541   97.21%
     20    15     1693.8789   365    57507.4861     1607.2243    27435   97.21%
     22    17     1693.8789   344    57507.4861     1607.2243    27807   97.21%
     26     7     1866.2797   454    57507.4861     1607.2243    23726   97.21%
     28    27     1866.2797   388    57507.4861     1607.2243    38864   97.21%
     29    25     2270.9221   411    57507.4861     1607.2243    38972   97.21%
Elapsed time = 38.26 sec. (19944.33 ticks, tree = 0.74 MB, solutions = 4)
     35     5     1947.1665   404    57507.4861     1607.2243    30530   97.21%
     40    36     1931.9987   354    57507.4861     1607.2243    77265   97.21%
     42    38     2515.3719   440    57507.4861     1607.2243    81564   97.21%
     46     6     1710.9076   439    57507.4861     1607.2243    41025   97.21%
*    48+   42                        55416.3366     1607.2243            97.10%
     48    39     2121.3232   471    55416.3366     1607.2243    89702   97.10%
     52    32     2013.1551   433    55416.3366     1607.2243    67912   97.10%
     55    53     2700.1626   360    55416.3366     1607.2243   168815   97.10%
     65    49     2320.9627   445    55416.3366     1607.2243   149192   97.10%
     78    74     3757.1284   301    55416.3366     1607.2243   193993   97.10%
     80    20     2169.2153   442    55416.3366     1607.2243    68957   97.10%
Elapsed time = 69.71 sec. (34347.79 ticks, tree = 0.36 MB, solutions = 5)
     86    34     2235.9264   455    55416.3366     1607.2243   102803   97.10%
     88    60     2229.5114   430    55416.3366     1607.2243   205384   97.10%
     90    81     1948.9291   445    55416.3366     1607.2243   256968   97.10%
     94    75     1866.2043   453    55416.3366     1607.2243   224259   97.10%
     99    76     4333.0342   416    55416.3366     1607.2243   208663   97.10%
    105    98     5511.0276   284    55416.3366     1607.2243   387260   97.10%
    111   104     5714.9424   272    55416.3366     1607.2243   389199   97.10%
    120   112     7289.8667   280    55416.3366     1607.2243   391479   97.10%
    136   104     1693.8789   301    55416.3366     1607.2243   425525   97.10%
    145    97     2737.7439   445    55416.3366     1607.2243   429311   97.10%
Elapsed time = 107.92 sec. (51744.21 ticks, tree = 2.53 MB, solutions = 5)
    146   129     9154.4826   269    55416.3366     1607.2243   430580   97.10%
    154   137    11198.8032   340    55416.3366     1607.2243   449078   97.10%
    159   130     2330.0809   429    55416.3366     1607.2243   473306   97.10%
    162   151     2767.3926   305    55416.3366     1607.2243   544865   97.10%
    173   143     2202.2168   447    55416.3366     1607.2243   528753   97.10%
    177   144    11124.0401   319    55416.3366     1607.2243   491291   97.10%
    189   177    13027.1999   244    55416.3366     1607.2243   633278   97.10%
    194   182    12445.4866   228    55416.3366     1607.2243   639101   97.10%
    198   183    12445.4866   234    55416.3366     1607.2243   639284   97.10%
    206   187    12514.2342   292    55416.3366     1607.2243   645164   97.10%
Elapsed time = 136.55 sec. (67009.04 ticks, tree = 5.81 MB, solutions = 5)
    219   177     2138.7678   342    55416.3366     1607.2243   650902   97.10%
    230   180     2202.2168   395    55416.3366     1607.2243   662129   97.10%
    243   212    13096.2857   268    55416.3366     1607.2243   695548   97.10%
    253   216     2767.3926   303    55416.3366     1607.2243   738646   97.10%
    262   221     2767.3926   305    55416.3366     1607.2243   743684   97.10%
    267   226     3026.3729   352    55416.3366     1607.2243   748625   97.10%
    275   230     2767.3926   310    55416.3366     1607.2243   753364   97.10%
    279   211     3584.2164   387    55416.3366     1607.2243   717426   97.10%
    285   245    14090.4481   272    55416.3366     1607.2243   783533   97.10%
    290   254     3872.4717   376    55416.3366     1607.2243   818163   97.10%
Elapsed time = 159.04 sec. (77248.20 ticks, tree = 7.03 MB, solutions = 5)
    294   185     1897.3488   489    55416.3366     1607.2243   682345   97.10%
    304   282    14855.6219   276    55416.3366     1607.2243   882587   97.10%
    308   285    14797.0790   262    55416.3366     1607.2243   887191   97.10%
    322   301     2871.0759   327    55416.3366     1607.2243   950742   97.10%
    334   305     3227.2320   364    55416.3366     1607.2243   955547   97.10%
    341   299    15183.1129   269    55416.3366     1607.2243   903494   97.10%
    350   308    16319.9790   240    55416.3366     1607.2243   909193   97.10%
    358   338    19074.8005   225    55416.3366     1607.2243  1004126   97.10%
    375   346    21301.5691   210    55416.3366     1607.2243  1008659   97.10%
    382   358     2767.3926   303    55416.3366     1607.2243  1024028   97.10%
Elapsed time = 182.80 sec. (87918.76 ticks, tree = 10.09 MB, solutions = 5)
    403   364     1797.5954   358    55416.3366     1607.2243  1051665   97.10%
    423   370     5831.1843   390    55416.3366     1607.2243  1065423   97.10%
    444   374     7048.2455   394    55416.3366     1607.2243  1070881   97.10%
    455   378     7853.7676   361    55416.3366     1607.2243  1075574   97.10%
    472   382     8442.2222   370    55416.3366     1607.2243  1081608   97.10%
    485   383     2909.1748   384    55416.3366     1607.2243  1051275   97.10%
    489   424    24788.4555   199    55416.3366     1607.2243  1119875   97.10%
    500   450     2767.3926   303    55416.3366     1607.2243  1152181   97.10%
    510   435    25266.1470   207    55416.3366     1607.2243  1130913   97.10%
    515   440    26575.7651   202    55416.3366     1607.2243  1136293   97.10%
Elapsed time = 206.41 sec. (98921.21 ticks, tree = 11.72 MB, solutions = 5)
    519   444    27406.2882   206    55416.3366     1607.2243  1140269   97.10%
    526   485    28162.2073   195    55416.3366     1607.2243  1181313   97.10%
    539   493    33102.2065   193    55416.3366     1607.2243  1186530   97.10%
    552   500    34411.4363   189    55416.3366     1607.2243  1191120   97.10%
    565   511    40847.9382   179    55416.3366     1607.2243  1195985   97.10%
    582   523    42593.2557   144    55416.3366     1607.2243  1199933   97.10%
    602   528     9323.6770   351    55416.3366     1607.2243  1266569   97.10%
    620   553    50246.2520    58    55416.3366     1607.2243  1210187   97.10%
    638   534    11882.4324   340    55416.3366     1607.2243  1277035   97.10%
*   639+  374                        53445.0736     1607.2243            96.99%
    646   532     2281.5386   402    53445.0736     1607.2243  1273781   96.99%
Elapsed time = 227.37 sec. (109034.70 ticks, tree = 13.65 MB, solutions = 6)
    657   542    11660.8721   314    53445.0736     1607.2243  1286495   96.99%
    671   537     2570.0040   367    53445.0736     1607.2243  1283064   96.99%
    676   540     3151.1091   385    53445.0736     1607.2243  1290740   96.99%
    687   617     2489.7256   380    53445.0736     1607.2243  1331369   96.99%
    699   621     2230.7456   317    53445.0736     1607.2243  1335914   96.99%
    714   625     2230.7456   306    53445.0736     1607.2243  1340452   96.99%
    732   632     2230.7456   325    53445.0736     1607.2243  1345513   96.99%
    742   635     2779.4359   371    53445.0736     1607.2243  1350810   96.99%
    752   626     1607.2243   322    53445.0736     1607.2243  1364249   96.99%
    761   663     3506.2830   362    53445.0736     1607.2243  1425700   96.99%
Elapsed time = 254.85 sec. (119493.85 ticks, tree = 14.84 MB, solutions = 6)
    778   701     2834.4765   312    53445.0736     1607.2243  1470739   96.99%
    796   707     2978.6702   313    53445.0736     1607.2243  1475562   96.99%
    808   639     1866.2043   382    53445.0736     1607.2243  1384563   96.99%
    815   673     3096.0654   302    53445.0736     1607.2243  1433214   96.99%
    828   678     3566.4341   359    53445.0736     1607.2243  1438213   96.99%
    844   685     3516.3401   307    53445.0736     1607.2243  1443065   96.99%
    860   733     1717.9384   375    53445.0736     1607.2243  1514896   96.99%
    872   736    12288.3871   366    53445.0736     1607.2243  1523516   96.99%
    887   781     6080.8662   291    53445.0736     1607.2243  1548142   96.99%
    927   808     9518.7508   311    53445.0736     1607.2243  1562141   96.99%
Elapsed time = 290.45 sec. (133057.11 ticks, tree = 18.10 MB, solutions = 6)
*   957+  791                        53202.1739     1607.2243            96.98%
    973   904     2440.4296   347    53202.1739     1607.2243  1717728   96.98%
   1039   918     3171.4782   333    53202.1739     1607.2243  1729137   96.98%
   1135   956     6712.6653   368    53202.1739     1607.2243  1789730   96.98%
   1257  1026    16324.5469   254    53202.1739     1607.2243  1873290   96.98%
   1372  1130    14195.1811   245    53202.1739     1607.2243  1945123   96.98%
   1495  1301    16431.6019   239    53202.1739     1607.2243  2133238   96.98%
   1594  1324    21950.3615   195    53202.1739     1607.2243  2152542   96.98%

Performing restart 1

Repeating presolve.
Tried aggregator 1 time.
Reduced MIP has 14704 rows, 5610 columns, and 48730 nonzeros.
Reduced MIP has 5610 binaries, 0 generals, 0 SOSs, and 0 indicators.
Presolve time = 0.03 sec. (30.78 ticks)
Tried aggregator 1 time.
Reduced MIP has 14704 rows, 5610 columns, and 48730 nonzeros.
Reduced MIP has 5610 binaries, 0 generals, 0 SOSs, and 0 indicators.
Presolve time = 0.04 sec. (38.91 ticks)
Represolve time = 0.43 sec. (231.37 ticks)
   1633     0     1610.5212   468    53202.1739     Cuts: 123  2385372   96.97%
   1633     0     1738.9444   468    53202.1739     Cuts: 366  2388235   96.73%
   1633     0     1917.7777   468    53202.1739     Cuts: 411  2391606   96.40%
   1633     0     1936.2971   468    53202.1739     Cuts: 442  2394176   96.36%
   1633     0     1952.5130   468    53202.1739     Cuts: 522  2398298   96.33%
   1633     0     1955.2318   468    53202.1739     Cuts: 316  2401630   96.32%
   1633     0     1956.7822   468    53202.1739     Cuts: 409  2404644   96.32%
   1633     0     2003.6484   468    53202.1739     Cuts: 404  2407626   96.23%
   1633     0     2003.6484   468    53202.1739     Cuts: 444  2410744   96.23%
   1633     0     2003.6484   468    53202.1739      Cuts: 41  2414411   96.23%
   1633     0     2011.5624   468    53202.1739     Cuts: 380  2417171   96.22%
   1633     0     2050.5961   468    53202.1739     Cuts: 335  2420029   96.15%
   1633     0     2051.5607   468    53202.1739     Cuts: 371  2423715   96.14%
   1633     0     2071.0418   468    53202.1739     Cuts: 370  2426492   96.11%
   1633     0     2080.9010   468    53202.1739     Cuts: 362  2429441   96.09%
   1633     0     2098.0185   468    53202.1739     Cuts: 439  2431900   96.06%
   1633     0     2098.0185   468    53202.1739     Cuts: 382  2435064   96.06%
   1633     0     2098.0185   468    53202.1739     Cuts: 140  2438080   96.06%
   1633     0     2106.6892   468    53202.1739     Cuts: 320  2441093   96.04%
   1633     0     2106.6892   468    53202.1739     Cuts: 318  2444245   96.04%
   1633     0     2109.0750   468    53202.1739     Cuts: 155  2447488   96.04%
   1633     0     2111.6099   468    53202.1739     Cuts: 382  2451348   96.03%
   1633     0     2113.8466   468    53202.1739     Cuts: 342  2454751   96.03%
   1633     0     2113.8466   468    53202.1739     Cuts: 301  2457497   96.03%
   1633     2     2113.8466   437    53202.1739     2113.8466  2457497   96.03%
   1634     3     2114.6033   413    53202.1739     2115.3600  2465090   96.02%
   1638     5     2610.7610   436    53202.1739     2122.3910  2478366   96.01%
Elapsed time = 563.66 sec. (274479.49 ticks, tree = 0.02 MB, solutions = 7)
*  1643+    3                        52579.7109     2122.3910            95.96%
   1656    15     3107.2630   429    52579.7109     2122.3910  2500532   95.96%
   1698    40     4900.1351   316    52579.7109     2138.8924  2517259   95.93%
   1739    86     5609.4684   404    52579.7109     2138.8924  2546420   95.93%
   1826   128     2868.0431   319    52579.7109     2138.8924  2573920   95.93%
   1937   239     6008.0999   296    52579.7109     2138.8924  2615159   95.93%
   2000   273     7608.5544   273    52579.7109     2138.8924  2627911   95.93%
   2089   378     7331.9520   313    52579.7109     2138.8924  2683602   95.93%
   2126   472    10671.6818   298    52579.7109     2138.8924  2739720   95.93%
   2168   498    11661.7428   282    52579.7109     2138.8924  2760074   95.93%
   2243   542    13675.6576   226    52579.7109     2138.8924  2775119   95.93%
Elapsed time = 647.38 sec. (313217.24 ticks, tree = 50.21 MB, solutions = 8)
   2305   609    16511.7231   285    52579.7109     2138.8924  2829975   95.93%
   2335   617    14251.7777   308    52579.7109     2138.8924  2844673   95.93%
   2389   699    20196.9104   197    52579.7109     2138.8924  2898014   95.93%
   2461   784    19414.1211   260    52579.7109     2138.8924  2951333   95.93%
   2539   798    21438.4616   211    52579.7109     2138.8924  2962130   95.93%
   2616   887    23164.5874   206    52579.7109     2138.8924  3013947   95.93%
   2675   999    25546.5970   208    52579.7109     2138.8924  3083576   95.93%
   2731  1062    31444.6775   153    52579.7109     2138.8924  3142396   95.93%
   2835  1050    25719.9914   168    52579.7109     2138.8924  3144296   95.93%
   2980  1272    32149.2624   183    52579.7109     2138.8924  3250383   95.93%
Elapsed time = 740.50 sec. (352238.33 ticks, tree = 134.40 MB, solutions = 8)
   3031  1167    11975.4350   388    52579.7109     2138.8924  3233368   95.93%
   3081  1390    41250.0953   132    52579.7109     2138.8924  3317963   95.93%
   3147  1419    23871.2952   182    52579.7109     2138.8924  3333449   95.93%
   3161  1466     2292.7611   416    52579.7109     2138.8924  3385136   95.93%
   3200  1486     2623.1607   388    52579.7109     2138.8924  3424085   95.93%
   3254  1554    28652.2900   165    52579.7109     2138.8924  3501212   95.93%
   3298  1581    36955.2473   147    52579.7109     2138.8924  3506672   95.93%
   3364  1622    41053.1730   118    52579.7109     2138.8924  3512765   95.93%
   3413  1665     4102.0895   453    52579.7109     2138.8924  3562812   95.93%
   3461  1722     3149.0336   460    52579.7109     2138.8924  3607187   95.93%
Elapsed time = 824.55 sec. (391314.61 ticks, tree = 182.54 MB, solutions = 8)
   3516  1784     2894.8813   351    52579.7109     2138.8924  3670608   95.93%
   3556  1812     6563.1546   333    52579.7109     2138.8924  3679730   95.93%
   3579  1861    10208.5262   282    52579.7109     2138.8924  3712590   95.93%
   3608  1884    10709.2671   295    52579.7109     2138.8924  3717429   95.93%
   3626  1870    19605.7504   295    52579.7109     2138.8924  3743041   95.93%
   3649  1735     2329.2722   345    52579.7109     2138.8924  3612985   95.93%
   3707  1961    13201.4696   259    52579.7109     2138.8924  3780060   95.93%
   3810  1990    22128.7299   201    52579.7109     2138.8924  3787916   95.93%
   3837  2074    23479.9104   265    52579.7109     2138.8924  3871837   95.93%
   3877  2108    24512.3479   193    52579.7109     2138.8924  3874712   95.93%
Elapsed time = 906.62 sec. (430418.67 ticks, tree = 220.71 MB, solutions = 8)
   3956  2134     8484.9921   270    52579.7109     2138.8924  3893415   95.93%
   4044  2233    29701.9415   163    52579.7109     2138.8924  3997319   95.93%
   4104  2313     9911.2973   252    52579.7109     2138.8924  4044750   95.93%
   4156  2376    35032.5377   162    52579.7109     2138.8924  4063103   95.93%
   4203  2490    41696.1519   125    52579.7109     2138.8924  4148262   95.93%
   4268  2525     5981.9055   313    52579.7109     2138.8924  4213527   95.93%
   4340  2519     8683.3131   396    52579.7109     2138.8924  4213540   95.93%
*  4359+ 2536                        50905.4534     2138.8924            95.80%
   4386  2538    12213.9722   242    50905.4534     2138.8924  4235659   95.80%
   4441  2657     8041.0755   275    50905.4534     2138.8924  4272893   95.80%
   4465  2658     2847.1233   367    50905.4534     2156.6448  4291323   95.76%
Elapsed time = 984.32 sec. (469808.81 ticks, tree = 278.49 MB, solutions = 9)
   4514  2753    13310.2401   335    50905.4534     2156.6448  4378626   95.76%
   4569  2815     8933.6140   312    50905.4534     2156.6448  4417796   95.76%
   4603  2819    10131.8348   271    50905.4534     2156.6448  4418794   95.76%
   4634  2829    18493.4840   331    50905.4534     2156.6448  4481490   95.76%
   4683  2889    16221.9125   258    50905.4534     2156.6448  4505331   95.76%
   4745  2981    15550.7378   262    50905.4534     2156.6448  4622710   95.76%
   4811  3025    18844.0486   272    50905.4534     2156.6448  4647649   95.76%
   4915  3107    29064.1505   153    50905.4534     2156.6448  4660323   95.76%
   4955  3044    22922.6793   313    50905.4534     2156.6448  4667106   95.76%
   4990  3177     9902.5399   430    50905.4534     2156.6448  4777738   95.76%
Elapsed time = 1076.38 sec. (509994.61 ticks, tree = 322.31 MB, solutions = 9)
   5051  3232    27444.8073   181    50905.4534     2156.6448  4826065   95.76%
   5138  3255    26481.7545   257    50905.4534     2156.6448  4847842   95.76%
   5258  3291    31038.7494   203    50905.4534     2156.6448  4847624   95.76%
   5418  3474    33562.4318   223    50905.4534     2156.6448  4929216   95.76%
   5542  3451    50606.8763    79    50905.4534     2156.6448  4926942   95.76%
   5561  3550    15625.7297   347    50905.4534     2156.6448  5023481   95.76%
   5577  3815     2548.5633   463    50905.4534     2156.6448  5091353   95.76%
   5657  3867     9828.0337   283    50905.4534     2156.6448  5133454   95.76%
   5695  3850     7165.6967   294    50905.4534     2156.6448  5097192   95.76%
   5763  3953    13365.8227   365    50905.4534     2156.6448  5265925   95.76%
Elapsed time = 1171.53 sec. (549165.67 ticks, tree = 406.17 MB, solutions = 9)
   5807  3968    14183.2424   360    50905.4534     2156.6448  5276665   95.76%
   5839  4090    14623.2957   353    50905.4534     2156.6448  5383440   95.76%
   5875  4030     7318.9859   445    50905.4534     2156.6448  5322273   95.76%
   5945  4154     4048.9319   337    50905.4534     2156.6448  5489420   95.76%
   5971  4153    20837.5165   262    50905.4534     2156.6448  5455664   95.76%
   6074  4181     6408.2441   324    50905.4534     2156.6448  5494455   95.76%
   6143  4241    23325.7883   307    50905.4534     2156.6448  5597696   95.76%
   6223  4257    21848.4746   218    50905.4534     2156.6448  5550536   95.76%
   6273  4339     2364.7857   382    50905.4534     2156.6448  5663425   95.76%
   6335  4545    13843.3437   264    50905.4534     2156.6448  5722129   95.76%
Elapsed time = 1260.70 sec. (588454.27 ticks, tree = 465.43 MB, solutions = 9)
   6421  4559    10460.7286   269    50905.4534     2156.6448  5727446   95.76%
   6504  4577    13210.4730   236    50905.4534     2156.6448  5734055   95.76%
   6555  4684    20321.8283   205    50905.4534     2156.6448  5792462   95.76%
   6644  4817    37521.5871   173    50905.4534     2156.6448  5880088   95.76%
   6732  4755    15168.7051   234    50905.4534     2156.6448  5851586   95.76%
   6788  4992    16579.8268   210    50905.4534     2163.1310  5986615   95.75%
   6821  4912     9393.0005   314    50905.4534     2163.1310  5950878   95.75%
   6886  5039     7133.3371   299    50905.4534     2163.1310  6026769   95.75%
   6942  5048    10826.4529   304    50905.4534     2163.1310  6075076   95.75%
   6986  5039     9201.7881   381    50905.4534     2163.1310  6057232   95.75%
Elapsed time = 1341.73 sec. (627378.09 ticks, tree = 512.07 MB, solutions = 9)
   7050  5126    22097.6146   259    50905.4534     2163.1310  6146074   95.75%
   7133  5240    18943.2714   210    50905.4534     2207.6341  6202588   95.66%
   7190  5307     7668.9517   393    50905.4534     2207.6341  6297554   95.66%
   7234  5320     6738.9513   307    50905.4534     2207.6341  6300619   95.66%
   7304  5427    19680.6468   270    50905.4534     2207.6341  6336933   95.66%
   7427  5454    22250.5921   231    50905.4534     2207.6341  6351371   95.66%
   7528  5531    14605.2562   260    50905.4534     2207.6341  6347729   95.66%
   7596  5605    27276.8295   204    50905.4534     2218.7677  6403710   95.64%
   7684  5630    33850.2171   157    50905.4534     2218.7677  6410429   95.64%
   7830  5830     8764.0127   281    50905.4534     2218.7677  6514581   95.64%
Elapsed time = 1425.03 sec. (666152.67 ticks, tree = 576.72 MB, solutions = 9)
   7876  5971     3417.2289   352    50905.4534     2218.7677  6544559   95.64%
   7934  6002     8809.5269   260    50905.4534     2218.7677  6550938   95.64%
   8045  6045    12054.8548   254    50905.4534     2218.7677  6557846   95.64%
   8185  6124    10534.4050   251    50905.4534     2218.7677  6679400   95.64%
   8318  6287    22598.0041   200    50905.4534     2218.7677  6711456   95.64%
   8402  6469     8530.6121   277    50905.4534     2218.7677  6779098   95.64%
   8502  6331    15354.8028   216    50905.4534     2218.7677  6765110   95.64%
   8564  6459    23983.3536   244    50905.4534     2218.7677  6769654   95.64%
   8653  6776    25613.3835   218    50905.4534     2218.7677  6878653   95.64%
   8712  6692    23934.9889   225    50905.4534     2218.7677  6845731   95.64%
Elapsed time = 1511.37 sec. (704772.83 ticks, tree = 639.40 MB, solutions = 9)
   8782  6709    21184.7283   189    50905.4534     2218.7677  6877437   95.64%
   8900  6883    19077.3338   337    50905.4534     2218.7677  6932836   95.64%
   8991  6973    24829.3752   173    50905.4534     2218.7677  6943535   95.64%
   9092  7120     9731.1609   298    50905.4534     2218.7677  6979622   95.64%
*  9164+ 7137                        50874.0048     2218.7677            95.64%
   9269  7141    27362.6281   168    50874.0048     2218.7677  6978446   95.64%
   9429  7171     6826.6015   302    50874.0048     2262.9037  6983755   95.55%
   9629  7435     9367.9541   275    50874.0048     2262.9037  7088304   95.55%
   9746  7548    32879.6627   146    50874.0048     2262.9037  7109671   95.55%
   9859  7668    28908.4883   160    50874.0048     2267.5667  7153441   95.54%
  10032  8010     6720.9721   282    50874.0048     2267.5667  7208977   95.54%
Elapsed time = 1583.92 sec. (743238.59 ticks, tree = 743.01 MB, solutions = 10)
  10170  8034    10207.0884   250    50874.0048     2267.5667  7214712   95.54%
  10385  8276    31048.0380   156    50874.0048     2267.5667  7259884   95.54%
  10515  8472    32407.2482   139    50874.0048     2267.5667  7302151   95.54%
  10638  8509     3467.2398   326    50874.0048     2267.5667  7308964   95.54%
  10715  8532    10886.0755   302    50874.0048     2267.5667  7313703   95.54%
  10796  8607     6073.9050   285    50874.0048     2267.5667  7343608   95.54%
  10906  8765    25659.0495   175    50874.0048     2267.5667  7365799   95.54%
  11018  8948     7885.7633   297    50874.0048     2287.4591  7439439   95.50%
  11140  8983     2690.8141   425    50874.0048     2287.4591  7497524   95.50%
  11207  9018    16562.1483   228    50874.0048     2287.4591  7451878   95.50%
Elapsed time = 1660.16 sec. (781631.72 ticks, tree = 818.77 MB, solutions = 10)
  11283  9178    22624.0016   196    50874.0048     2287.4591  7563103   95.50%
  11379  9305     3028.9911   393    50874.0048     2287.4591  7608048   95.50%
  11470  9248     2877.9831   357    50874.0048     2287.4591  7576140   95.50%
  11547  9370    13925.0406   233    50874.0048     2287.4591  7620925   95.50%
  11604  9507     3516.1600   403    50874.0048     2287.4591  7721489   95.50%
  11677  9532     8425.0715   309    50874.0048     2287.4591  7729271   95.50%
  11763  9652    33927.3249   136    50874.0048     2287.4591  7749508   95.50%
  11833  9946     2924.2010   331    50874.0048     2287.4591  7880019   95.50%
  11936  9983     7662.9800   264    50874.0048     2287.4591  7886922   95.50%
  12057 10045    12106.2205   242    50874.0048     2287.4591  7916952   95.50%
Elapsed time = 1734.78 sec. (820280.01 ticks, tree = 886.81 MB, solutions = 10)
  12144 10103    25685.0054   173    50874.0048     2287.4591  7998295   95.50%
  12244 10126    29725.3773   160    50874.0048     2287.4591  8004499   95.50%
  12321 10256     2963.9990   401    50874.0048     2287.4591  8072651   95.50%
  12400 10267     3107.0243   343    50874.0048     2287.4591  8078778   95.50%
  12459 10388    15367.6507   302    50874.0048     2287.4591  8147401   95.50%
  12508 10419     6296.8962   303    50874.0048     2287.4591  8139481   95.50%
  12537 10563    17074.9297   256    50874.0048     2292.7611  8254987   95.49%
  12589 10536     4092.4949   356    50874.0048     2292.7611  8223972   95.49%
  12624 10638    10383.9617   293    50874.0048     2292.7611  8298644   95.49%
  12695 10814    22104.9132   203    50874.0048     2292.7611  8406668   95.49%
Elapsed time = 1813.08 sec. (859021.34 ticks, tree = 955.79 MB, solutions = 10)
  12760 10680    16417.4004   216    50874.0048     2292.7611  8310904   95.49%
  12842 10945    17796.7133   241    50874.0048     2292.7611  8497303   95.49%
  12917 10963    23269.5693   195    50874.0048     2292.7611  8503168   95.49%
  13022 11034    10709.9080   280    50874.0048     2326.8222  8583631   95.43%
  13106 11046    12112.2821   259    50874.0048     2326.8222  8558352   95.43%
  13185 11063    13810.7443   235    50874.0048     2326.8222  8591430   95.43%
  13279 11238    17428.4652   223    50874.0048     2326.8222  8652023   95.43%
  13402 11295    17912.9006   236    50874.0048     2326.8222  8686074   95.43%
  13484 11325    21013.7613   207    50874.0048     2326.8222  8692529   95.43%
  13537 11394     3594.0881   495    50874.0048     2327.4407  8767339   95.43%
Elapsed time = 1895.15 sec. (897775.77 ticks, tree = 1002.82 MB, solutions = 10)
  13584 11427     4927.5507   366    50874.0048     2327.4407  8773680   95.43%
  13637 11642     9168.2150   312    50874.0048     2327.4407  8907216   95.43%
  13721 11676    14159.6468   246    50874.0048     2329.2722  8915296   95.42%
  13831 11750     9295.5452   272    50874.0048     2329.2722  8959528   95.42%
  13943 11745    25122.9813   190    50874.0048     2329.2722  8928980   95.42%
  14000 11838     2725.5761   369    50874.0048     2329.2722  9014822   95.42%
  14097 11321     2905.1780   507    50874.0048     2329.2722  8727910   95.42%
  14167 12101    40003.3173   139    50874.0048     2329.2722  9074733   95.42%
  14218 12114     3348.8410   385    50874.0048     2329.2722  9080925   95.42%
  14330 12221    21781.7299   222    50874.0048     2329.2722  9228874   95.42%
Elapsed time = 1972.17 sec. (936363.90 ticks, tree = 1060.24 MB, solutions = 10)
  14425 12239    25471.4685   235    50874.0048     2329.2722  9235250   95.42%
  14534 12260    28377.8946   194    50874.0048     2329.2722  9240764   95.42%
  14635 12285    38791.1562   111    50874.0048     2329.2722  9246382   95.42%
  14727 12708     5280.6341   359    50874.0048     2329.2722  9428837   95.42%
  14788 12875     5916.1374   309    50874.0048     2329.8039  9458664   95.42%
  14857 12923    10439.1691   229    50874.0048     2329.8039  9467577   95.42%
  14948 12748    14131.1204   271    50874.0048     2329.8039  9435774   95.42%
  15008 12925    18373.6254   328    50874.0048     2329.8039  9504753   95.42%
  15060 12942    22630.0886   244    50874.0048     2329.8039  9512852   95.42%
  15131 12924     4457.6415   384    50874.0048     2329.8039  9539399   95.42%
Elapsed time = 2055.32 sec. (975014.43 ticks, tree = 1116.50 MB, solutions = 10)
  15253 13135    29963.2808   158    50874.0048     2329.8039  9575710   95.42%
  15351 13067    12268.6577   305    50874.0048     2329.8039  9642157   95.42%
  15427 13411    10097.0274   277    50874.0048     2329.8039  9820980   95.42%
  15505 13424    10097.2739   269    50874.0048     2329.8039  9784988   95.42%
  15614 13455    12610.7718   245    50874.0048     2329.8039  9790593   95.42%
  15743 13435    10960.5133   268    50874.0048     2329.8039  9849451   95.42%
  15872 13660    24216.9815   234    50874.0048     2329.8039  9927782   95.42%
  15981 13582    27930.1257   185    50874.0048     2329.8039  9861613   95.42%
  16090 13985    33909.1202   136    50874.0048     2329.8039 10021189   95.42%
  16195 14145    44195.6765   143    50874.0048     2329.8039 10047979   95.42%
Elapsed time = 2131.80 sec. (1013314.05 ticks, tree = 1209.90 MB, solutions = 10)
  16289 14211    33570.6901   170    50874.0048     2345.0669 10089517   95.39%
  16356 14247     8461.1155   303    50874.0048     2345.0669 10103781   95.39%
  16447 14405    10354.3380   285    50874.0048     2345.0669 10204583   95.39%
  16576 14319     5024.9653   313    50874.0048     2345.0669 10137423   95.39%
  16722 14349    27318.5228   169    50874.0048     2359.1290 10127085   95.36%
  16850 14624    26244.2653   179    50874.0048     2359.1290 10267431   95.36%
  16955 14436     5245.0067   289    50874.0048     2359.1290 10213752   95.36%
  17036 14853    19964.7221   196    50874.0048     2364.7857 10331807   95.35%
  17146 14981    15227.7942   244    50874.0048     2364.7857 10373949   95.35%
  17296 15147    16345.0933   221    50874.0048     2364.7857 10465800   95.35%
Elapsed time = 2210.98 sec. (1051823.01 ticks, tree = 1283.66 MB, solutions = 10)
  17408 15179    21563.5079   173    50874.0048     2364.7857 10471773   95.35%
  17516 15220     5884.3196   307    50874.0048     2364.7857 10489955   95.35%
  17636 15360    13125.0371   247    50874.0048     2364.7857 10524852   95.35%
  17734 15659     3782.2624   387    50874.0048     2364.7857 10624244   95.35%
  17849 15699     3714.8132   401    50874.0048     2364.7857 10688600   95.35%
  17998 15480    33873.1459   137    50874.0048     2364.7857 10545404   95.35%
  18056 15770    11190.2929   253    50874.0048     2364.7857 10726749   95.35%
  18099 15961    26494.6875   230    50874.0048     2364.7857 10812451   95.35%
  18194 15823    19593.5846   186    50874.0048     2364.7857 10740806   95.35%
  18297 16023    27824.2064   227    50874.0048     2364.7857 10827482   95.35%
Elapsed time = 2290.26 sec. (1090376.47 ticks, tree = 1351.73 MB, solutions = 10)
  18411 16150    10898.2969   381    50874.0048     2364.7857 10892142   95.35%
  18494 16287     2727.8706   435    50874.0048     2364.7857 10946220   95.35%
  18547 16309     7585.7827   289    50874.0048     2364.7857 10951040   95.35%
  18651 16621    15491.2861   227    50874.0048     2372.9462 11081544   95.34%
  18748 16486    13894.8756   273    50874.0048     2372.9462 11009548   95.34%
  18834 16399    22994.1162   207    50874.0048     2372.9462 10969813   95.34%
  18927 16640    21732.2979   231    50874.0048     2372.9462 11068919   95.34%
* 18983+16648                        50425.4333     2372.9462            95.29%
  19079 16684    23236.7666   219    50425.4333     2372.9462 11121361   95.29%
  19232 17055    25764.7611   194    50425.4333     2372.9462 11277458   95.29%
  19391 17030    37891.7736   140    50425.4333     2372.9462 11242606   95.29%
Elapsed time = 2368.49 sec. (1128978.81 ticks, tree = 1432.95 MB, solutions = 11)
  19527 16877    16584.0036   203    50425.4333     2372.9462 11171860   95.29%
  19640 17120    33984.5440   161    50425.4333     2372.9462 11302583   95.29%
  19736 17244    35240.8120   131    50425.4333     2372.9462 11366854   95.29%
  19831 17559     9392.7080   284    50425.4333     2372.9462 11442474   95.29%
  19925 17728     3608.5670   438    50425.4333     2373.6126 11528730   95.29%
  20068 17313    14578.3809   243    50425.4333     2373.6126 11388534   95.29%
  20213 17440     9381.4867   271    50425.4333     2373.6126 11430663   95.29%
  20376 17950    29693.2457   178    50425.4333     2373.6126 11621739   95.29%
  20551 17817    12653.7719   260    50425.4333     2373.6126 11559825   95.29%
  20681 18096    36641.4906   136    50425.4333     2373.6126 11668449   95.29%
Elapsed time = 2446.15 sec. (1167410.67 ticks, tree = 1506.27 MB, solutions = 11)
  20764 18362    26404.9623   186    50425.4333     2373.6126 11783590   95.29%
  20860 18320    10011.6845   283    50425.4333     2373.6126 11737474   95.29%
  20943 18394     2587.8717   412    50425.4333     2387.3852 11795632   95.27%
  21071 18478    28322.4997   193    50425.4333     2387.3852 11854118   95.27%
  21210 18509    37634.2369   133    50425.4333     2387.3852 11862543   95.27%
  21344 18939     6239.0322   296    50425.4333     2392.4768 11981324   95.26%
  21437 18725     4937.9915   333    50425.4333     2392.4768 11917080   95.26%
  21547 18976    11341.3264   242    50425.4333     2393.9534 12000130   95.25%
  21668 19058    11239.9386   268    50425.4333     2393.9534 12039126   95.25%
  21808 19480    21535.3950   227    50425.4333     2393.9534 12154586   95.25%
Elapsed time = 2530.60 sec. (1205746.52 ticks, tree = 1603.14 MB, solutions = 11)
  21919 19232    29916.9082   210    50425.4333     2393.9534 12065787   95.25%
  22020 19388    22783.8417   191    50425.4333     2393.9534 12148070   95.25%
  22130 19605    12143.1704   237    50425.4333     2393.9534 12214543   95.25%
  22233 19660    21172.2512   188    50425.4333     2393.9534 12222472   95.25%
  22294 19682    27103.9163   179    50425.4333     2393.9534 12229458   95.25%
  22353 20141    34241.0524   163    50425.4333     2393.9534 12425677   95.25%
  22407 20160        cutoff          50425.4333     2393.9534 12429823   95.25%
  22472 20019    39408.7196   146    50425.4333     2393.9534 12409186   95.25%
  22532 20247     3087.3287   433    50425.4333     2393.9534 12540644   95.25%
  22599 20257     3900.7887   411    50425.4333     2393.9534 12516344   95.25%
Elapsed time = 2613.62 sec. (1244298.35 ticks, tree = 1655.38 MB, solutions = 11)
  22639 20271     6012.2996   324    50425.4333     2393.9534 12522208   95.25%
  22710 20435     6100.6689   313    50425.4333     2398.1916 12615698   95.24%
  22785 20620    16493.2858   211    50425.4333     2398.1916 12767464   95.24%
  22878 20633     6849.2135   450    50425.4333     2399.8411 12800642   95.24%
  23005 20511    20441.0053   199    50425.4333     2399.8411 12632952   95.24%
  23105 20581     4865.4550   475    50425.4333     2399.8411 12765164   95.24%
  23223 20743    13346.3640   273    50425.4333     2399.8411 12861116   95.24%
  23319 20770    20220.4614   207    50425.4333     2399.8411 12869215   95.24%
  23429 20938    17555.3032   244    50425.4333     2399.8411 12931640   95.24%
  23516 21175     7324.3644   298    50425.4333     2401.2865 13043256   95.24%
Elapsed time = 2698.51 sec. (1283022.44 ticks, tree = 1735.31 MB, solutions = 11)
  23620 21001    31871.5713   149    50425.4333     2401.2865 12946891   95.24%
  23710 21224    12142.3913   265    50425.4333     2401.2865 13058821   95.24%
  23819 21249    36726.6246   142    50425.4333     2401.2865 13033653   95.24%
  23907 21475     7403.8967   311    50425.4333     2401.3491 13153676   95.24%
  23972 21510    12478.9665   275    50425.4333     2401.3491 13159920   95.24%
  24052 21510    17235.5054   256    50425.4333     2401.3491 13223582   95.24%
  24124 21520    20562.5410   253    50425.4333     2401.3491 13228250   95.24%
  24233 21541    24262.5129   231    50425.4333     2401.3491 13237510   95.24%
  24354 22165    39050.3217   159    50425.4333     2401.3491 13509347   95.24%
  24452 21911    12440.1842   306    50425.4333     2401.3491 13438549   95.24%
Elapsed time = 2773.79 sec. (1321431.55 ticks, tree = 1788.69 MB, solutions = 11)
  24563 22208     4462.1596   376    50425.4333     2401.3491 13516019   95.24%
  24625 22223     8200.7557   313    50425.4333     2401.3491 13521680   95.24%
  24682 22321    27890.9846   254    50425.4333     2401.3491 13581863   95.24%
  24742 22293    23091.9841   187    50425.4333     2401.3491 13538236   95.24%
  24863 22494    12706.6443   285    50425.4333     2401.3491 13714439   95.24%
  24980 22475    25908.6703   199    50425.4333     2401.3491 13690573   95.24%
  25046 22716     3299.7797   354    50425.4333     2401.3491 13765701   95.24%
  25193 22451    16322.7187   321    50425.4333     2401.3491 13670835   95.24%
  25314 22812     8328.6686   267    50425.4333     2401.3491 13823696   95.24%
  25439 22574    28586.9756   162    50425.4333     2401.3491 13752731   95.24%
Elapsed time = 2858.05 sec. (1359974.40 ticks, tree = 1839.82 MB, solutions = 11)
  25523 22896    24280.9091   175    50425.4333     2401.3491 13840723   95.24%
  25680 22973    34174.3839   158    50425.4333     2401.3491 13850222   95.24%
  25800 23335     4558.5192   356    50425.4333     2412.7407 14053755   95.22%
  25956 23559    18227.8893   196    50425.4333     2412.7407 14094023   95.22%
  26085 23402    15679.9268   238    50425.4333     2412.7407 14069220   95.22%
  26283 23243     8718.7304   253    50425.4333     2412.7407 14045041   95.22%
  26420 23468    30532.9464   151    50425.4333     2413.2618 14083992   95.21%
  26585 23514    41386.5451   133    50425.4333     2418.5429 14091803   95.20%
  26746 24450    22857.9394   181    50425.4333     2418.5429 14368742   95.20%
  26876 23738    14524.0187   226    50425.4333     2418.5429 14194677   95.20%
Elapsed time = 2935.27 sec. (1398381.66 ticks, tree = 1918.30 MB, solutions = 11)
  27029 24518     4519.1390   403    50425.4333     2418.5429 14383513   95.20%
  27178 23796    28570.0378   164    50425.4333     2418.5429 14208280   95.20%
  27337 24586     7538.3001   302    50425.4333     2422.2264 14459227   95.20%
  27497 24282    15738.1277   221    50425.4333     2422.2264 14348463   95.20%
  27639 24816    13556.9588   243    50425.4333     2422.2264 14548032   95.20%
  27709 24708     2729.6989   458    50425.4333     2422.2264 14486476   95.20%
  27792 25447     3380.0479   339    50425.4333     2422.2264 14739670   95.20%
  27887 25486     8088.9040   273    50425.4333     2422.2264 14748002   95.20%
  27949 25528    15356.3683   220    50425.4333     2422.2264 14756485   95.20%
  28017 25563    24005.0990   203    50425.4333     2422.2264 14764616   95.20%
Elapsed time = 3021.22 sec. (1436901.26 ticks, tree = 2027.16 MB, solutions = 11)
  28092 25624    29393.9372   188    50425.4333     2423.9612 14773116   95.19%
  28123 25689    15957.3824   208    50425.4333     2423.9612 14894972   95.19%
  28182 25514     3570.7874   447    50425.4333     2423.9612 14824917   95.19%
  28251 25808    16865.5481   207    50425.4333     2423.9612 14968512   95.19%
  28327 25739    27937.3976   185    50425.4333     2423.9612 14908988   95.19%
  28453 25631    28980.7676   213    50425.4333     2423.9612 14904031   95.19%
  28535 26134    29429.4243   191    50425.4333     2423.9612 15169620   95.19%
  28605 25884     6559.5340   308    50425.4333     2427.7517 14992734   95.19%
  28670 26147     5145.2303   359    50425.4333     2427.7517 15177483   95.19%
  28751 26173     9816.5308   267    50425.4333     2427.7517 15184610   95.19%
Elapsed time = 3108.06 sec. (1475573.55 ticks, tree = 2064.79 MB, solutions = 11)
Nodefile size = 7.63 MB (5.01 MB after compression)
  28824 26381    10402.6495   279    50425.4333     2427.7517 15247407   95.19%
  28899 26311    11220.1039   323    50425.4333     2427.7517 15215159   95.19%
  28984 26396    15191.9331   279    50425.4333     2427.7517 15261869   95.19%
  29093 26364    22331.3692   225    50425.4333     2427.7517 15224745   95.19%
  29222 26726    26141.7106   163    50425.4333     2427.7517 15375534   95.19%
  29334 26870    38720.6046   129    50425.4333     2427.7517 15403373   95.19%
  29443 26781     4672.7641   339    50425.4333     2427.7517 15389938   95.19%
  29518 26953    24770.5704   269    50425.4333     2433.0591 15535294   95.17%
* 29570+27133                        49958.0627     2433.0591            95.13%
  29608 26839    12458.3162   241    49958.0627     2433.0591 15405966   95.13%
  29712 27085    10565.1966   286    49958.0627     2433.0591 15573258   95.13%
Elapsed time = 3192.97 sec. (1514027.20 ticks, tree = 2143.12 MB, solutions = 12)
Nodefile size = 84.43 MB (53.85 MB after compression)
  29813 26917    15576.7697   331    49958.0627     2433.0591 15517879   95.13%
  29931 27018    30217.9285   184    49958.0627     2433.0591 15574621   95.13%
  30056 27349    26150.4315   185    49958.0627     2433.0591 15700355   95.13%
  30175 27377    30881.2230   164    49958.0627     2433.0591 15709194   95.13%
  30276 27701     9574.9104   285    49958.0627     2433.0591 15890539   95.13%
  30382 27409     6499.7873   342    49958.0627     2433.0591 15721779   95.13%
  30526 27517    25630.2511   208    49958.0627     2434.1103 15780850   95.13%
  30710 27641    10339.7241   307    49958.0627     2434.1103 15850797   95.13%
  30870 28106    27468.5692   192    49958.0627     2434.1103 16054593   95.13%
  31029 28456    20049.3884   240    49958.0627     2436.2046 16165256   95.12%
Elapsed time = 3269.00 sec. (1552496.82 ticks, tree = 2234.20 MB, solutions = 12)
Nodefile size = 176.26 MB (114.08 MB after compression)
  31149 28163    41308.4085   138    49958.0627     2436.2046 16069336   95.12%
  31267 28737    21775.3770   194    49958.0627     2436.2046 16225537   95.12%
  31403 28802    28891.9081   167    49958.0627     2436.2046 16236151   95.12%
  31517 28415    34519.6352   168    49958.0627     2436.2046 16143333   95.12%
  31652 28250     9898.7242   254    49958.0627     2436.2046 16090227   95.12%
  31762 28611    17985.2933   209    49958.0627     2436.2046 16216818   95.12%
  31852 29021    20474.6970   187    49958.0627     2436.2046 16390570   95.12%
  31988 29570     3392.6806   422    49958.0627     2436.2046 16557101   95.12%
  32095 29491    38072.8841   147    49958.0627     2436.2046 16513639   95.12%
  32167 28832     5159.9857   449    49958.0627     2436.2046 16382235   95.12%
Elapsed time = 3352.01 sec. (1590910.41 ticks, tree = 2255.17 MB, solutions = 12)
Nodefile size = 197.15 MB (127.71 MB after compression)
  32243 29302    14035.8045   243    49958.0627     2436.2046 16471455   95.12%
  32335 29630    17007.9305   236    49958.0627     2436.2046 16584398   95.12%
  32449 29664    26168.9553   171    49958.0627     2436.2046 16592167   95.12%
  32556 29708    36081.7683   145    49958.0627     2453.4984 16601303   95.09%
  32705 29794    12948.8147   251    49958.0627     2453.4984 16706232   95.09%
  32805 30147     4785.6594   387    49958.0627     2453.4984 16852729   95.09%
  32966 30161     7775.5528   368    49958.0627     2453.4984 16860040   95.09%
  33122 29844    20274.1640   197    49958.0627     2453.4984 16733586   95.09%
  33237 30194    12686.6207   292    49958.0627     2453.4984 16877186   95.09%
  33358 30559     3777.6017   376    49958.0627     2453.4984 16964700   95.09%
Elapsed time = 3434.64 sec. (1629235.67 ticks, tree = 2357.87 MB, solutions = 12)
Nodefile size = 298.90 MB (194.01 MB after compression)
  33458 30575     4433.6008   363    49958.0627     2453.4984 16966952   95.09%
  33596 30398    21276.9590   201    49958.0627     2453.4984 16936660   95.09%
  33677 30858     8413.5639   312    49958.0627     2453.4984 17089847   95.09%
  33803 31192     3617.7337   376    49958.0627     2453.4984 17194893   95.09%
  33970 31103    10768.7832   262    49958.0627     2453.4984 17162427   95.09%
  34104 30773    44797.2927   163    49958.0627     2453.4984 17073167   95.09%
  34230 31172    28162.9326   159    49958.0627     2455.1778 17180475   95.09%
  34364 30994     5290.5069   355    49958.0627     2458.7263 17133116   95.08%
  34436 31308     2819.2608   403    49958.0627     2458.7263 17232971   95.08%
  34544 31566    12301.3756   229    49958.0627     2459.8541 17362406   95.08%
Elapsed time = 3515.49 sec. (1667619.77 ticks, tree = 2432.63 MB, solutions = 12)
Nodefile size = 369.86 MB (240.18 MB after compression)
  34672 31498    32538.0303   152    49958.0627     2459.8541 17327263   95.08%
  34781 31739    15869.8851   261    49958.0627     2463.2043 17422006   95.07%
  34885 31767    18484.3328   218    49958.0627     2463.2043 17428634   95.07%
  35020 31711    39858.8865   171    49958.0627     2463.2043 17386131   95.07%
  35103 31813     3577.8400   369    49958.0627     2463.6881 17441485   95.07%
  35212 32661     5514.2822   328    49958.0627     2463.6881 17698984   95.07%
  35373 32130     7960.3973   293    49958.0627     2463.6881 17603306   95.07%
  35510 32144     8934.8163   279    49958.0627     2463.6881 17611432   95.07%
  35578 32960     9804.5624   264    49958.0627     2463.6881 17848215   95.07%
  35671 32596     5472.8661   349    49958.0627     2463.6881 17694477   95.07%
Elapsed time = 3589.21 sec. (1706174.34 ticks, tree = 2500.93 MB, solutions = 12)
Nodefile size = 438.26 MB (284.80 MB after compression)
  35794 32989    12235.0447   251    49958.0627     2463.6881 17865774   95.07%
  35931 32787    20537.2520   208    49958.0627     2463.6896 17742419   95.07%
  36080 33367    23892.8988   189    49958.0627     2463.6896 18026434   95.07%
  36243 33224    33953.7107   147    49958.0627     2463.6896 17916871   95.07%
  36387 33640    13545.0048   255    49958.0627     2463.6896 18100344   95.07%
  36494 33115     3241.2593   448    49958.0627     2463.6896 17906266   95.07%
  36562 33859     3583.7146   363    49958.0627     2463.6896 18215440   95.07%
  36669 33783    31001.9514   201    49958.0627     2463.6896 18179949   95.07%
  36778 33314    33578.4616   130    49958.0627     2463.6896 18024937   95.07%
  36866 33550    14858.3595   267    49958.0627     2463.6896 18075931   95.07%
Elapsed time = 3673.22 sec. (1744569.36 ticks, tree = 2562.67 MB, solutions = 12)
Nodefile size = 496.51 MB (323.31 MB after compression)
  36960 33840     3651.8704   467    49958.0627     2463.6896 18201854   95.07%
  37086 34164     4689.4658   356    49958.0627     2466.8106 18345502   95.06%
  37236 34193    10384.2751   259    49958.0627     2466.8106 18354910   95.06%
  37376 34112    18503.2732   239    49958.0627     2466.8106 18309129   95.06%
  37494 34265    21450.4105   182    49958.0627     2466.8106 18372034   95.06%
  37605 34161    34042.2701   173    49958.0627     2466.8106 18323869   95.06%
  37745 34777    18562.6405   210    49958.0627     2466.8106 18574850   95.06%
  37853 34533    33002.2374   175    49958.0627     2466.8106 18507379   95.06%
  37919 35252    29778.2671   198    49958.0627     2466.8106 18791282   95.06%
  38001 35272    34528.8008   186    49958.0627     2466.8106 18796349   95.06%
Elapsed time = 3755.45 sec. (1783031.81 ticks, tree = 2682.10 MB, solutions = 12)
Nodefile size = 623.15 MB (405.34 MB after compression)
  38050 35297    39722.9698   151    49958.0627     2470.4158 18801897   95.06%
  38117 35023    29371.1712   232    49958.0627     2470.4158 18726392   95.06%
  38232 35232    11528.3660   261    49958.0627     2470.4158 18771912   95.06%
  38380 35345     6239.5544   326    49958.0627     2470.4158 18820104   95.06%
  38481 35299    25529.2299   156    49958.0627     2470.4158 18790823   95.06%
  38582 35963    32606.8715   163    49958.0627     2472.6547 19128723   95.05%
  38665 36103    17459.4524   241    49958.0627     2472.6547 19169996   95.05%
  38783 36140    28575.3900   172    49958.0627     2472.6547 19180034   95.05%
  38922 36171    33941.6321   146    49958.0627     2472.6547 19191115   95.05%
  39061 36286    19735.2291   221    49958.0627     2472.6547 19269482   95.05%
Elapsed time = 3834.75 sec. (1821581.69 ticks, tree = 2747.31 MB, solutions = 12)
Nodefile size = 691.85 MB (446.79 MB after compression)
  39182 36317    28226.2172   158    49958.0627     2472.6547 19277629   95.05%
  39342 36276    12341.9577   230    49958.0627     2472.6547 19216798   95.05%
  39484 36608    46737.8530    98    49958.0627     2472.6570 19470025   95.05%
  39602 36872     5222.2073   367    49958.0627     2472.6570 19540184   95.05%
  39706 36899     5666.4744   346    49958.0627     2476.1985 19544379   95.04%
  39876 36943    12227.6961   267    49958.0627     2476.1985 19553806   95.04%
  40072 37056    11595.6640   258    49958.0627     2476.1985 19629322   95.04%
  40195 37431    23093.6725   181    49958.0627     2476.1985 19742568   95.04%
  40291 37138    37253.3447   135    49958.0627     2476.1985 19649110   95.04%
  40367 37464    29531.9600   193    49958.0627     2476.1985 19757254   95.04%
Elapsed time = 3913.33 sec. (1859994.46 ticks, tree = 2806.50 MB, solutions = 12)
Nodefile size = 747.09 MB (483.13 MB after compression)
  40473 37197     9138.9130   284    49958.0627     2476.1985 19666519   95.04%
  40629 37684    16781.9035   220    49958.0627     2478.3604 19815959   95.04%
  40750 37710    21800.1529   185    49958.0627     2478.3604 19824888   95.04%
  40843 37763    33545.0688   156    49958.0627     2478.3604 19836423   95.04%
  40963 37863     8101.8141   309    49958.0627     2478.3604 19956184   95.04%
  41014 37854     6203.1746   312    49958.0627     2478.3604 19848517   95.04%
  41048 38273    10075.5317   429    49958.0627     2478.3604 20111455   95.04%
  41070 37882     9612.8443   394    49958.0627     2478.3604 19981432   95.04%
  41115 38654    25871.8502   194    49958.0627     2478.3604 20342566   95.04%
  41173 38311    17136.2931   260    49958.0627     2478.3604 20125874   95.04%
Elapsed time = 4002.60 sec. (1898923.34 ticks, tree = 2853.39 MB, solutions = 12)
Nodefile size = 792.35 MB (512.93 MB after compression)
  41269 38338    23235.0094   186    49958.0627     2478.3604 20131182   95.04%
  41348 38359    28670.2323   180    49958.0627     2478.3604 20137901   95.04%
  41426 38786    33303.0702   145    49958.0627     2478.3604 20436846   95.04%
  41484 38807    42929.5027   123    49958.0627     2478.3604 20442204   95.04%
  41533 38698    15002.0150   285    49958.0627     2478.3604 20343517   95.04%
  41583 38838     6055.8435   276    49958.0627     2478.3604 20454199   95.04%
  41633 38774     7010.4323   354    49958.0627     2478.3604 20368515   95.04%
  41733 39114    13124.7233   287    49958.0627     2478.3604 20647770   95.04%
  41838 38885     9324.2035   275    49958.0627     2478.3604 20582351   95.04%
  41961 39268    24430.3835   166    49958.0627     2482.4560 20758362   95.03%
Elapsed time = 4088.12 sec. (1937469.19 ticks, tree = 2928.85 MB, solutions = 12)
Nodefile size = 872.64 MB (564.14 MB after compression)
  42088 39016     5716.9726   385    49958.0627     2482.4560 20650171   95.03%
  42232 39029     8977.5442   343    49958.0627     2482.4560 20654970   95.03%
  42349 39051    12309.3981   289    49958.0627     2482.4560 20662720   95.03%
  42496 39588    17289.1345   231    49958.0627     2482.4560 20949849   95.03%
  42681 39431    12214.9723   277    49958.0627     2482.4560 20794863   95.03%
  42800 39669    37624.7341   135    49958.0627     2482.4560 20964886   95.03%
  42918 39493    33970.7190   146    49958.0627     2486.5954 20810951   95.02%
  43103 39577    43025.8225   136    49958.0627     2486.5954 20933035   95.02%
* 43166+39584                        49722.9602     2486.5954            95.00%
  43237 39935    15018.9062   260    49722.9602     2486.5954 21094263   95.00%
  43363 39995    19272.0424   237    49722.9602     2486.5954 21103464   95.00%
Elapsed time = 4168.23 sec. (1975827.87 ticks, tree = 2970.19 MB, solutions = 13)
Nodefile size = 909.87 MB (588.48 MB after compression)
  43449 40257    15541.8494   242    49722.9602     2486.5954 21191310   95.00%
  43550 40304    25802.7603   163    49722.9602     2486.5954 21201658   95.00%
  43703 40351    27838.7806   195    49722.9602     2486.5954 21210882   95.00%
  43803 40469     9236.1145   282    49722.9602     2489.1101 21265939   94.99%
  43971 40687     8951.0401   305    49722.9602     2489.1101 21311526   94.99%
  44142 40943    35835.9718   135    49722.9602     2494.2265 21435316   94.98%
  44263 40585    27194.5571   214    49722.9602     2494.2265 21293985   94.98%
  44393 41019     9044.5763   326    49722.9602     2494.2265 21498380   94.98%
  44525 41463    33521.9650   217    49722.9602     2494.2265 21590769   94.98%
  44608 41492     3746.0030   343    49722.9602     2495.3759 21598315   94.98%
Elapsed time = 4244.80 sec. (2014493.53 ticks, tree = 3061.49 MB, solutions = 13)
Nodefile size = 1001.81 MB (647.90 MB after compression)
  44705 41031     9044.5763   317    49722.9602     2495.3759 21523688   94.98%
  44795 41044     9509.4818   318    49722.9602     2495.3759 21531610   94.98%
  44834 41787     2774.8352   414    49722.9602     2495.3759 21684110   94.98%
  44872 41798     2828.8616   403    49722.9602     2495.3759 21691245   94.98%
  44923 41809     3791.5323   407    49722.9602     2495.3759 21697879   94.98%
  45021 41841    24339.8736   227    49722.9602     2499.5878 21750883   94.97%
  45069 42224    23509.3392   195    49722.9602     2499.5878 21950209   94.97%
  45156 42266    27869.7159   164    49722.9602     2499.5878 21957570   94.97%
  45259 42101    10495.1801   368    49722.9602     2499.5878 21909773   94.97%
  45341 42636    29897.9419   213    49722.9602     2499.5878 22218458   94.97%
Elapsed time = 4328.73 sec. (2052990.91 ticks, tree = 3118.93 MB, solutions = 13)
Nodefile size = 1062.57 MB (686.56 MB after compression)
  45412 42403    41082.3851   152    49722.9602     2499.5878 22020982   94.97%
  45479 42709    36041.4112   172    49722.9602     2499.5878 22234849   94.97%
  45523 42525    12646.2716   315    49722.9602     2499.5878 22102203   94.97%
  45532 42533    12646.2716   307    49722.9602     2499.5878 22110645   94.97%
  45570 42804     4095.9627   361    49722.9602     2500.4435 22323463   94.97%
  45668 42859     3639.6726   409    49722.9602     2500.4435 22376368   94.97%
  45809 42870    17641.7805   233    49722.9602     2500.4435 22343995   94.97%
  45976 42909    28019.4772   158    49722.9602     2501.4474 22353099   94.97%
  46090 42982     2974.8297   470    49722.9602     2501.4474 22517382   94.97%
  46243 43086    12522.6217   273    49722.9602     2501.4474 22569125   94.97%
Elapsed time = 4411.08 sec. (2091820.25 ticks, tree = 3162.25 MB, solutions = 13)
Nodefile size = 1100.78 MB (708.68 MB after compression)
  46364 43183     7254.9613   300    49722.9602     2501.4474 22626559   94.97%
  46480 43136    25024.6029   185    49722.9602     2501.4474 22579702   94.97%
  46588 43197    30982.3956   163    49722.9602     2501.4474 22588347   94.97%
  46630 43229     7261.1867   347    49722.9602     2501.4474 22649451   94.97%
  46685 43242     9973.2230   325    49722.9602     2501.4474 22656619   94.97%
  46773 43375     9729.7038   299    49722.9602     2501.4474 22710494   94.97%
  46882 44032    11594.4813   270    49722.9602     2501.4474 22945732   94.97%
  47015 44078    12087.5188   277    49722.9602     2501.4474 22954866   94.97%
  47132 43625    27853.3826   167    49722.9602     2501.4474 22783256   94.97%
  47229 44332    24191.1260   256    49722.9602     2501.4474 23126778   94.97%
Elapsed time = 4514.16 sec. (2130356.53 ticks, tree = 3241.19 MB, solutions = 13)
Nodefile size = 1184.65 MB (762.93 MB after compression)
  47338 44425     6571.1541   338    49722.9602     2501.4474 23155096   94.97%
  47431 44625    33061.2187   168    49722.9602     2501.4474 23202084   94.97%
  47558 44665    45758.0302   121    49722.9602     2501.4474 23207428   94.97%
  47667 44272    28919.8486   207    49722.9602     2501.4474 23070406   94.97%
  47802 44708     9886.5667   262    49722.9602     2503.3478 23220583   94.97%
  47879 44446    27821.5800   164    49722.9602     2503.3478 23102121   94.97%
  47950 44850     7126.8952   291    49722.9602     2508.9636 23313122   94.95%
  48038 45076    36779.4788   176    49722.9602     2508.9636 23363123   94.95%
  48147 44907    18790.3067   205    49722.9602     2510.0174 23329732   94.95%
  48248 45333    infeasible          49722.9602     2510.0174 23458990   94.95%
Elapsed time = 4600.42 sec. (2168689.24 ticks, tree = 3316.69 MB, solutions = 13)
Nodefile size = 1256.08 MB (809.55 MB after compression)
  48341 45204    20766.1271   234    49722.9602     2510.0174 23449565   94.95%
  48427 45404    15392.5258   255    49722.9602     2510.0174 23510616   94.95%
  48519 45014    12598.6688   258    49722.9602     2510.0174 23359310   94.95%
  48614 45450    19174.0875   213    49722.9602     2510.0174 23531015   94.95%
  48648 45885     8238.7385   303    49722.9602     2510.0174 23716805   94.95%
  48717 45615    23526.8015   193    49722.9602     2510.0174 23636328   94.95%
  48786 45986    24163.0358   217    49722.9602     2510.0174 23783484   94.95%
  48896 46032    25135.3977   202    49722.9602     2510.0174 23793849   94.95%
  49013 46074    35634.7507   154    49722.9602     2510.0174 23803885   94.95%
  49082 46083     4366.1062   342    49722.9602     2512.6812 23811327   94.95%
Elapsed time = 4684.00 sec. (2207509.38 ticks, tree = 3368.40 MB, solutions = 13)
Nodefile size = 1303.84 MB (838.74 MB after compression)
  49136 46115     7991.5218   272    49722.9602     2512.6812 23819175   94.95%
  49229 46165    17173.2409   200    49722.9602     2512.6812 23830717   94.95%
  49335 46201    11897.3129   288    49722.9602     2512.6812 23892829   94.95%
  49468 46354    22334.1526   297    49722.9602     2512.6812 24027572   94.95%
  49595 46234    12739.6116   409    49722.9602     2512.6812 23911800   94.95%
  49718 46719     9708.8957   307    49722.9602     2512.6812 24162989   94.95%
  49857 46789    32617.4716   131    49722.9602     2512.6812 24249001   94.95%
  49992 46832    36853.8762   145    49722.9602     2512.6812 24260633   94.95%
  50119 46846     3658.6565   436    49722.9602     2512.6812 24268239   94.95%
  50265 47037    18337.1727   239    49722.9602     2512.6812 24347854   94.95%
Elapsed time = 4757.31 sec. (2246151.56 ticks, tree = 3426.26 MB, solutions = 13)
Nodefile size = 1369.06 MB (878.71 MB after compression)
  50359 46919    11680.7722   258    49722.9602     2512.6812 24285155   94.95%
  50434 47108    31822.6513   137    49722.9602     2512.6812 24363175   94.95%
  50595 47418     8471.8723   319    49722.9602     2512.6812 24558049   94.95%
  50666 47455    12661.7648   255    49722.9602     2512.6812 24566935   94.95%
  50752 47655    15429.6673   297    49722.9602     2512.6812 24644232   94.95%
  50890 47266    11158.1815   255    49722.9602     2512.6812 24392893   94.95%
  50969 47715    28778.8646   181    49722.9602     2512.6812 24659694   94.95%
  51028 48013    11212.0984   372    49722.9602     2512.6812 24856412   94.95%
  51071 48333     4318.8712   390    49722.9602     2512.6812 24945402   94.95%
  51164 48223     9030.9412   277    49722.9602     2512.6812 24906348   94.95%
Elapsed time = 4848.75 sec. (2284537.52 ticks, tree = 3486.57 MB, solutions = 13)
Nodefile size = 1427.71 MB (916.68 MB after compression)
  51292 47948    32655.9033   134    49722.9602     2512.6812 24699504   94.95%
  51430 48028    12731.6736   348    49722.9602     2512.6812 24891525   94.95%
  51590 48466    30693.8740   141    49722.9602     2512.6812 24976147   94.95%
  51737 48050    15095.9985   290    49722.9602     2512.6812 24909801   94.95%
  51887 48674    17262.9880   272    49722.9602     2512.6812 25158707   94.95%
  51979 48890     5795.9466   338    49722.9602     2512.6812 25221677   94.95%
  52043 48673    31273.6040   212    49722.9602     2512.6812 25122622   94.95%
  52136 48524    15022.9584   276    49722.9602     2512.6812 25016409   94.95%
  52259 48741    26414.9474   210    49722.9602     2512.6812 25192011   94.95%
  52417 48574    20511.9265   208    49722.9602     2512.6812 25038987   94.95%
Elapsed time = 4930.47 sec. (2322858.68 ticks, tree = 3513.28 MB, solutions = 13)
Nodefile size = 1450.71 MB (930.59 MB after compression)
  52570 48983    20023.1140   252    49722.9602     2512.6812 25267436   94.95%
  52713 49016    25928.0414   178    49722.9602     2516.3457 25278568   94.94%
  52887 49554     5734.9954   401    49722.9602     2527.4513 25475411   94.92%
  53057 49532    28323.0890   185    49722.9602     2527.4513 25434713   94.92%
  53214 50096    15933.4976   233    49722.9602     2527.4513 25673171   94.92%
  53349 49597    13438.8388   273    49722.9602     2527.4513 25500490   94.92%
  53511 49802    29174.4735   179    49722.9602     2527.4513 25565708   94.92%
  53735 49655    17239.0816   222    49722.9602     2527.4513 25464058   94.92%
  53899 49729     3198.0933   377    49722.9602     2529.4654 25525800   94.91%
  54029 50236     4465.1417   380    49722.9602     2529.4654 25703399   94.91%
Elapsed time = 5008.51 sec. (2361239.27 ticks, tree = 3619.52 MB, solutions = 13)
Nodefile size = 1551.16 MB (991.19 MB after compression)
  54159 50564    37763.6594   143    49722.9602     2532.1717 25818807   94.91%
  54281 50921     7982.7510   319    49722.9602     2532.1717 25932358   94.91%
  54417 51142     9308.2053   264    49722.9602     2532.1717 25997248   94.91%
  54568 50988     8726.8123   317    49722.9602     2532.1717 25948752   94.91%
  54721 50663    10341.4042   283    49722.9602     2532.1717 25840965   94.91%
  54825 51264    19887.5124   276    49722.9602     2533.0769 26023650   94.91%
  54932 51717    34532.3610   162    49722.9602     2533.0769 26180907   94.91%
  55065 51303    27007.2957   229    49722.9602     2533.0769 26035547   94.91%
  55208 51526    20272.3629   250    49722.9602     2533.0993 26097015   94.91%
  55334 51793     5827.5125   376    49722.9602     2533.0993 26161249   94.91%
Elapsed time = 5096.20 sec. (2399470.65 ticks, tree = 3705.13 MB, solutions = 13)
Nodefile size = 1643.72 MB (1049.93 MB after compression)
  55451 52175    21308.2753   232    49722.9602     2533.0993 26387706   94.91%
  55549 52029    15188.2976   296    49722.9602     2533.0993 26260176   94.91%
  55618 52193     2844.4638   419    49722.9602     2533.0993 26397372   94.91%
  55726 52087    30351.9224   193    49722.9602     2533.0993 26274552   94.91%
  55817 52239    11755.5528   246    49722.9602     2533.0993 26407814   94.91%
  55912 52687    19324.1764   196    49722.9602     2533.0993 26582824   94.91%
  55975 52942    25897.7473   261    49722.9602     2533.0993 26695211   94.91%
  56067 52573     5974.9386   354    49722.9602     2535.8888 26545717   94.90%
  56190 52533     5143.1496   331    49722.9602     2535.8888 26475247   94.90%
  56300 52600    11330.7878   311    49722.9602     2535.8888 26562281   94.90%
Elapsed time = 5182.76 sec. (2438046.77 ticks, tree = 3756.77 MB, solutions = 13)
Nodefile size = 1697.34 MB (1085.55 MB after compression)
  56427 52817    13165.8773   268    49722.9602     2535.8888 26616189   94.90%
  56566 53148    17420.5908   231    49722.9602     2535.8888 26755991   94.90%
  56696 53258    13445.1986   298    49722.9602     2535.8888 26839122   94.90%
  56784 53277    13711.9234   332    49722.9602     2537.2487 26850619   94.90%
  56884 53810    18000.3744   232    49722.9602     2537.2487 26997615   94.90%
  56972 53312    14984.2886   298    49722.9602     2537.2487 26871034   94.90%
  57047 53935     3729.2328   332    49722.9602     2537.2487 27046786   94.90%
  57155 54067     6866.3294   302    49722.9602     2539.2862 27156053   94.89%
  57265 53466    28495.5858   159    49722.9602     2539.2862 26940661   94.89%
  57375 54150    infeasible          49722.9602     2539.2862 27177265   94.89%
Elapsed time = 5268.56 sec. (2476433.76 ticks, tree = 3851.11 MB, solutions = 13)
Nodefile size = 1792.89 MB (1147.31 MB after compression)
  57447 54354    13549.6572   234    49722.9602     2539.2862 27279882   94.89%
  57532 54389    20311.7877   203    49722.9602     2539.2862 27289681   94.89%
  57608 54072    26124.5679   217    49722.9602     2539.3754 27141791   94.89%
  57689 54415     9909.0793   287    49722.9602     2539.3754 27368582   94.89%
  57773 54109    31886.4628   173    49722.9602     2539.3754 27165848   94.89%
  57855 54638    34182.4174   169    49722.9602     2539.3754 27486868   94.89%
  57950 54534    13247.7800   242    49722.9602     2539.3754 27325562   94.89%
  58017 54485     7266.4761   364    49722.9602     2539.3754 27448951   94.89%
  58074 54712     7821.4831   309    49722.9602     2544.9637 27505479   94.88%
  58169 54742    12585.4052   285    49722.9602     2544.9637 27513600   94.88%
Elapsed time = 5351.04 sec. (2514866.99 ticks, tree = 3895.16 MB, solutions = 13)
Nodefile size = 1828.05 MB (1170.03 MB after compression)
  58293 54835    19238.4945   239    49722.9602     2544.9637 27599673   94.88%
  58365 54828    29778.2467   166    49722.9602     2544.9637 27533669   94.88%
  58468 54847    11760.9717   316    49722.9602     2544.9637 27648250   94.88%
  58532 55449    38665.9634   142    49722.9602     2544.9637 27936324   94.88%
  58616 55473    48411.2852   102    49722.9602     2544.9637 27943130   94.88%
  58679 55600     7448.1099   373    49722.9602     2544.9637 28055147   94.88%
  58756 55626    11873.8144   258    49722.9602     2544.9637 28063606   94.88%
  58875 55679    15593.3919   252    49722.9602     2544.9637 28072747   94.88%
  58946 55718    16870.8631   261    49722.9602     2544.9637 28080772   94.88%
  59048 55698    21763.9251   260    49722.9602     2544.9637 28164478   94.88%
Elapsed time = 5439.03 sec. (2553439.06 ticks, tree = 3947.95 MB, solutions = 13)
Nodefile size = 1888.63 MB (1209.38 MB after compression)
  59150 55721    14082.8014   264    49722.9602     2544.9637 28227566   94.88%
  59243 55685    29194.4074   199    49722.9602     2548.0019 28056964   94.88%
  59323 56058    31138.9085   199    49722.9602     2548.0019 28378423   94.88%
  59385 55845    10580.9838   398    49722.9602     2548.0019 28335828   94.88%
  59415 55850    12585.6809   389    49722.9602     2548.5633 28344950   94.87%
  59436 56364    13312.6704   309    49722.9602     2548.5633 28528739   94.87%
  59468 56097     6319.6581   348    49722.9602     2548.5633 28392350   94.87%
  59523 56132     9191.3125   293    49722.9602     2548.5633 28399606   94.87%
  59564 56163    14935.3052   220    49722.9602     2548.5633 28407031   94.87%
  59619 56644    18734.4263   236    49722.9602     2548.5633 28748006   94.87%
Elapsed time = 5536.03 sec. (2592365.16 ticks, tree = 4001.53 MB, solutions = 13)
Nodefile size = 1945.20 MB (1245.37 MB after compression)
  59682 56670    22114.0856   199    49722.9602     2548.5633 28753406   94.87%
  59755 56516    13742.5827   331    49722.9602     2548.5633 28750332   94.87%
  59836 56703     4190.7072   390    49722.9602     2548.5633 28765825   94.87%
  59912 56530    25567.6667   250    49722.9602     2548.5633 28708976   94.87%
  60011 56741    10360.7117   318    49722.9602     2548.5633 28779790   94.87%
  60148 56769    16155.5667   238    49722.9602     2548.5633 28788348   94.87%
  60248 57028    19911.9955   212    49722.9602     2548.5633 29110918   94.87%
  60352 56972    18779.0354   282    49722.9602     2548.5633 29084181   94.87%
  60478 56895     7719.7285   312    49722.9602     2548.5633 29020820   94.87%
  60670 57139    33447.3403   179    49722.9602     2548.5633 29133625   94.87%
Elapsed time = 5619.88 sec. (2630893.82 ticks, tree = 4035.10 MB, solutions = 13)
Nodefile size = 1971.90 MB (1262.80 MB after compression)
  60799 57217    13877.5561   296    49722.9602     2548.5633 29225823   94.87%
  60889 57308    16688.4569   265    49722.9602     2548.5633 29180124   94.87%
  60963 57600    25224.1976   161    49722.9602     2550.6480 29316679   94.87%
  61092 57358    10159.5674   280    49722.9602     2550.6480 29193813   94.87%
  61210 57385    15231.4721   248    49722.9602     2550.6480 29200179   94.87%
  61336 57280    23141.5914   268    49722.9602     2550.6480 29270008   94.87%
  61445 57716     7532.2404   311    49722.9602     2550.6480 29348730   94.87%
  61540 57739    12176.4139   264    49722.9602     2550.6480 29356687   94.87%
  61639 57758    16192.3896   218    49722.9602     2550.6480 29361865   94.87%
  61752 58292    38229.1618   156    49722.9602     2550.6480 29625386   94.87%
Elapsed time = 5706.45 sec. (2669438.38 ticks, tree = 4119.66 MB, solutions = 13)
Nodefile size = 2061.11 MB (1320.98 MB after compression)
  61832 58240    28870.6538   229    49722.9602     2550.6480 29593719   94.87%
  61974 58316     3082.4019   391    49722.9602     2550.6480 29632896   94.87%
  62146 58337    10276.6230   282    49722.9602     2550.6480 29638183   94.87%
  62237 58771    20856.1419   192    49722.9602     2550.6480 29772063   94.87%
  62385 58865    47316.8537   118    49722.9602     2550.6480 29892376   94.87%
  62499 58846     4162.5560   370    49722.9602     2553.7121 29790920   94.86%
  62593 58871     7478.5737   300    49722.9602     2553.7121 29795978   94.86%
  62705 59222    35046.8654   165    49722.9602     2553.7121 29984089   94.86%
  62835 58926    14064.9865   292    49722.9602     2553.7121 29917933   94.86%
  62982 59119    20106.7221   202    49722.9602     2553.7121 29990478   94.86%
Elapsed time = 5788.58 sec. (2707987.03 ticks, tree = 4168.71 MB, solutions = 13)
Nodefile size = 2108.85 MB (1352.99 MB after compression)
  63087 59132    24550.0269   209    49722.9602     2553.7121 30001528   94.86%
  63223 59531    29697.5423   156    49722.9602     2558.0935 30066632   94.86%
  63359 59821    47828.8406    77    49722.9602     2558.0935 30227113   94.86%
  63405 59713     2913.6797   460    49722.9602     2558.0935 30191546   94.86%
  63461 59719     3955.9451   397    49722.9602     2558.0935 30199278   94.86%
  63503 59827     5131.6002   473    49722.9602     2558.0935 30250498   94.86%
  63536 59838     6937.0162   389    49722.9602     2561.4023 30258513   94.85%
  63588 60050     3863.0288   441    49722.9602     2561.4023 30358315   94.85%
  63666 60387     6029.4338   375    49722.9602     2561.6531 30533102   94.85%
  63698 60288    14636.9445   334    49722.9602     2561.6531 30445646   94.85%
Elapsed time = 5866.81 sec. (2747092.43 ticks, tree = 4239.34 MB, solutions = 13)
Nodefile size = 2177.49 MB (1397.93 MB after compression)
  63732 60073     9141.2763   376    49722.9602     2561.6531 30382563   94.85%
  63762 60589    14801.6067   319    49722.9602     2561.6531 30641388   94.85%
  63800 60298    16638.2166   285    49722.9602     2561.6531 30478934   94.85%
  63846 60735    17160.7026   269    49722.9602     2562.7824 30755541   94.85%
  63884 60661    25724.9646   247    49722.9602     2562.7824 30669209   94.85%
  63941 60775     6796.2348   425    49722.9602     2562.7824 30872656   94.85%
  64005 60909    31201.9938   227    49722.9602     2562.7824 30938616   94.85%
  64071 60650    14494.9854   353    49722.9602     2562.7824 30724837   94.85%
  64117 60828     4322.5917   357    49722.9602     2562.7824 30805070   94.85%
  64193 60798     6789.5843   436    49722.9602     2562.7824 30910400   94.85%
Elapsed time = 5949.28 sec. (2785963.26 ticks, tree = 4283.28 MB, solutions = 13)
Nodefile size = 2224.55 MB (1428.27 MB after compression)
  64284 61129    12231.5145   288    49722.9602     2562.7824 31114630   94.85%
  64355 60760     7699.3905   447    49722.9602     2562.7824 30866159   94.85%
  64401 60964    17098.5717   283    49722.9602     2562.7824 31037632   94.85%
  64442 61175    18777.5718   271    49722.9602     2562.7824 31144444   94.85%
  64524 61206    29943.6458   171    49722.9602     2562.7824 31155705   94.85%
  64625 60985    22285.7673   237    49722.9602     2562.7824 31116454   94.85%
  64653 61310     4999.7234   374    49722.9602     2562.7824 31352695   94.85%
  64717 61337     8210.8004   295    49722.9602     2562.7824 31360519   94.85%
  64800 61373    13006.0061   233    49722.9602     2562.7824 31366942   94.85%
  64884 61380    22196.2952   245    49722.9602     2562.7824 31460283   94.85%
Elapsed time = 6039.14 sec. (2824626.21 ticks, tree = 4319.05 MB, solutions = 13)
Nodefile size = 2261.03 MB (1452.56 MB after compression)
  64945 61179     7287.4885   398    49722.9602     2562.7824 31317622   94.85%
  64976 61866    30221.7504   159    49722.9602     2562.7824 31777092   94.85%
  65023 61516     9276.0351   278    49722.9602     2562.7824 31541435   94.85%
  65048 61889     3713.5101   382    49722.9602     2562.7824 31783663   94.85%
  65080 61910     8208.7171   288    49722.9602     2562.7824 31789071   94.85%
  65131 61576     6360.9939   408    49722.9602     2562.7824 31625179   94.85%
  65185 61591    11531.2981   382    49722.9602     2562.7824 31698822   94.85%
  65214 61933    11902.2381   301    49722.9602     2562.7824 31812089   94.85%
  65238 62003     9326.1726   279    49722.9602     2562.7824 31950483   94.85%
  65286 62044    10832.9289   326    49722.9602     2562.7824 32001167   94.85%
Elapsed time = 6134.15 sec. (2863201.73 ticks, tree = 4357.29 MB, solutions = 13)
Nodefile size = 2299.08 MB (1477.58 MB after compression)
  65335 62059    11166.1432   379    49722.9602     2562.7824 32011237   94.85%
  65389 62071    11173.7900   351    49722.9602     2562.7824 32020853   94.85%
  65439 62073    15191.8740   324    49722.9602     2562.7824 32090336   94.85%
  65485 62241    27860.5604   170    49722.9602     2562.7824 32199562   94.85%
  65540 62122    13306.1847   365    49722.9602     2562.7824 32167714   94.85%
  65612 62102    16260.1966   282    49722.9602     2562.7824 32112492   94.85%
  65709 62610    40829.1198   150    49722.9602     2562.7824 32489247   94.85%
  65786 62443    20430.3281   246    49722.9602     2562.7824 32418428   94.85%
  65852 62389    17549.8535   280    49722.9602     2562.7824 32398761   94.85%
  65926 62411    22230.1730   243    49722.9602     2562.7824 32405962   94.85%
Elapsed time = 6220.45 sec. (2901659.75 ticks, tree = 4384.88 MB, solutions = 13)
Nodefile size = 2323.96 MB (1494.00 MB after compression)
  65996 62639    13323.3224   346    49722.9602     2562.7824 32559950   94.85%
  66060 62661    13761.9372   332    49722.9602     2562.7824 32570532   94.85%
  66134 62679    14137.2483   331    49722.9602     2562.7824 32580954   94.85%
  66200 62667    11831.0049   260    49722.9602     2562.7824 32541948   94.85%
  66276 62690    18164.5212   251    49722.9602     2566.2485 32630684   94.84%
  66370 63111    12228.8495   245    49722.9602     2566.2485 32875205   94.84%
  66455 62786     7574.7201   371    49722.9602     2566.2485 32708299   94.84%
  66587 62803     8962.9695   372    49722.9602     2566.2485 32717676   94.84%
  66645 62817    11268.8271   348    49722.9602     2566.2485 32723653   94.84%
  66760 63321     8607.1167   271    49722.9602     2566.6024 32996562   94.84%
Elapsed time = 6300.57 sec. (2940308.47 ticks, tree = 4464.79 MB, solutions = 13)
Nodefile size = 2408.13 MB (1548.32 MB after compression)
  66897 62839    11842.7879   380    49722.9602     2566.6024 32739539   94.84%
  67043 63593    12372.9830   262    49722.9602     2566.6024 33119211   94.84%
  67128 63944    18099.6581   259    49722.9602     2567.0271 33337699   94.84%
  67193 63661    27279.7675   172    49722.9602     2567.0271 33137146   94.84%
  67292 63428    32170.9755   155    49722.9602     2567.0271 33042904   94.84%
  67379 64017    34803.7017   181    49722.9602     2567.0271 33360099   94.84%
  67458 63468     4434.3752   398    49722.9602     2567.0271 33057269   94.84%
  67545 63762    11016.8252   274    49722.9602     2567.0271 33166683   94.84%
  67708 63794    18862.7960   210    49722.9602     2567.0271 33174829   94.84%
  67876 64203    13353.5232   254    49722.9602     2567.0271 33422187   94.84%
Elapsed time = 6385.35 sec. (2978880.52 ticks, tree = 4520.11 MB, solutions = 13)
Nodefile size = 2459.62 MB (1582.69 MB after compression)
  68022 64509    44476.7500   115    49722.9602     2567.0271 33563230   94.84%
  68112 64522     4101.9652   460    49722.9602     2568.0078 33635831   94.84%
  68235 64273    27074.1333   234    49722.9602     2568.0078 33449637   94.84%
  68357 64558    12475.4909   284    49722.9602     2568.0078 33648434   94.84%
  68419 64601    19133.4030   236    49722.9602     2568.0078 33656010   94.84%
  68506 64642    21681.7593   223    49722.9602     2568.0078 33666295   94.84%
  68649 64910     9079.8501   280    49722.9602     2568.0078 33821552   94.84%
  68756 64936    13779.1203   282    49722.9602     2571.5021 33831091   94.83%
  68856 65455     3462.8829   473    49722.9602     2571.5021 34040636   94.83%
  68952 65606    10445.7072   273    49722.9602     2571.5021 34111800   94.83%
Elapsed time = 6468.41 sec. (3017467.26 ticks, tree = 4598.79 MB, solutions = 13)
Nodefile size = 2542.28 MB (1637.81 MB after compression)
  69083 65255    11672.2292   388    49722.9602     2571.5021 33997083   94.83%
  69180 65038    35147.6716   158    49722.9602     2571.5021 33867858   94.83%
  69256 65669    19195.8865   189    49722.9602     2571.5021 34134763   94.83%
  69335 65038    13237.1412   383    49722.9602     2571.5021 33937899   94.83%
  69411 65716    26686.3718   209    49722.9602     2571.5021 34153689   94.83%
  69448 65747    27500.0680   201    49722.9602     2571.5021 34162193   94.83%
  69475 65831     5410.9764   407    49722.9602     2571.5021 34283876   94.83%
  69509 66030    11911.5927   431    49722.9602     2571.5021 34438051   94.83%
  69556 65667    14145.7858   357    49722.9602     2571.5021 34221485   94.83%
  69657 66467    13760.0716   246    49722.9602     2571.5021 34573961   94.83%
Elapsed time = 6566.81 sec. (3056353.09 ticks, tree = 4647.46 MB, solutions = 13)
Nodefile size = 2587.84 MB (1667.64 MB after compression)
  69765 66486    20156.0006   212    49722.9602     2571.5021 34581656   94.83%
  69873 65943    19272.6281   210    49722.9602     2571.5021 34311085   94.83%
  69956 66337    10300.8872   257    49722.9602     2571.5021 34529341   94.83%
  70032 66365    17763.1944   222    49722.9602     2571.5021 34538125   94.83%
  70109 66789    18819.2758   221    49722.9602     2571.5021 34822812   94.83%
  70216 66648    12056.6297   392    49722.9602     2571.5021 34792299   94.83%
  70332 66660    14292.4950   362    49722.9602     2571.5021 34803424   94.83%
  70453 66632     9891.8340   410    49722.9602     2571.5021 34701310   94.83%
  70515 67133    30009.1975   193    49722.9602     2571.5021 34906633   94.83%
  70594 66912     7924.3945   303    49722.9602     2571.5021 34867474   94.83%
Elapsed time = 6658.98 sec. (3094929.57 ticks, tree = 4673.75 MB, solutions = 13)
Nodefile size = 2611.33 MB (1683.16 MB after compression)
  70654 66940    11167.7802   238    49722.9602     2571.5021 34877674   94.83%
  70701 67156    11555.5444   332    49722.9602     2578.6296 35065631   94.81%
  70741 67244    10364.6861   283    49722.9602     2586.4743 35149365   94.80%
  70813 67260    14621.0068   263    49722.9602     2586.4743 35153859   94.80%
  70867 67172    11745.9039   393    49722.9602     2586.4743 35092474   94.80%
  70952 67323    18185.9232   226    49722.9602     2586.4743 35165743   94.80%
  71048 67246    16842.1471   202    49722.9602     2586.4743 35001207   94.80%
  71136 67384    32981.2634   157    49722.9602     2586.4743 35180456   94.80%
  71222 67615     4994.7988   418    49722.9602     2586.4743 35323376   94.80%
  71266 68084     9804.8683   296    49722.9602     2586.4743 35567223   94.80%
Elapsed time = 6741.97 sec. (3133418.43 ticks, tree = 4740.26 MB, solutions = 13)
Nodefile size = 2683.98 MB (1731.31 MB after compression)
  71318 68108    13092.2537   240    49722.9602     2586.4743 35581813   94.80%
  71402 67847    14115.5589   296    49722.9602     2586.4743 35467191   94.80%
  71499 68165    13116.3582   324    49722.9602     2586.4743 35617028   94.80%
  71610 67870    15989.5800   328    49722.9602     2586.4743 35486070   94.80%
  71696 67875    15905.9665   319    49722.9602     2586.4743 35497336   94.80%
  71771 68237    22658.5053   251    49722.9602     2586.4743 35643137   94.80%
  71863 68260    16218.2901   304    49722.9602     2586.4743 35725797   94.80%
  71920 68183    20432.0044   299    49722.9602     2586.4743 35698439   94.80%
  71991 68282    20369.5795   261    49722.9602     2586.4743 35742643   94.80%
  72102 68312    24130.0727   239    49722.9602     2586.4743 35749431   94.80%
Elapsed time = 6833.77 sec. (3171813.93 ticks, tree = 4756.46 MB, solutions = 13)
Nodefile size = 2693.78 MB (1737.95 MB after compression)
  72201 68484    28840.5699   202    49722.9602     2587.6550 35850967   94.80%
  72341 68680     7522.4705   293    49722.9602     2587.6550 36016098   94.80%
  72503 68702    10035.7943   306    49722.9602     2587.6550 36022863   94.80%
  72660 68918    15693.3260   239    49722.9602     2587.6550 36138354   94.80%
  72778 69000    27809.4050   177    49722.9602     2587.6550 36189507   94.80%
  72878 68962    25369.5447   190    49722.9602     2589.4881 36152435   94.79%
  72977 69513    27800.1270   186    49722.9602     2591.8453 36367279   94.79%
  73053 69609     9969.4305   323    49722.9602     2591.8453 36428007   94.79%
  73117 69025    11680.2954   291    49722.9602     2591.8453 36173560   94.79%
  73208 69673    13567.1175   281    49722.9602     2591.8453 36443170   94.79%
Elapsed time = 6919.29 sec. (3210340.80 ticks, tree = 4849.17 MB, solutions = 13)
Nodefile size = 2789.51 MB (1802.33 MB after compression)
  73284 69401     5478.6587   403    49722.9602     2591.8453 36352640   94.79%
  73343 69563     8446.2690   334    49722.9602     2591.8453 36397405   94.79%
  73397 69579    11434.4719   318    49722.9602     2591.8453 36402489   94.79%
  73506 69857    19276.0861   218    49722.9602     2591.8453 36516825   94.79%
  73616 69889    22261.1632   201    49722.9602     2592.3541 36527729   94.79%
  73718 69976    38472.2340   169    49722.9602     2592.3541 36642376   94.79%
  73815 70298    31905.6740   217    49722.9602     2592.3541 36794599   94.79%
  73935 70323    37763.9305   191    49722.9602     2592.3541 36800808   94.79%
  74067 70044    12653.5673   246    49722.9602     2592.3541 36664711   94.79%
  74207 70203    13404.5692   263    49722.9602     2592.3541 36714688   94.79%
Elapsed time = 7008.97 sec. (3248655.90 ticks, tree = 4892.82 MB, solutions = 13)
Nodefile size = 2825.64 MB (1823.49 MB after compression)
  74342 70484    12192.3643   274    49722.9602     2593.5603 36909571   94.78%
  74476 70968    30754.8731   153    49722.9602     2593.5603 37114636   94.78%
  74637 70701    37730.5600   145    49722.9602     2593.6577 36986259   94.78%
  74749 70898    28657.1581   186    49722.9602     2593.6577 37051635   94.78%
  74887 70939    40004.4728   161    49722.9602     2593.6577 37059080   94.78%
  74992 71395     8560.2202   319    49722.9602     2593.6577 37237009   94.78%
  75160 70785    15555.7853   229    49722.9602     2593.6577 37010864   94.78%
  75323 71000    11754.2844   258    49722.9602     2593.6577 37081534   94.78%
  75501 71030    17315.5646   216    49722.9602     2593.6577 37090601   94.78%
  75668 71745     3811.6100   453    49722.9602     2593.6577 37356634   94.78%
Elapsed time = 7093.20 sec. (3286956.55 ticks, tree = 4988.00 MB, solutions = 13)
Nodefile size = 2928.52 MB (1890.18 MB after compression)
  75755 71258     9409.7114   430    49722.9602     2593.6577 37233696   94.78%
  75823 71579    32259.2058   214    49722.9602     2593.6577 37340868   94.78%
  75875 72235    10966.7291   367    49722.9602     2593.6577 37534966   94.78%
  75935 71632    38013.8456   187    49722.9602     2593.6577 37357184   94.78%
  75986 71768    11045.9347   448    49722.9602     2593.9654 37397802   94.78%
  76041 72387     4939.4271   483    49722.9602     2596.2063 37602361   94.78%
  76112 72283    15457.5125   280    49722.9602     2596.2063 37580456   94.78%
  76182 72294    17688.0355   281    49722.9602     2600.4675 37593226   94.77%
  76270 72823    10946.1604   369    49722.9602     2600.4675 37867851   94.77%
  76347 72416    10658.0641   355    49722.9602     2600.4675 37640645   94.77%
Elapsed time = 7181.41 sec. (3325654.53 ticks, tree = 5029.48 MB, solutions = 13)
Nodefile size = 2971.21 MB (1918.13 MB after compression)
  76441 72857    17333.3185   278    49722.9602     2600.4675 37891584   94.77%
  76504 72956    34841.2580   184    49722.9602     2600.4675 37957929   94.77%
  76576 72912    29617.5169   192    49722.9602     2601.7847 37909515   94.77%
  76641 72994    13127.0783   308    49722.9602     2601.7847 38027142   94.77%
  76714 73149    18702.2471   326    49722.9602     2601.7847 38171855   94.77%
  76813 73046    31321.8878   143    49722.9602     2601.7847 38050362   94.77%
  76892 73200    11624.6432   343    49722.9602     2601.7847 38249766   94.77%
  76922 73100     6786.3859   330    49722.9602     2601.7847 38065157   94.77%
  76982 73207    11904.5147   351    49722.9602     2601.7847 38268121   94.77%
  77019 73688    12332.6403   254    49722.9602     2604.9912 38422025   94.76%
Elapsed time = 7278.27 sec. (3364617.87 ticks, tree = 5108.30 MB, solutions = 13)
Nodefile size = 3052.45 MB (1970.31 MB after compression)
  77117 73230    31692.2435   223    49722.9602     2604.9912 38226369   94.76%
  77196 73228    13065.9699   309    49722.9602     2604.9912 38290505   94.76%
  77246 73907    13134.4532   335    49722.9602     2605.2886 38606437   94.76%
  77320 73936    17352.5343   314    49722.9602     2605.2886 38618731   94.76%
  77383 73937    16802.4961   241    49722.9602     2605.2886 38679129   94.76%
  77456 73812    32363.8897   174    49722.9602     2605.2886 38463473   94.76%
  77593 74002    33510.8348   195    49722.9602     2605.2886 38763661   94.76%
  77712 74007     7649.5158   293    49722.9602     2605.2886 38700937   94.76%
  77835 74129     7057.4829   304    49722.9602     2605.2886 38808626   94.76%
  77917 73819     9546.1498   310    49722.9602     2608.8857 38536278   94.75%
Elapsed time = 7368.39 sec. (3403012.65 ticks, tree = 5117.92 MB, solutions = 13)
Nodefile size = 3056.04 MB (1972.80 MB after compression)
  78050 74058     7896.5639   334    49722.9602     2608.8857 38791208   94.75%
  78139 74244    18279.7866   239    49722.9602     2610.1950 38881243   94.75%
  78226 74462    15985.6835   373    49722.9602     2610.6623 39033483   94.75%
  78307 74855    20821.7552   204    49722.9602     2610.6623 39145670   94.75%
  78358 74334     3946.6604   387    49722.9602     2610.6623 38907603   94.75%
  78414 74413    16502.5306   356    49722.9602     2610.6623 38994284   94.75%
  78492 74411    14671.2078   254    49722.9602     2610.6623 38925269   94.75%
  78576 74936    30948.3908   163    49722.9602     2610.6623 39179436   94.75%
  78627 74961    35868.0835   175    49722.9602     2610.6623 39189152   94.75%
  78695 75128    28081.1639   173    49722.9602     2610.6623 39283586   94.75%
Elapsed time = 7461.22 sec. (3442298.58 ticks, tree = 5198.48 MB, solutions = 13)
Nodefile size = 3138.54 MB (2025.69 MB after compression)
  78773 75175    27964.3239   226    49722.9602     2610.6623 39372163   94.75%
  78877 74932    15072.5163   273    49722.9602     2610.6623 39252575   94.75%
  78984 75238     9723.9048   357    49722.9602     2610.6623 39505320   94.75%
  79051 75244    25472.5414   233    49722.9602     2610.6623 39466083   94.75%
  79137 75254    10537.5168   325    49722.9602     2610.6623 39525836   94.75%
  79233 75243     3208.1271   342    49722.9602     2610.6623 39392643   94.75%
  79347 75544    27913.9637   192    49722.9602     2610.6623 39618461   94.75%
  79471 75876    11835.4439   308    49722.9602     2610.6623 39846184   94.75%
  79613 75879     5529.8763   345    49722.9602     2610.9862 39783755   94.75%
  79753 75646    11988.7333   241    49722.9602     2610.9862 39670097   94.75%
Elapsed time = 7549.48 sec. (3480734.36 ticks, tree = 5246.54 MB, solutions = 13)
Nodefile size = 3185.34 MB (2057.22 MB after compression)
  79886 75916    14865.5132   337    49722.9602     2610.9862 39876829   94.75%
  79985 75974    18137.5165   253    49722.9602     2610.9862 39810447   94.75%
  80135 76115    11673.4827   301    49722.9602     2610.9862 39934731   94.75%
  80314 76158    12214.4371   283    49722.9602     2610.9862 39942051   94.75%
  80471 75978    25105.9147   258    49722.9602     2610.9862 39910701   94.75%
  80555 76211    18140.6992   243    49722.9602     2610.9862 39956804   94.75%
  80703 76657    12683.2747   285    49722.9602     2610.9862 40129446   94.75%
  80852 76704    14188.2950   251    49722.9602     2610.9862 40139915   94.75%
  80984 76746    14960.8552   258    49722.9602     2614.0070 40149401   94.74%
  81065 77125     2906.2219   514    49722.9602     2614.0070 40355466   94.74%
Elapsed time = 7631.27 sec. (3519073.80 ticks, tree = 5349.30 MB, solutions = 13)
Nodefile size = 3291.89 MB (2128.63 MB after compression)
  81164 77411    35254.1169   159    49722.9602     2614.0070 40413109   94.74%
  81213 76532     4936.4388   368    49722.9602     2614.0070 40101791   94.74%
  81316 76878    15878.2403   241    49722.9602     2614.0070 40237810   94.74%
  81417 77901    17140.6141   256    49722.9602     2622.8596 40590406   94.73%
  81570 77601    22259.8909   237    49722.9602     2622.8596 40481777   94.73%
  81751 77486    11306.4495   264    49722.9602     2622.8596 40445293   94.73%
  81908 77820    15308.0708   223    49722.9602     2622.8596 40558654   94.73%
  82048 77855    25587.4097   181    49722.9602     2622.8596 40568015   94.73%
  82131 78200    22540.1079   253    49722.9602     2622.8596 40782710   94.73%
  82229 78241    28290.7554   210    49722.9602     2622.8596 40795454   94.73%
Elapsed time = 7715.25 sec. (3557900.57 ticks, tree = 5404.99 MB, solutions = 13)
Nodefile size = 3346.52 MB (2164.75 MB after compression)
  82343 78412     4700.9363   361    49722.9602     2622.8596 40843391   94.73%
  82443 78258    18616.7483   239    49722.9602     2622.8596 40716830   94.73%
  82574 78554     6805.4245   360    49722.9602     2622.8596 40917657   94.73%
  82680 78054    11273.1661   346    49722.9602     2622.8596 40780263   94.73%
  82792 78750     5242.7954   433    49722.9602     2622.8596 41002649   94.73%
  82871 78554    34180.2266   213    49722.9602     2622.8596 40885160   94.73%
  82953 78784     8544.5421   314    49722.9602     2622.8596 41017395   94.73%
  83035 78632    17738.6051   294    49722.9602     2622.8596 40968320   94.73%
  83097 79099    15049.8491   297    49722.9602     2622.8596 41171401   94.73%
  83166 79120    18345.3637   289    49722.9602     2622.8596 41182397   94.73%
Elapsed time = 7810.88 sec. (3596526.47 ticks, tree = 5446.83 MB, solutions = 13)
Nodefile size = 3385.83 MB (2190.60 MB after compression)
  83221 79145    26148.3091   209    49722.9602     2622.8596 41191943   94.73%
  83287 79353     9649.8929   282    49722.9602     2622.8596 41229374   94.73%
  83365 79625    18623.8268   244    49722.9602     2622.8596 41341234   94.73%
  83428 79877     3202.3325   480    49722.9602     2623.6625 41563041   94.72%
  83502 79709    14885.0445   238    49722.9602     2623.6625 41415711   94.72%
  83583 79894     3648.8289   367    49722.9602     2623.6625 41567507   94.72%
  83637 79734    18465.6254   282    49722.9602     2623.6625 41437765   94.72%
  83721 79685    24863.2122   218    49722.9602     2623.6625 41384193   94.72%
  83799 80086    46817.9920   139    49722.9602     2623.6625 41673822   94.72%
  83928 80208     6290.5537   351    49722.9602     2623.6625 41733205   94.72%
Elapsed time = 7910.07 sec. (3635123.35 ticks, tree = 5511.90 MB, solutions = 13)
Nodefile size = 3454.54 MB (2230.65 MB after compression)
  84049 80333    12490.2582   256    49722.9602     2623.6625 41801947   94.72%
  84206 80513    25512.7297   174    49722.9602     2623.6625 41892077   94.72%
  84367 80308    24119.5771   174    49722.9602     2623.6625 41754838   94.72%
  84509 80370    44509.1730   124    49722.9602     2623.6625 41765607   94.72%
  84603 80484    23872.1432   191    49722.9602     2623.6625 41893073   94.72%
  84781 80428     4956.0862   325    49722.9602     2623.6625 41778535   94.72%
  84890 80759    10176.6142   297    49722.9602     2623.6625 42055718   94.72%
  85059 80758    38459.6877   157    49722.9602     2627.7473 41949679   94.72%
  85203 81088    21668.3928   166    49722.9602     2627.7473 42127567   94.72%
  85306 80908    29749.7172   198    49722.9602     2627.7473 42087637   94.72%
Elapsed time = 8005.58 sec. (3673544.41 ticks, tree = 5554.53 MB, solutions = 13)
Nodefile size = 3492.95 MB (2255.15 MB after compression)
  85379 80926     3143.9309   389    49722.9602     2627.7473 42097510   94.72%
  85444 81638    27246.1176   209    49722.9602     2627.7473 42334930   94.72%
  85531 81665    38863.2890   155    49722.9602     2627.7473 42343217   94.72%
  85657 81001    12994.2964   242    49722.9602     2627.7473 42115929   94.72%
  85775 81235    15655.5291   253    49722.9602     2630.4923 42185616   94.71%
  85862 82245    21247.2589   178    49722.9602     2630.4923 42650154   94.71%
  85976 81960    30274.9803   182    49722.9602     2630.4923 42519347   94.71%
  86098 81839    30765.5925   163    49722.9602     2630.4923 42391380   94.71%
  86222 81876     3702.0989   418    49722.9602     2630.4923 42400495   94.71%
  86720 82075    12569.0126   266    49722.9602     2630.4923 42554138   94.71%
Elapsed time = 8123.70 sec. (3723682.27 ticks, tree = 5613.16 MB, solutions = 13)
Nodefile size = 3547.02 MB (2289.91 MB after compression)
  86998 83231     7488.8169   346    49722.9602     2630.4923 43120513   94.71%
  87301 82901     4013.1464   375    49722.9602     2630.4923 43014358   94.71%
  87634 83801    18963.9221   326    49722.9602     2630.7319 43523317   94.71%
  87988 84015     5976.5778   331    49722.9602     2634.2380 43617173   94.70%
